Finished processed request ['7ef2f0f9-6792-4b02-a55b-62d93422fcf1'] at 1710063422.488941
Finished processed request ['c1a63740-5b9c-4734-ae01-d215a194b171'] at 1710063422.4920967
Finished processed request ['c6974deb-07d3-4676-8106-a879ce97c081'] at 1710063422.495087
Finished processed request ['07e74922-3287-4ecc-95a2-9462cd1601e9'] at 1710063422.5049183
Finished processed request ['118d13d6-cde0-4f70-bb62-2b3cc00254aa'] at 1710063422.5251892
Finished processed request ['8e8a709a-ea3e-4d30-94c5-d028045dca1b'] at 1710063422.5454943
Finished processed request ['d37164d3-3ef1-4b51-a339-a51c75f9521d'] at 1710063422.5657735
Finished processed request ['469f1b40-7797-49d4-a1cc-ffc91a008415'] at 1710063422.586708
Finished processed request ['7730cd27-47cb-4783-81b9-be36bd5e0adf'] at 1710063422.6078064
Finished processed request ['b175a2c7-e4f7-4ccf-9c14-534b5d1385d0'] at 1710063422.6285632
Finished processed request ['996ae2d2-5a1f-454a-b66c-7d836eec63fa'] at 1710063422.64927
Finished processed request ['1b32f4b7-ac6d-434e-ac4b-769b4911128b'] at 1710063422.6699405
Finished processed request ['6acc5e48-5d71-4fbe-835a-5739db9dedc4'] at 1710063422.6906834
Finished processed request ['e9cebf4c-05cb-4387-ba6a-42c77adc9a8d'] at 1710063422.7114923
Finished processed request ['ef3b8d91-ebc0-4946-9954-584b4123bf64'] at 1710063422.7323787
Finished processed request ['0dc07da7-e1a8-4b2b-9ac5-2339983e344f'] at 1710063422.7529948
Finished processed request ['09db6ccb-fb42-4944-998c-c55302539c2f'] at 1710063422.7737584
Finished processed request ['a5ba4df2-71bb-4d24-9066-ff3d68c00635'] at 1710063422.7945733
Finished processed request ['077810a9-bc4a-492e-bd83-f3a11a61fae9'] at 1710063422.8159323
Finished processed request ['b16ca6e7-a619-4866-96a0-6392ad5dac74'] at 1710063422.8358939
Finished processed request ['a094a815-4b87-4c50-823f-e96297663f10'] at 1710063422.857128
Finished processed request ['b2c9768e-426d-41cd-a084-da6e289000fd'] at 1710063422.8778906
Finished processed request ['1e54f8a9-03ef-4257-87e1-9572d4670b57'] at 1710063422.8986475
Finished processed request ['25a4e0fb-c076-4ac5-9184-352d989e8cbe'] at 1710063422.920786
Finished processed request ['528d4800-3bdf-4770-aa8c-40a0592fe69d'] at 1710063422.9409359
Finished processed request ['5007d062-357b-4bb3-8b24-6deb41ed59eb'] at 1710063422.9609227
Finished processed request ['efe36431-06f9-4346-a140-c974ae78db9c'] at 1710063422.9814947
Finished processed request ['314bdd49-384e-403f-83a6-da0a77223170'] at 1710063423.001657
Finished processed request ['91d37824-7d2c-4981-9631-9cd1b60bd3dd'] at 1710063423.02271
Finished processed request ['4854a42e-c4ac-40c6-96cb-e827ff96a1be'] at 1710063423.0441234
Finished processed request ['0219f92b-5b28-42bc-a4fc-1974c892e0b1'] at 1710063423.064897
Finished processed request ['53ac1a8d-b442-4336-8880-7c29034a14c9'] at 1710063423.0861704
Finished processed request ['a55047d6-0142-45b9-a27b-ae3bdbd4a439'] at 1710063423.1068861
Finished processed request ['386a1c89-a7dc-4c12-b909-541f0276d2e5'] at 1710063423.127764
Finished processed request ['6d18c0c9-2b8c-44a5-8917-2fbbc0517f2a'] at 1710063423.1486762
Finished processed request ['58b9b3d8-c257-4661-b60a-cd178603f4fb'] at 1710063423.169381
Finished processed request ['902f202b-5dc0-4d07-b4ca-193954d3ac6a'] at 1710063423.190089
Finished processed request ['e70cc6b7-4863-47b1-b4a7-b7daa8dca03c'] at 1710063423.2109797
Finished processed request ['dc8b2195-dbf0-43c7-9ce7-9a95dccdd459'] at 1710063423.231862
Finished processed request ['d60c97fa-cb2a-453a-89cf-cc4c4ed5ce16'] at 1710063423.2529407
Finished processed request ['057822fc-6003-4796-8da9-6437f1bf600c'] at 1710063423.274177
Finished processed request ['246e9b2a-3ba3-40f3-adc0-7f495d8f2ffe'] at 1710063423.294269
Finished processed request ['87c5ad1b-4891-4cbb-b5e3-f18e0a6dd6b3'] at 1710063423.3152745
Finished processed request ['1d0994ab-e6a5-4db4-a93d-8c5de796fac7'] at 1710063423.3366172
Finished processed request ['0b38d5f8-33df-4cf5-a1ec-d6c5d09f6746'] at 1710063423.357426
Finished processed request ['4b9126b0-3702-45c8-b9bd-d3432f5803fc'] at 1710063423.3781896
Finished processed request ['f48fe7c2-e24a-4d52-b96d-474e2f16b099'] at 1710063423.3990357
Finished processed request ['ea6cb0ed-d25f-4f4d-a3e5-ee4801410705'] at 1710063423.4199471
Finished processed request ['0ba97da2-236f-4bed-a052-4f59f6f636bb'] at 1710063423.4408793
Finished processed request ['af5af203-f1c9-4711-b542-5d1c6a14660b'] at 1710063423.4618235
Finished processed request ['76434d6c-ae09-4b78-aab2-cc80ec402acb'] at 1710063423.4827166
Finished processed request ['a0eeacad-adb2-4910-947f-3e1963df5e35'] at 1710063423.50351
Finished processed request ['25b9b588-4ad0-4b94-89fe-b1d3f2dfce7f'] at 1710063423.5243878
Finished processed request ['95eadd08-c30f-46d0-a253-df2cbb784126'] at 1710063423.5452797
Finished processed request ['6286704b-af70-43bd-abc8-e189ccd171b9'] at 1710063423.566072
Finished processed request ['d61631f8-9fdb-41e9-93b5-680a783f2213'] at 1710063423.586866
Finished processed request ['df0ba786-fbe6-4eac-b393-69e6d4f46c0a'] at 1710063423.607571
Finished processed request ['3ba9fd00-8ef3-407d-aab0-07c645384ed3'] at 1710063423.628481
Finished processed request ['de29bc19-0b29-4041-b5bf-89bf3a7cc792'] at 1710063423.6494634
Finished processed request ['715077f7-a173-4805-ad40-27bb10e190f5'] at 1710063423.6699746
Finished processed request ['8061abbd-be81-45b6-a79c-897c97eb5fe7'] at 1710063423.6906464
Finished processed request ['02cd9cbd-ec84-4a63-8cca-6c29cb84a0fc'] at 1710063423.7117074
Finished processed request ['8155fcf5-d64b-4ba4-ab1c-d6e8687cbf07'] at 1710063423.7325459
Finished processed request ['5f640419-ed39-4e6f-b6c8-323f55b9f568'] at 1710063423.7534094
Finished processed request ['133269c5-aa75-47b7-a40b-baf549069b9c'] at 1710063423.774392
Finished processed request ['2be4ecbd-84ce-44e9-ad57-77f17cb5d319'] at 1710063423.795175
Finished processed request ['f2ae0728-3165-4d77-8d68-2ac13ddc42a9'] at 1710063423.8160815
Finished processed request ['7c6e7f4f-09bf-4d7e-86ab-7cb943b7a8e6'] at 1710063423.8369446
Finished processed request ['a0126412-9460-4b99-8f3c-4cdd121c1615'] at 1710063423.8580058
Finished processed request ['31e7e995-4d12-4d48-814c-38ff1277865c'] at 1710063423.8789046
Finished processed request ['bfe0ad34-715a-4b59-a585-6853824136fe'] at 1710063423.8997645
Finished processed request ['9e389849-3482-452a-9009-55497401f911'] at 1710063423.9206643
Finished processed request ['46f0eeb1-2a6a-471b-ae77-afb5b3b6708e'] at 1710063423.941584
Finished processed request ['5395a79f-24b5-45ea-8058-c874703d7598'] at 1710063423.962476
Finished processed request ['9d4f9a27-e470-40d4-bc5c-38caa8dff234'] at 1710063423.9829543
Finished processed request ['85a9848d-5717-4ac8-b3ad-7f790163a29b'] at 1710063424.0039573
Finished processed request ['235490cb-422b-4bf0-b7fa-1bc2f5b0c718'] at 1710063424.0248172
Finished processed request ['7a3ffe9e-9b57-4122-b0f1-999df3df7d0e'] at 1710063424.0455449
Finished processed request ['99696396-2c46-43b4-8bb6-94bd481b12d8'] at 1710063424.0664053
Finished processed request ['29369b0a-2136-4263-8348-4e7fe302515d'] at 1710063424.0873253
Finished processed request ['b39854a6-a3e4-4dd2-b812-e0946cd83fde'] at 1710063424.1081913
Finished processed request ['f6933cda-6b95-47f7-8d12-0347e6547f6f'] at 1710063424.1297743
Finished processed request ['8e29ca4e-3fa1-4a20-ad2c-c0e3d2be5796'] at 1710063424.1496775
Finished processed request ['9c4c269a-06ed-461e-94f1-d1a56bbb9fd5'] at 1710063424.1705825
Finished processed request ['d532017b-7128-4f09-91cf-3b3afb0e0399'] at 1710063424.1914244
Finished processed request ['04806d02-4951-46a1-acdf-866fc5c76fc9'] at 1710063424.2122965
Finished processed request ['23ed1b9a-7fe0-4972-a904-4738b93301ee'] at 1710063424.2330678
Finished processed request ['f25fac9e-b7e2-4424-9786-d56cc2fb1d25'] at 1710063424.2536373
Finished processed request ['3c225528-1aed-4348-8546-a4d8b99b8f5c'] at 1710063424.2743936
Finished processed request ['ee6c6193-90d3-4469-b687-2c9e8d651797'] at 1710063424.295323
Finished processed request ['f839d0c2-9f86-4888-bf26-c2083419f060'] at 1710063424.3162057
Finished processed request ['1dbe9db2-6f6e-4e83-bc85-7b9802262bc3'] at 1710063424.3369749
Finished processed request ['91da2570-60ee-430d-9061-729b4939745d'] at 1710063424.3576705
Finished processed request ['046f3fb0-5b09-442d-866b-431e20857abc'] at 1710063424.3782568
Finished processed request ['aa33698e-353d-4b9f-8d05-a71ef56969da'] at 1710063424.3990235
Finished processed request ['10c6639e-5433-4daf-aac6-9dbe66b50111'] at 1710063424.4198964
Finished processed request ['b614c822-89a2-427e-8fd6-cc01d1d559f3'] at 1710063424.4407492
Finished processed request ['ce69b57e-f488-45b1-87f0-fab2e6bb9d4b'] at 1710063424.461385
Finished processed request ['d7fa0373-17d1-4a9a-a5b5-095925b45412'] at 1710063424.482247
Finished processed request ['512bb6f7-4b72-42ac-a664-94e03da6ead3'] at 1710063424.502912
Finished processed request ['a72d8f7c-8abb-4eea-b478-d020b8ea80c4'] at 1710063424.5238585
Finished processed request ['2e34b019-f125-494f-9935-a42cb12a2d8b'] at 1710063424.5446706
Finished processed request ['87ae0c07-f69c-46d8-8e39-b07220d1081b'] at 1710063424.5651965
Finished processed request ['c03d6906-bc69-4a37-9dfc-55f55586d718'] at 1710063424.5858326
Finished processed request ['2a57e2ff-284a-486a-a571-2b5f6bc5a2a5'] at 1710063424.6064231
Finished processed request ['01cc24bb-ff06-4b77-b1bb-d53fdb32df66'] at 1710063424.6273315
Finished processed request ['0de38b23-7830-4d7b-ba43-771843f21d09'] at 1710063424.648365
Finished processed request ['701c48dd-5854-4063-98f6-516c91152c3c'] at 1710063424.6690247
Finished processed request ['d01aa3b1-dfa1-4380-bd8b-075cb24158fc'] at 1710063424.6896632
Finished processed request ['69bc1711-92e3-4918-b852-55d872b4803e'] at 1710063424.7103083
Finished processed request ['f798bffc-a09f-47e6-9f76-61193cb15171'] at 1710063424.7310076
Finished processed request ['da74924d-fef3-4a82-a65b-77e3ab48daeb'] at 1710063424.7516725
Finished processed request ['ca823867-f13c-4e17-be71-f010eaa31a7d'] at 1710063424.7723427
Finished processed request ['a9f6d124-a2f4-4eae-ad79-53d3d35c414c'] at 1710063424.7929451
Finished processed request ['3a06441d-81eb-4ad3-905c-952d732a7ac0'] at 1710063424.8137195
Finished processed request ['15aa3328-f2a2-400d-8269-b5ca462b6791'] at 1710063424.8343792
Finished processed request ['40c7cedd-0314-431e-9195-9dd6fb816190'] at 1710063424.8554537
Finished processed request ['23bab270-9c1c-4d6b-aa17-a44c6bfec009'] at 1710063424.876524
Finished processed request ['de8c4899-5c9a-4d55-8181-1197e4c441b7'] at 1710063424.8964534
Finished processed request ['6e12cbca-f044-44b1-9400-c3dde94902f4'] at 1710063424.917259
Finished processed request ['ddddc70b-8259-4053-a4ee-708c13eb26d4'] at 1710063424.9379401
Finished processed request ['8be1adc8-f9fc-4662-95bb-27105a60d924'] at 1710063424.9586954
Finished processed request ['d3bff2c8-25b2-4ab9-bf1d-d50e5a725ac4'] at 1710063424.979323
Finished processed request ['10f4f7d0-f8ac-407c-a386-d35e7bbd45a6'] at 1710063425.0002348
Finished processed request ['e74cd2e0-de37-4cc9-9ce5-c7b1dfc5aef3'] at 1710063425.020935
Finished processed request ['1479dad9-998e-43fb-b4cf-6c4d9b65a034'] at 1710063425.0416107
Finished processed request ['cee2e2d5-00ba-432f-8256-860b66d4dd8e'] at 1710063425.062515
Finished processed request ['f685239d-d4aa-454c-a43c-535c0cf5c403'] at 1710063425.0833735
Finished processed request ['47aa4256-ceae-42c4-a2bf-f8a45a833f42'] at 1710063425.104178
Finished processed request ['db8b2870-4bea-4eb2-876d-2a17f05e5073'] at 1710063425.124917
Finished processed request ['90c7c223-71f9-4191-8130-95e80501a310'] at 1710063425.1456256
Finished processed request ['f7ce1253-5703-476b-b520-ed53cde1bc37'] at 1710063425.166508
Finished processed request ['49cf79d6-7726-4038-bd00-06eae6689ebe'] at 1710063425.187186
Finished processed request ['b971ab3d-92ab-4c99-b1de-e5b6fefb241a'] at 1710063425.2085297
Finished processed request ['3125bf30-998e-438b-9ac0-03299ebc943a'] at 1710063425.2296603
Finished processed request ['0339cad4-b45a-4985-9dfa-1bdbf28219de'] at 1710063425.2493618
Finished processed request ['d6bddfe8-e299-4296-a396-da988fe1998b'] at 1710063425.2702374
Finished processed request ['1b16d147-b700-4fd8-adb4-06d045abb949'] at 1710063425.2911072
Finished processed request ['71463cf8-eca5-4050-90af-27b0a381a8c0'] at 1710063425.3119218
Finished processed request ['fc366d9d-b793-4a55-ba9f-31ec8a302429'] at 1710063425.3328784
Finished processed request ['06a42ada-a49e-470d-ac04-b5fce07a6dda'] at 1710063425.3535385
Finished processed request ['bd93d65a-f36b-49e2-b061-26df0828b986'] at 1710063425.3743565
Finished processed request ['f8a51a59-1226-47e7-b39b-15fde4106067'] at 1710063425.3952136
Finished processed request ['43f669d0-90f2-4e62-8cee-47c91c9ee5f8'] at 1710063425.4159997
Finished processed request ['16c6d72c-6218-400a-a3ab-cda466d74922'] at 1710063425.4366808
Finished processed request ['d8834380-e15f-4c10-bcbc-49c32e0fb05f'] at 1710063425.457432
Finished processed request ['07832dd2-d96e-4eb3-a45d-80d909459c92'] at 1710063425.478379
Finished processed request ['21703968-34b5-4d75-bb92-761a3b15b4f9'] at 1710063425.4992144
Finished processed request ['55088565-1814-4d46-b0c7-1df5a3f2aa3d'] at 1710063425.520047
Finished processed request ['1845bf7f-2255-4e0a-86d0-634fd7159134'] at 1710063425.5408626
Finished processed request ['5e1c263f-d377-4a4e-8664-459abf61f96e'] at 1710063425.561758
Finished processed request ['7aed1e5c-1e1b-44a8-a5e6-d1b173e554d2'] at 1710063425.5827196
Finished processed request ['090228fa-9073-4640-8e0a-6ee47e869dce'] at 1710063425.6034145
Finished processed request ['96bd3791-30bb-4a03-98e1-effa9c9fb1ef'] at 1710063425.6242888
Finished processed request ['d9572d90-5e03-4ed6-9165-24c67edfde6c'] at 1710063425.6450524
Finished processed request ['977246ac-9dc2-4b26-9fcc-69cd8555414a'] at 1710063425.6657383
Finished processed request ['2568bc8e-34fd-4ef5-a1a5-eeec1c10f3dd'] at 1710063425.6863177
Finished processed request ['f727702c-c459-447a-a249-bebe0d306ae2'] at 1710063425.7069683
Finished processed request ['52c25cc7-b590-4e9b-a9f6-086cf05ddf90'] at 1710063425.728042
Finished processed request ['b9c49029-a421-4e11-8d88-c018fb6f0b3b'] at 1710063425.748739
Finished processed request ['dd14855e-4b50-47ca-a03a-458d8f30fe6a'] at 1710063425.7696762
Finished processed request ['9b919081-99f0-4990-91e3-5d9c1336db37'] at 1710063425.7904649
Finished processed request ['0e97a65c-602e-4e0c-9301-ad83f1520b0b'] at 1710063425.811572
Finished processed request ['b199674e-131c-44df-ad07-0c066193035b'] at 1710063425.832526
Finished processed request ['b781a160-e585-47f4-8b76-90398334a5e2'] at 1710063425.8532372
Finished processed request ['7fb1d356-230b-4f70-b3de-845cc66a52db'] at 1710063425.873923
Finished processed request ['27cf7bf6-75a5-45a9-8ce1-6b35aea40eeb'] at 1710063425.8946612
Finished processed request ['9e30a4eb-9759-49d2-99fa-95066352d890'] at 1710063425.9160273
Finished processed request ['578acfb4-1ce2-468a-850a-3c3f5096104f'] at 1710063425.936439
Finished processed request ['cad0d5f1-a6bd-47a3-bf24-b6fe020bbf17'] at 1710063425.957434
Finished processed request ['9f9ff7ab-731d-4ef0-ad76-5e1061362b16'] at 1710063425.9782727
Finished processed request ['c879602c-4b54-4952-b3b0-e9cda3744ba9'] at 1710063425.9990547
Finished processed request ['0a2865e8-c4cc-4931-b7c7-722863bbc8db'] at 1710063426.021597
Finished processed request ['0b507883-04ca-4f7c-90dc-89e8edfa0bc4'] at 1710063426.0405407
Finished processed request ['2a1d4cda-7b1b-4fea-a095-6c41f9801dce'] at 1710063426.0614545
Finished processed request ['2ad9f97c-7345-43d3-bed8-c72598e6c697'] at 1710063426.0823135
Finished processed request ['a7bf8646-05f8-4782-b103-d0ccd802e1f7'] at 1710063426.1031694
Finished processed request ['9f1f5915-669c-40b8-9cf8-cbcca6f85083'] at 1710063426.1242933
Finished processed request ['ee48742f-d19f-4b31-b223-e19e406943d5'] at 1710063426.1448684
Finished processed request ['d8e61917-c9c1-4125-a654-96d337b3ac43'] at 1710063426.1656384
Finished processed request ['d4aae2d4-1578-4fd9-ac3f-8bc8e5c77cf9'] at 1710063426.1865711
Finished processed request ['835d5013-1d54-4a29-8df8-1e8adbbf7d74'] at 1710063426.2076855
Finished processed request ['b3fac68c-a8a7-4d4d-b653-84b51146d8fe'] at 1710063426.228684
Finished processed request ['ba9f1bb8-ba4d-4aa3-a2e1-d2054c725945'] at 1710063426.2494764
Finished processed request ['b1bac61c-d0d8-494d-9138-45dfe096344a'] at 1710063426.2702038
Finished processed request ['2d66016a-851e-4bce-aa92-a7c57e30d64a'] at 1710063426.291284
Finished processed request ['a4f72ff9-27fb-4201-b50d-307118021472'] at 1710063426.3120358
Finished processed request ['e679e5a1-a244-4230-a957-0f13b6e69ea3'] at 1710063426.3330142
Finished processed request ['ad0ca29b-36b3-4ad8-92a7-3b2a5be55901'] at 1710063426.3537285
Finished processed request ['54bfeabc-cd23-4292-bbd1-938421998b9b'] at 1710063426.3743775
Finished processed request ['b3281c37-8588-46db-a765-8085a60a5a62'] at 1710063426.3953464
Finished processed request ['c55bbd47-7084-4157-b4e4-19f791fa5288'] at 1710063426.4164138
Finished processed request ['ceac16d4-8621-41e5-820c-946dc951b07b'] at 1710063426.4374607
Finished processed request ['69879e75-7f70-4d98-b36b-9c64e8a7167b'] at 1710063426.4583895
Finished processed request ['05c0e546-87ee-4a1d-bfc2-807d189eaff1'] at 1710063426.4791708
Finished processed request ['f3130035-4288-4f9c-a104-dec4485b44c8'] at 1710063426.4999206
Finished processed request ['764bf6b9-231e-4971-a8e4-c89671a81907'] at 1710063426.5210304
Finished processed request ['5761cb59-cee8-4de8-ba36-857894c273df'] at 1710063426.5418923
Finished processed request ['868aceea-6fa6-429e-b48b-9012f9180a4f'] at 1710063426.5629282
Finished processed request ['7ab9c103-6c19-419b-8f68-28f9cc6ab5ed'] at 1710063426.5833135
Finished processed request ['16a6c052-2c52-437f-9068-894359135475'] at 1710063426.604068
Finished processed request ['e2cce6db-742d-44a9-8989-a85036c57908'] at 1710063426.6247013
Finished processed request ['f5b14ab2-89ad-4c1b-90bb-655edcdad697'] at 1710063426.6453056
Finished processed request ['d2e55a85-98b0-4106-890b-c807eac983c1'] at 1710063426.6659696
Finished processed request ['38765984-d313-451b-959f-dd219aa545e6'] at 1710063426.686869
Finished processed request ['694a7da4-ac9c-4881-9ac7-9f961efb8bd3'] at 1710063426.7075438
Finished processed request ['3cbb2537-c59f-4ed9-ac2c-ae69d8b9fea2'] at 1710063426.728369
Finished processed request ['1273c30f-ad46-47d2-bf87-714e44272fe4'] at 1710063426.7491815
Finished processed request ['a6c86429-52c9-44c2-a3d3-a13ec74f590a'] at 1710063426.7700238
Finished processed request ['c6cbf7a0-8965-4216-912b-0a36b36d5645'] at 1710063426.7906954
Finished processed request ['d19e1ce5-07db-459e-99e6-9bb2aeba2e8d'] at 1710063426.8114648
Finished processed request ['b0875ac3-7333-41eb-bea9-dba4c5753dbd'] at 1710063426.8322854
Finished processed request ['a0935bba-da4d-4724-ad9c-67db800ae199'] at 1710063426.8529768
Finished processed request ['84c533bb-6620-4139-b8cd-80be18871b47'] at 1710063426.8737178
Finished processed request ['60b5264f-213f-41bf-ab0c-e9dbcb376cbb'] at 1710063426.8944967
Finished processed request ['017a5a0b-4211-46a4-b483-c9546000de97'] at 1710063426.915322
Finished processed request ['4f8bafd4-e9e3-43b3-8a0d-2b2d8073c7d3'] at 1710063426.9362233
Finished processed request ['bcd3b596-75d7-4fae-a8eb-f641d758d6b9'] at 1710063426.9568503
Finished processed request ['e55a69ce-f1bb-4d6e-9a5a-88514bd28d88'] at 1710063426.977545
Finished processed request ['d8a58d78-08f3-4a1d-afe7-6a37581933ad'] at 1710063426.9982588
Finished processed request ['87bd9d72-bb57-491a-94c9-f81254282362'] at 1710063427.0190144
Finished processed request ['2fa7b966-847d-48c5-943c-4164e6de656f'] at 1710063427.0398045
Finished processed request ['4a4d9378-2370-42ab-8a05-f46dbfab0e06'] at 1710063427.0605552
Finished processed request ['52bb12f2-a756-46b9-93bc-2fad3264efaf'] at 1710063427.0813043
Finished processed request ['feee3ebf-65f6-4bbf-99a9-0b061e36c3f9'] at 1710063427.1020508
Finished processed request ['5bd31eb0-7156-47d3-91f4-f8eebeb6faee'] at 1710063427.1229131
Finished processed request ['d6241f70-4535-4f14-9ff9-c0c370adf72e'] at 1710063427.143644
Finished processed request ['c78379e9-f0e3-4534-9db4-52c88b5d1b28'] at 1710063427.1644213
Finished processed request ['2172c6f9-9fc6-46bf-91ab-9d253c3f579a'] at 1710063427.1852
Finished processed request ['aa380143-4d87-4544-b9f0-0b62abb63e9e'] at 1710063427.2058623
Finished processed request ['5403771f-7319-4af0-b06c-c4bb74ea0b29'] at 1710063427.226484
Finished processed request ['4bd6122c-4ca5-4277-a4da-7f24d4e1e993'] at 1710063427.2472394
Finished processed request ['3db2782f-7a3a-4c53-bdfb-5459161a778c'] at 1710063427.268091
Finished processed request ['e5fad1b3-f456-41f3-9018-5d8d7a22d04c'] at 1710063427.2889895
Finished processed request ['4ed35d92-c87b-40bb-920a-f474d8067317'] at 1710063427.309707
Finished processed request ['7f8b5a4f-fbdf-468e-9a01-756d5ef87a4f'] at 1710063427.3303988
Finished processed request ['cbfe1a2a-22fb-4a0e-8a63-4824e1649234'] at 1710063427.3511376
Finished processed request ['c6c74a94-3ac5-4a97-92b3-d13340483d1b'] at 1710063427.3718715
Finished processed request ['599cb8ad-cc3c-41b5-8898-c1bb9a064faf'] at 1710063427.3924122
Finished processed request ['12949014-d6ec-49b0-a015-096d65fa5117'] at 1710063427.4130406
Finished processed request ['f099112f-d05f-4e50-9aac-5640f9049f77'] at 1710063427.433689
Finished processed request ['03d343aa-3aab-46cb-8926-11dfb6810165'] at 1710063427.4545894
Finished processed request ['96fcd18f-e688-4558-8289-6c20e9f0f54f'] at 1710063427.475458
Finished processed request ['c84921d8-2c85-4011-a34a-427c9ce25a76'] at 1710063427.4962308
Finished processed request ['81f9e4c5-ce60-4ec3-aee3-665f041e84cf'] at 1710063427.516874
Finished processed request ['c93a2ed2-4e43-449c-b217-886ddd7af7c2'] at 1710063427.5376048
Finished processed request ['7d0106dc-cbee-4144-b18b-4da044c5d374'] at 1710063427.5583575
Finished processed request ['0536a4f3-6ebd-4794-8841-f5d4c09cfe67'] at 1710063427.5791192
Finished processed request ['e0b12bdf-d13c-4fa6-bff9-2c2eab9ff803'] at 1710063427.599987
Finished processed request ['539ea79e-55d2-4525-9eb4-c506af1c0b84'] at 1710063427.620749
Finished processed request ['03b0c8e5-9f58-416c-9810-f71bfe3d5fc5'] at 1710063427.6413581
Finished processed request ['b86607b6-ec39-47dd-9195-c8f00fb8df6d'] at 1710063427.6620314
Finished processed request ['c1cbb8c3-1858-4c9c-a57a-bad5e2c7a204'] at 1710063427.6831744
Finished processed request ['d93c1aef-056c-4463-a04e-b8c54dc3071c'] at 1710063427.704079
Finished processed request ['aa1fb776-0c20-45e5-913a-abd77326976d'] at 1710063427.7248046
Finished processed request ['df62d9d8-a7dd-40b3-a348-25abbc458a8e'] at 1710063427.74546
Finished processed request ['45bd4480-745d-4967-85b6-608df71f710b'] at 1710063427.766137
Finished processed request ['2d0fe152-8fd4-4cc6-a6b2-2caa3e2ace97'] at 1710063427.7869947
Finished processed request ['9c66aacc-63f6-431b-bd07-85d286b059fe'] at 1710063427.8076375
Finished processed request ['a55a11b1-2ac3-44ab-8161-0ee8f4be30c9'] at 1710063427.8282747
Finished processed request ['56f9d4ba-af50-48cf-b8f6-587ad5691c07'] at 1710063427.849166
Finished processed request ['65cd75ee-ccd7-4fca-a10f-6e355d224282'] at 1710063427.8699384
Finished processed request ['e60a2e0b-ed36-444a-9d2f-d7abf7332c33'] at 1710063427.89058
Finished processed request ['53a0a1cd-9acc-44ef-88d7-dc2c5bad4c9b'] at 1710063427.9122996
Finished processed request ['74a7d07a-d041-4bad-9131-a795d0838dda'] at 1710063427.9320827
Finished processed request ['0f7450a4-101d-414d-9070-06881be8f773'] at 1710063427.9529274
Finished processed request ['7860e316-392a-439e-8c6a-cc6000390b21'] at 1710063427.973514
Finished processed request ['0d030e53-49ef-4b86-ae6c-53842203ec09'] at 1710063427.9942071
Finished processed request ['343e9ed3-401d-4e59-a28d-baec0e2d1d4a'] at 1710063428.0150602
Finished processed request ['08fe686d-212f-41d5-b7e6-593ccd3fcdb8'] at 1710063428.0355852
Finished processed request ['4bc8992c-b81d-43aa-8db2-78188b438303'] at 1710063428.0565777
Finished processed request ['047782d3-0e1e-4f52-a163-82cae9825302'] at 1710063428.077552
Finished processed request ['eb392c4f-26ab-4b1a-8d96-8a165e6c35fc'] at 1710063428.0984006
Finished processed request ['4566f47f-4c8b-44b2-b28e-cbd5909013c4'] at 1710063428.119457
Finished processed request ['051113f2-8cba-4224-b8be-53ca0626dc70'] at 1710063428.1395063
Finished processed request ['592b06bb-0a5f-4a47-b567-42f34f54cd39'] at 1710063428.1605616
Finished processed request ['7da9a75c-d6cd-4765-a9dd-634bcef1441d'] at 1710063428.1812835
Finished processed request ['52528061-0618-45cc-ae61-2ded1ebb1eb3'] at 1710063428.2020304
Finished processed request ['94e8097c-5169-4a7c-8c4b-4b530f83c2f9'] at 1710063428.2227688
Finished processed request ['b1caf4b0-b26f-4b5a-a887-d626235affe4'] at 1710063428.244483
Finished processed request ['5a04f3cb-4a49-48c5-bc7e-3108f67400fe'] at 1710063428.2645142
Finished processed request ['935da48e-7a13-43d9-ab94-4fa993fb39b0'] at 1710063428.2852302
Finished processed request ['14f4aeb2-710a-4204-a996-78df5e4c1a08'] at 1710063428.3059342
Finished processed request ['d41767b5-b01c-44d0-9470-e1d12b500e0c'] at 1710063428.3266785
Finished processed request ['00faf8b6-cae0-4e7a-9a81-be14db12c747'] at 1710063428.3473828
Finished processed request ['abecdda1-e18d-4f38-a947-c488cae06169'] at 1710063428.3681643
Finished processed request ['135cd88c-40ed-46dc-9c48-003cb96ff01b'] at 1710063428.3888447
Finished processed request ['f47f22f3-a943-4a60-8946-fe2e03ca666d'] at 1710063428.4096222
Finished processed request ['37971e77-a8e7-473e-978b-e2e9f310a0e7'] at 1710063428.430309
Finished processed request ['654bb882-343b-43af-b810-0fa6c27cefce'] at 1710063428.4512165
Finished processed request ['d769b01e-9357-488c-8d43-a68c1283d611'] at 1710063428.4723024
Finished processed request ['fd5bc808-95b1-4f59-8cbc-7e51c1ff0cad'] at 1710063428.4928045
Finished processed request ['1b091de9-4f5f-4c76-961c-cddf8c673fa5'] at 1710063428.5135083
Finished processed request ['83ffe179-b6a9-4c4f-8abd-445627663f4d'] at 1710063428.534437
Finished processed request ['936da625-1b2d-4604-8fe0-4aa3a23304f1'] at 1710063428.5553682
Finished processed request ['6fe21117-f698-459b-8691-9e9c6b650597'] at 1710063428.5761425
Finished processed request ['c4424d56-4cf7-4129-ab3c-069197dfa203'] at 1710063428.5969427
Finished processed request ['8bfd193b-236b-4e87-baf4-e5367cd5f0cf'] at 1710063428.617683
Finished processed request ['89896a8a-189b-447b-8ce1-9327e8d81208'] at 1710063428.6386116
Finished processed request ['37b4a224-536c-4b3b-9659-7e5ce1487931'] at 1710063428.6593223
Finished processed request ['1807674f-23d4-44cd-9a47-7477dac19cc0'] at 1710063428.6803224
Finished processed request ['e0b7db84-b24a-4ae1-9a3c-b386461f35c2'] at 1710063428.701066
Finished processed request ['c8fec3ef-042b-46f2-bef0-36c024f293c0'] at 1710063428.721739
Finished processed request ['9c0abc38-6b75-4253-bec0-ecdaf5144046'] at 1710063428.742456
Finished processed request ['93427b1f-f95c-40f0-a092-f5d864ea88a6'] at 1710063428.7631762
Finished processed request ['d327548a-fcb2-474d-8861-9400d59b16bf'] at 1710063428.7838943
Finished processed request ['2f63bf04-1783-409c-9f11-de22e0901161'] at 1710063428.8047094
Finished processed request ['6895a06a-629a-4b4c-83f1-5b6bd80594b8'] at 1710063428.8254702
Finished processed request ['0040917c-2239-4d46-a16f-468d264297f1'] at 1710063428.8462396
Finished processed request ['6155cf21-ce82-4e26-a525-d08e60de0dd3'] at 1710063428.8671396
Finished processed request ['059bcc00-8bab-4ef0-b206-aaab0fbabcf2'] at 1710063428.8880312
Finished processed request ['aeb38ffc-0fee-46bc-b492-9444a8b0e999'] at 1710063428.9091318
Finished processed request ['6ac29230-5962-4ffd-a72b-2f5dd038eb21'] at 1710063428.9299314
Finished processed request ['43332b51-c8ac-4486-880e-4594fee83864'] at 1710063428.9509377
Finished processed request ['0854b587-2321-4086-9ab9-83473db5d3bb'] at 1710063428.9717216
Finished processed request ['b3c077fd-6893-4a53-b833-66dbb5d10702'] at 1710063428.9925897
Finished processed request ['fd10ecc1-7472-49a5-87c7-758b5cf85260'] at 1710063429.0135329
Finished processed request ['3f58dd4b-f61b-4470-ab73-9768cae7b8cc'] at 1710063429.0343726
Finished processed request ['19922488-bd4b-4859-a45e-3d77e23d5362'] at 1710063429.055366
Finished processed request ['5f111832-2a49-4006-8628-56e99e1083de'] at 1710063429.0761812
Finished processed request ['e92a1438-90b4-416a-8537-a2bb371ed755'] at 1710063429.0970955
Finished processed request ['0b5419fd-df27-4b4e-a790-ca37dbe2b60d'] at 1710063429.1179085
Finished processed request ['a0eadb94-b10a-4df5-9a03-16ec0ef1e671'] at 1710063429.1386943
Finished processed request ['09b76a8f-1867-4668-b5f2-1d98a7a41d66'] at 1710063429.159612
Finished processed request ['dffb0b09-d25c-4b4c-be65-b45286aca0c9'] at 1710063429.180377
Finished processed request ['ffee9794-f048-4d90-9114-3c15d75c951a'] at 1710063429.2011929
Finished processed request ['589de37f-7f3e-4bc2-b693-7fc1e928f003'] at 1710063429.2218938
Finished processed request ['1a0f645e-8954-4f1a-8d56-62b08c391405'] at 1710063429.2426822
Finished processed request ['73c6c3fc-4d7f-4ca3-9486-8a2c764218e6'] at 1710063429.2636123
Finished processed request ['0627bdaf-69f4-4aa6-ad37-6575359fd2a8'] at 1710063429.2844405
Finished processed request ['3c94c39e-b6dc-4d06-a776-1ab52d40a763'] at 1710063429.3052394
Finished processed request ['c22e00cd-920e-4c33-b330-304f6160323d'] at 1710063429.325907
Finished processed request ['e686e66a-15aa-4106-9bcb-eeffcdbc4316'] at 1710063429.3466423
Finished processed request ['4140b392-1e8b-47c4-abaf-013dcc96ce0f'] at 1710063429.367646
Finished processed request ['19f133ad-eb65-4e23-b092-609e3b29b400'] at 1710063429.3885832
Finished processed request ['bf1e4d8d-9d74-44b9-bd61-b0781b21805a'] at 1710063429.4093046
Finished processed request ['7ad75c21-2684-4677-ac92-e66a8ac52c11'] at 1710063429.4301648
Finished processed request ['51a05f0a-c53d-41d0-988f-2e04c9667177'] at 1710063429.4507854
Finished processed request ['0b05506c-0e5e-411d-bbe6-4cac796582f7'] at 1710063429.4717817
Finished processed request ['391d4def-f46e-4a0d-a972-63a35dafc9a3'] at 1710063429.4924483
Finished processed request ['1580f9f9-7854-4072-b1c4-488404e577d4'] at 1710063429.5131505
Finished processed request ['e168b59c-83eb-4b3a-b1e3-56b8e28e3b3c'] at 1710063429.5340285
Finished processed request ['c9dc2d26-759a-459f-b5a5-be1f2d68e4ec'] at 1710063429.5546913
Finished processed request ['18f8cd1c-a1e5-49a8-8696-546cec4eb777'] at 1710063429.5755386
Finished processed request ['567092c9-3aea-4b3d-bb19-a2fe07f9d2eb'] at 1710063429.596453
Finished processed request ['6c1957ab-9c08-4d83-8f6c-3bf63a1b952d'] at 1710063429.61711
Finished processed request ['eaee3af5-1e95-49bb-9b61-044a3a825fba'] at 1710063429.6377544
Finished processed request ['7e85218f-5f2e-4499-8c53-c3b12f20cbf3'] at 1710063429.6585956
Finished processed request ['600e1ff0-bf7f-4cf8-96d3-79c68fb67e9c'] at 1710063429.6793942
Finished processed request ['68be5b1d-2ef9-40cb-bace-ee5ec1108407'] at 1710063429.7003582
Finished processed request ['efd7a4c4-2e0c-47ee-8883-4fb547d401ad'] at 1710063429.7210138
Finished processed request ['d303672b-8345-4e4d-8be9-e0576e77bba9'] at 1710063429.7416306
Finished processed request ['48e19b14-8aa2-45bd-b372-dbe12f45491e'] at 1710063429.7623982
Finished processed request ['6914426b-be85-4896-a05f-f1c906d57eab'] at 1710063429.783084
Finished processed request ['aa8032e1-b30e-4068-a5b8-b10d8728c4f2'] at 1710063429.8041463
Finished processed request ['0145e3c8-3367-4f2b-9a2f-6b8419e1e1ee'] at 1710063429.8249252
Finished processed request ['b8123ec8-38de-4e89-8cd5-17189edbfaaf'] at 1710063429.8456984
Finished processed request ['1427f468-add8-47bc-89bd-98a855aa1790'] at 1710063429.8663125
Finished processed request ['3fc068cc-2ffb-470e-9e0d-158924ef808f'] at 1710063429.8871012
Finished processed request ['7374d5db-38d9-46b0-bbe7-02daedbe22cf'] at 1710063429.907803
Finished processed request ['bfa0a300-e3bd-40e5-8520-8e72005299ce'] at 1710063429.9285593
Finished processed request ['21868541-776c-4f5b-ad2d-b08fbb25b00d'] at 1710063429.949351
Finished processed request ['04fe7dc5-2407-4c1d-87c4-24bca15e421b'] at 1710063429.971237
Finished processed request ['2699adfd-94cc-474f-a78b-9f65c723a54e'] at 1710063429.991262
Finished processed request ['ba17ad3b-0cbe-4ce8-8859-e128e9c087db'] at 1710063430.0122705
Finished processed request ['02fbc4da-c9d1-43f8-8947-239cd8dc0cdd'] at 1710063430.033291
Finished processed request ['178e6ded-2ec6-4808-be7a-1a84a8d5bf71'] at 1710063430.0541022
Finished processed request ['f1236eae-b209-4add-a8a7-69f269dd3524'] at 1710063430.0751095
Finished processed request ['4a38d5c2-5f19-4422-8762-939c586abd4b'] at 1710063430.0957263
Finished processed request ['3a5f20ab-0783-45ae-8ad0-68eb500744de'] at 1710063430.1166997
Finished processed request ['eb158fd0-b721-4644-bf53-7e8483814e32'] at 1710063430.1375048
Finished processed request ['2f0f84f6-4032-490b-b0be-eefd38849107'] at 1710063430.1583254
Finished processed request ['9fdd57d8-b9a9-4138-b75d-abb997fb8d58'] at 1710063430.1792374
Finished processed request ['c33f36c4-f2e5-4e37-a989-409dc2fe1f00'] at 1710063430.2002413
Finished processed request ['b97a627b-6006-497e-87c6-9bc5d53d3b9f'] at 1710063430.2209938
Finished processed request ['96c17156-3466-40fe-8f86-e58fe4e9eb15'] at 1710063430.2417634
Finished processed request ['a2bfcf50-b567-49a0-bda8-51e95177713c'] at 1710063430.2625334
Finished processed request ['95ce07e8-657b-4f34-a96f-b08f8bcfe85f'] at 1710063430.2833958
Finished processed request ['8894368d-fceb-43ba-a163-c15a07dbcbf9'] at 1710063430.304595
Finished processed request ['a4413576-5b9c-4e80-ba9b-23c9e02b14e8'] at 1710063430.325247
Finished processed request ['fd3da6ad-5c2d-4c19-b4ef-20a5783a3129'] at 1710063430.345994
Finished processed request ['8ebaac85-25cf-4623-9f0b-7aa94cc57f7d'] at 1710063430.3668787
Finished processed request ['31bf4f39-9dbe-4abb-a33c-ef18a6a99164'] at 1710063430.3877616
Finished processed request ['4134bce3-2d71-41ed-bad2-c42ea0694a64'] at 1710063430.4086204
Finished processed request ['a485b68b-c1b5-490a-a41a-5876babafff4'] at 1710063430.4293804
Finished processed request ['888636d1-43c8-49b1-812f-bf459597d97c'] at 1710063430.4501162
Finished processed request ['cfff4262-797e-4fb9-bd4f-a60a460e1d29'] at 1710063430.4711554
Finished processed request ['1dfd28d1-49ab-4fdf-b64f-8aca3618726f'] at 1710063430.4916575
Finished processed request ['52e40ea8-54b4-48d3-b141-011c8aead5e9'] at 1710063430.5124886
Finished processed request ['ea580fa2-136c-42f1-bdfd-1707c51f6911'] at 1710063430.5335834
Finished processed request ['44db6e20-be89-4f72-ba06-1c0f61c5a4cf'] at 1710063430.5563192
Finished processed request ['48be241c-ab61-48b2-b407-39ae9537ea8d'] at 1710063430.5756655
Finished processed request ['210599a4-bb3e-44b7-8f5d-e4bd2051f612'] at 1710063430.5970948
Finished processed request ['859d58b6-674b-4be2-a0dd-8b6b51c73286'] at 1710063430.6171687
Finished processed request ['10a51b31-9179-4663-a806-e1ce133c528d'] at 1710063430.6383224
Finished processed request ['808b2c51-dd97-458a-9892-219c9610b264'] at 1710063430.6593113
Finished processed request ['7c39b2b8-569e-424b-b991-48a13dba619c'] at 1710063430.6804729
Finished processed request ['d4e88e73-4fa0-4be0-a77a-1de58f43ff93'] at 1710063430.7015104
Finished processed request ['57c8175a-b9c7-418f-be01-36738be678a5'] at 1710063430.7224386
Finished processed request ['714ccc61-397b-49a9-932d-33ede408a852'] at 1710063430.7433708
Finished processed request ['ec5777a5-873e-4aa8-a351-8f4509138c6f'] at 1710063430.764479
Finished processed request ['450f8465-0565-49d6-bce5-3253db79a5cf'] at 1710063430.7852693
Finished processed request ['8feba291-ab36-4967-941c-99dee38779f7'] at 1710063430.8060606
Finished processed request ['870dbaf3-9e52-4d7b-ba3a-4cd30de19de4'] at 1710063430.8272114
Finished processed request ['18927712-d3e2-4100-91be-10a039f1d2a9'] at 1710063430.84829
Finished processed request ['46540a13-9032-4be7-ac45-e336733bc468'] at 1710063430.8693426
Finished processed request ['2905b81e-d7b7-4890-af83-68fdc0804f8a'] at 1710063430.89028
Finished processed request ['0cc6548a-ef60-409b-8a1a-4b0d330ebb61'] at 1710063430.9112952
Finished processed request ['5c2e9abd-8b5f-4f70-8772-2c060d8c088d'] at 1710063430.9322946
Finished processed request ['6f5278d7-f449-44fd-9227-e67fe50ec01d'] at 1710063430.9540591
Finished processed request ['dc94e3a5-5b6d-4408-ad41-ec577fdbe35b'] at 1710063430.9742405
Finished processed request ['3e065b93-7d43-4d7b-a8c5-6440a338d9e6'] at 1710063430.9942186
Finished processed request ['38c68e3f-3999-43be-b380-969a8a1262e4'] at 1710063431.015269
Finished processed request ['a9e717a6-1274-4cd9-9928-751df7b4ad55'] at 1710063431.03643
Finished processed request ['25bc91e7-fca6-4cb5-84c7-ba0da5311b10'] at 1710063431.0572817
Finished processed request ['cf11919d-9226-48de-881d-a5597ad10769'] at 1710063431.078158
Finished processed request ['22a4790a-51ef-4b96-b86e-4ff405e3704b'] at 1710063431.098944
Finished processed request ['0e6fad56-92b8-4c23-bf8d-12da17d92b9d'] at 1710063431.1199436
Finished processed request ['77156b42-b71c-494f-8bee-0201d14aa94b'] at 1710063431.1409004
Finished processed request ['64ae8410-cf01-4b13-94b5-a2a9b71bcb4a'] at 1710063431.1618507
Finished processed request ['1046e246-2aec-43bb-a503-28b74be6d6e8'] at 1710063431.182842
Finished processed request ['6fed3899-c9fa-4106-a5c4-174fc5b53ab0'] at 1710063431.2038813
Finished processed request ['b509b7cb-398e-4595-adfe-a3e8cd94e2f4'] at 1710063431.224926
Finished processed request ['8cd927ad-6959-438a-b9ac-f6783dd2584e'] at 1710063431.2458348
Finished processed request ['68adf065-b027-4236-884d-d58f93b8a37d'] at 1710063431.2666717
Finished processed request ['8a52bae0-551a-45a6-9efe-8ab4bf29ea3c'] at 1710063431.2875197
Finished processed request ['2ae28ea9-0dc5-48a5-b832-ad7b8f5a0381'] at 1710063431.30854
Finished processed request ['22be4120-2f3b-4a2e-8e98-639ed2d6db77'] at 1710063431.3292608
Finished processed request ['ede8d842-f081-4cb5-b70e-ae2c143f476e'] at 1710063431.3502543
Finished processed request ['5c8a475e-ba5c-4b4b-9592-4f7f63e9bb0d'] at 1710063431.371246
Finished processed request ['ff9c0073-82e1-4ca8-a6f6-89eda0d6827c'] at 1710063431.392227
Finished processed request ['2ca86926-f809-4c46-ab3f-44d9ca2dfa1e'] at 1710063431.4131413
Finished processed request ['98953ce4-eedb-4d38-b312-1ad5bead2a5a'] at 1710063431.4339213
Finished processed request ['655448d9-8d48-44c7-b1f2-27a601bc5094'] at 1710063431.4550593
Finished processed request ['56c82237-a575-46cd-b19f-67318a797c1d'] at 1710063431.4760423
Finished processed request ['b7837749-f026-4979-9918-b86feed0d981'] at 1710063431.496868
Finished processed request ['479baf7d-3975-44ed-a911-1f3edf50db98'] at 1710063431.5175295
Finished processed request ['bbf50d74-a348-4d33-9129-6b1c53323639'] at 1710063431.5385246
Finished processed request ['1cf92528-c435-4551-bb82-8d61ec328d39'] at 1710063431.5594554
Finished processed request ['29a48196-9603-4784-812c-b11194647620'] at 1710063431.5803587
Finished processed request ['8363665d-0a53-428a-8b40-70625451e277'] at 1710063431.6011233
Finished processed request ['27bf9072-4375-4da1-81ba-9bc70ec51cad'] at 1710063431.6219623
Finished processed request ['5cbf9084-9935-413f-a046-1c644d865e59'] at 1710063431.6428213
Finished processed request ['6e3d166e-ed6c-4ec7-b85e-05ca60d9e8a7'] at 1710063431.6637528
Finished processed request ['5713b0c3-93c3-401c-b99a-e28901b24577'] at 1710063431.6848104
Finished processed request ['d46c225f-5359-4d4e-994c-4c2ab689819e'] at 1710063431.7055748
Finished processed request ['75372d47-dcbb-41f8-81b9-6fb47512718b'] at 1710063431.726298
Finished processed request ['603fe25d-e608-4a10-83b3-115c60fc08b4'] at 1710063431.7472339
Finished processed request ['dd950e9d-33ff-4912-82d3-887e3692e43c'] at 1710063431.7683003
Finished processed request ['91a1c06c-5298-4cdd-84fc-c83e8af22a50'] at 1710063431.7893965
Finished processed request ['f7eea4f9-2e0c-4fbe-bf5e-734262268020'] at 1710063431.8104799
Finished processed request ['006e75ee-2ff1-433f-98a1-88189aac5b3c'] at 1710063431.8307667
Finished processed request ['23789d1d-c87e-4fdf-b6ea-4c3e64ea760f'] at 1710063431.8516846
Finished processed request ['b3d35761-89d4-4c17-8700-f43d089dea44'] at 1710063431.8725793
Finished processed request ['92e12bcb-8636-4cfc-97fe-2e6c90b499c7'] at 1710063431.8933184
Finished processed request ['b14c7a50-065e-4988-82b7-90ea3d3c1880'] at 1710063431.9140646
Finished processed request ['553a8950-404f-41df-b959-6b37b4fdf263'] at 1710063431.9347608
Finished processed request ['7fd15920-e286-4d26-8b09-3e478124c80f'] at 1710063431.9555278
Finished processed request ['ff79574e-513d-4ba2-834a-736ed2273133'] at 1710063431.976297
Finished processed request ['96a072bf-285c-4c96-a519-24c5b7457788'] at 1710063431.9970796
Finished processed request ['9a9d7312-d803-4cb5-99cb-ab04e7ecb2f3'] at 1710063432.0178576
Finished processed request ['75f88b5d-c31c-4724-926a-f419da927b3e'] at 1710063432.0384796
Finished processed request ['e1cb42b5-4c39-4af6-ab4d-a94ba2fb3160'] at 1710063432.0595064
Finished processed request ['a329a82a-4e17-4c4e-bb47-f6592930c934'] at 1710063432.0805078
Finished processed request ['037a362e-eb66-4274-a360-8a769b554624'] at 1710063432.101168
Finished processed request ['505bf571-f1db-48e5-a181-f05f50df6368'] at 1710063432.1218786
Finished processed request ['a409c12e-c410-41f5-9d61-1586fe47e52a'] at 1710063432.142719
Finished processed request ['ce954156-daf0-4362-a2b2-099a71326a7a'] at 1710063432.1646802
Finished processed request ['71a04ff0-3661-4da5-bbe7-19bdcad764f1'] at 1710063432.1846988
Finished processed request ['26a49281-e71b-4472-9dda-933ccafc9773'] at 1710063432.2053447
Finished processed request ['0b2513dc-d021-4c5a-8e14-8d36b360df00'] at 1710063432.2263753
Finished processed request ['7f007294-56d3-4de3-88b2-56c10040e55f'] at 1710063432.2471573
Finished processed request ['9e3e3b02-82a1-4c02-9aea-c32012f2ce6d'] at 1710063432.2681603
Finished processed request ['78a535d6-a652-4ff7-a390-345eb86b6dcc'] at 1710063432.2889585
Finished processed request ['d11fc3ec-adf3-4c2d-bd1f-ba8d7044cbaf'] at 1710063432.3096366
Finished processed request ['29a0a05a-1b30-4d0c-95f5-2565f6db36fa'] at 1710063432.3304415
Finished processed request ['885a6031-abed-4c86-856f-b19554118fa0'] at 1710063432.35128
Finished processed request ['add4195e-dcf9-439c-b0ae-f03a02afd024'] at 1710063432.3720667
Finished processed request ['6e47885b-ea9e-435c-96b2-3a99bf309214'] at 1710063432.392881
Finished processed request ['1bfc2dfb-63b3-4572-90d2-58ad8547d131'] at 1710063432.4136033
Finished processed request ['814faf1d-61e3-4a11-91fe-58a738a20548'] at 1710063432.4343114
Finished processed request ['3d60261c-bec4-4085-8a4f-8229e696ec3a'] at 1710063432.454997
Finished processed request ['853233c8-eae5-42f5-b41f-d9120f51b2d9'] at 1710063432.4758794
Finished processed request ['869e6ce6-b86d-4cac-af21-f24918799b16'] at 1710063432.4967985
Finished processed request ['c7e8d493-c5a2-4d40-8081-a4570b39301f'] at 1710063432.5174804
Finished processed request ['5b5ffd00-1af6-47a1-841f-d7982b09265f'] at 1710063432.5383196
Finished processed request ['70fb22cf-3573-4756-a61e-707a9a5aee4f'] at 1710063432.5590744
Finished processed request ['a9154bbd-8720-46b3-a0d0-402675d71a9f'] at 1710063432.57991
Finished processed request ['6fcefac5-abd5-43e4-b77a-78cd4b373325'] at 1710063432.6005716
Finished processed request ['13c81d56-fc8a-47e6-8feb-fc8937364eb6'] at 1710063432.6214206
Finished processed request ['25483343-3640-48f3-a0f9-050b5a654973'] at 1710063432.6423635
Finished processed request ['dc564144-6596-4600-8f83-b476e725c26f'] at 1710063432.6631079
Finished processed request ['e65782f2-16ca-45a7-9b3c-4789669d1fd4'] at 1710063432.6839213
Finished processed request ['99308180-6267-448e-ad76-56bab44df1ae'] at 1710063432.704902
Finished processed request ['f24f3a50-caae-4c96-b815-d97b13575d77'] at 1710063432.7255304
Finished processed request ['4a461c8c-5d8c-4d8b-87d2-b24cabb8b66e'] at 1710063432.746316
Finished processed request ['9fc59899-e85f-4494-94d9-34efdefbcc45'] at 1710063432.7667308
Finished processed request ['65f651b6-dcc6-43c4-a6ec-f8746608722b'] at 1710063432.787638
Finished processed request ['eba4dd32-da6e-4528-a214-05a3440df483'] at 1710063432.8086329
Finished processed request ['fa2e87bf-efd8-4d62-88ca-1dcbb1d56a73'] at 1710063432.8296251
Finished processed request ['4123cdf7-272b-4338-8acf-a9069e0cc85c'] at 1710063432.8505268
Finished processed request ['a445aebd-132f-487b-a97f-f541215dd5b5'] at 1710063432.8712652
Finished processed request ['2daa3fa4-199d-42c2-bd40-1181c9fbe3a0'] at 1710063432.8921883
Finished processed request ['0f23d74c-30fa-4692-aa35-6c650e59ffd9'] at 1710063432.9129581
Finished processed request ['79ac08ea-651d-42dd-9251-c5c1f0b2b1e1'] at 1710063432.9337199
Finished processed request ['dbf2a726-185b-49e7-b7bf-2485d1a8baf2'] at 1710063432.9543066
Finished processed request ['08f0c5ee-c5c2-45f9-8423-04ff3119005b'] at 1710063432.9752705
Finished processed request ['094654f8-c0a3-47e2-825f-34948037a8bb'] at 1710063432.9962268
Finished processed request ['b5fd0e92-14cb-4ad7-97c0-5bf37ba46ebd'] at 1710063433.0169456
Finished processed request ['8e6e07ca-da7c-4586-8745-d30b77b41a70'] at 1710063433.037653
Finished processed request ['6e7498cb-cab0-4923-9da3-1d0ef5e1ae29'] at 1710063433.0587723
Finished processed request ['ce90639c-363c-4429-85d5-b7b6d0db7b28'] at 1710063433.079056
Finished processed request ['fa4c81e5-9761-4974-9961-4e02f4fb04e8'] at 1710063433.0996435
Finished processed request ['3c3d1bd2-a515-4295-ad4f-3019116c2eec'] at 1710063433.120464
Finished processed request ['51e9683a-c25c-464c-b891-895fd4c82593'] at 1710063433.1410394
Finished processed request ['e7a0334d-e4e5-4589-ab39-3b02796b0f6e'] at 1710063433.1619778
Finished processed request ['a5e01497-a52f-4471-8991-be1d42cd728c'] at 1710063433.1824455
Finished processed request ['fd2d4da9-9b34-40c3-a502-e2cf0144bb8d'] at 1710063433.2035148
Finished processed request ['ad2a45cc-60ec-4012-8d09-b3073a221d8f'] at 1710063433.2242188
Finished processed request ['dbd5ae5f-ffcd-4ba5-a82a-e3ba610112e1'] at 1710063433.2448783
Finished processed request ['20562a9a-0ea2-483a-8102-e840a2bc146e'] at 1710063433.265602
Finished processed request ['ee2c1518-cf98-4359-86fe-0f2157de7dc5'] at 1710063433.2862542
Finished processed request ['3f3d03cd-30e5-45d3-8b6d-687a70fe0efc'] at 1710063433.3070397
Finished processed request ['cb7537e0-3e2b-4d59-b2dd-2afbc5ab174c'] at 1710063433.3278522
Finished processed request ['817d61e7-2ad1-4605-878a-3818009c5b68'] at 1710063433.3487873
Finished processed request ['cd0a1ee5-a33e-4e5d-a29c-9bcac271effe'] at 1710063433.3693945
Finished processed request ['2f3a1bc3-4feb-47fc-a283-d1281dad2f6a'] at 1710063433.3901963
Finished processed request ['2e3e8655-5be6-4ddb-9c24-784b6cc61e89'] at 1710063433.4109685
Finished processed request ['de266e56-a83d-4142-9e9a-af276769af11'] at 1710063433.431628
Finished processed request ['4873e8f8-c708-40ea-aba5-39a60ca9b619'] at 1710063433.4524534
Finished processed request ['bb515008-bbfb-4ee4-9c38-4de8abf4e610'] at 1710063433.4734802
Finished processed request ['c8dc40c0-ae8d-4420-8cbb-43c1273fd7b7'] at 1710063433.4944515
Finished processed request ['53cd23de-1fc6-4d82-997f-4187765aa178'] at 1710063433.5151958
Finished processed request ['a0930dd1-77ba-4842-b8ec-288f823bd9f1'] at 1710063433.5361218
Finished processed request ['9c394b60-fa10-446c-9a20-516927ef6c05'] at 1710063433.5567439
Finished processed request ['57c6fa35-ecb6-4984-9e17-aafb7817216e'] at 1710063433.5777948
Finished processed request ['650e4749-a98b-4447-85ac-351c4e37021e'] at 1710063433.5988438
Finished processed request ['0fa92024-5349-4535-9b45-beacfd78144b'] at 1710063433.6194472
Finished processed request ['96669db7-6c72-4922-82f6-25c72ee3a4a1'] at 1710063433.6406581
Finished processed request ['d09bd6f2-a742-4ffa-a95f-743c4bbe5385'] at 1710063433.6611886
Finished processed request ['4924ae5e-4c4b-4ae0-9295-39abf0434d68'] at 1710063433.6820776
Finished processed request ['2bdeddc3-ebca-4cf0-9e18-6090a047cd2d'] at 1710063433.7027795
Finished processed request ['503e6342-ae32-415d-a69b-8ea6ad9f7f0b'] at 1710063433.723475
Finished processed request ['f60a7d16-c2b5-4980-8d45-c5dd862a8963'] at 1710063433.7442462
Finished processed request ['b1708310-722b-41f6-966a-7a191032eff4'] at 1710063433.7651238
Finished processed request ['beb13afb-1602-4493-9c88-1fa5270c3182'] at 1710063433.7862277
Finished processed request ['15aaecb7-0870-44f9-819a-80df38014398'] at 1710063433.8068345
Finished processed request ['f5ab4471-c58d-4b82-8767-0e675bf438bc'] at 1710063433.8274565
Finished processed request ['e89b208b-3e86-441d-96f9-7dee13de93fd'] at 1710063433.8482404
Finished processed request ['36739774-82d9-4e5c-9ee7-622c5b83038a'] at 1710063433.8689
Finished processed request ['4313345d-66f4-44a8-be93-2142c4e17991'] at 1710063433.8904307
Finished processed request ['9fd6585d-80ae-43e7-8fd1-9b1fe8f80f4c'] at 1710063433.9106867
Finished processed request ['ba34ef05-0d70-4e1e-a805-7a2e115099f8'] at 1710063433.9327562
Finished processed request ['e1ac3051-3de8-4cdd-9d74-2ea0c9cf5736'] at 1710063433.952695
Finished processed request ['c2dad120-dbc8-4dea-9680-050b2507ad44'] at 1710063433.9735231
Finished processed request ['284d3b44-3a8b-4b60-9d94-24f086d9e89d'] at 1710063433.994524
Finished processed request ['8e7101db-0050-469e-8a74-bc214b8af61d'] at 1710063434.0152926
Finished processed request ['439a7ce5-a9ed-4a16-9917-daab4ddfa94e'] at 1710063434.037293
Finished processed request ['dd22369c-d12e-4ba3-b0b4-16bada1ef64f'] at 1710063434.0571074
Finished processed request ['658f9f2b-c3e8-4d43-ad45-25284ace7409'] at 1710063434.077978
Finished processed request ['4f56549a-47bd-4959-af53-98885353036f'] at 1710063434.0986907
Finished processed request ['23dc5211-2b93-4555-810e-6dd0c816c83b'] at 1710063434.1202571
Finished processed request ['f598dc2b-0394-4002-9031-d83d72571a4e'] at 1710063434.1403034
Finished processed request ['58b6dc5f-7440-4d38-a53b-0c043644fa84'] at 1710063434.1611178
Finished processed request ['2645185a-da8d-4f10-87fb-8cb17a85be18'] at 1710063434.1817777
Finished processed request ['7f5932ee-9357-4e5c-aa72-0b651c21623e'] at 1710063434.2026494
Finished processed request ['6543b4a5-fdbc-4403-a3ae-56a21626d4dc'] at 1710063434.2234073
Finished processed request ['86317d51-3a58-436e-9d37-ef74c6d267a8'] at 1710063434.2441795
Finished processed request ['0e53039a-520d-4bb4-a721-df6c2fb584db'] at 1710063434.2649248
Finished processed request ['86332e6f-12db-4702-9a7c-69178dea9dc7'] at 1710063434.285474
Finished processed request ['defddc54-afdc-49e7-99d8-1baadb458b70'] at 1710063434.3062217
Finished processed request ['5ed749d7-93d4-46d7-8126-bbc83e74e360'] at 1710063434.3271472
Finished processed request ['03142d0e-efcf-4a88-8b05-0f99402d87e8'] at 1710063434.3478642
Finished processed request ['69c02ef9-2f81-4be8-89db-2414a0bb1efe'] at 1710063434.368802
Finished processed request ['81bb68bb-2bad-4239-b3f1-b3a18b2aed69'] at 1710063434.389259
Finished processed request ['865a2bb9-558f-487b-b019-f6ec47080b9d'] at 1710063434.4098551
Finished processed request ['ae365254-8dee-4910-a2cf-939aaa59b43c'] at 1710063434.430531
Finished processed request ['2f1fb581-2b9b-4319-8d6e-7d5fdbef20a3'] at 1710063434.4512196
Finished processed request ['87d242be-728a-4c59-96a0-4a5101896025'] at 1710063434.472054
Finished processed request ['911aa6d6-8c1b-4f28-9d3d-2e48ed98932b'] at 1710063434.4929786
Finished processed request ['25592dd6-7ced-44ca-8dbb-e63f7dda8aed'] at 1710063434.5137
Finished processed request ['eca014a7-7d9f-43ed-b248-a08445ea9ca5'] at 1710063434.5345974
Finished processed request ['79b5c81e-e797-4be9-a7ff-05bb8d18bf40'] at 1710063434.5554435
Finished processed request ['cdb23eb6-d8f5-4a5f-9f89-4ccec1e7ee91'] at 1710063434.5764213
Finished processed request ['be77599f-4182-4649-aa03-7185af02d31f'] at 1710063434.5971138
Finished processed request ['42cb1a09-22c2-4a15-8c26-c40bcd462fac'] at 1710063434.6177514
Finished processed request ['7e46628e-e287-45d0-b9c2-ec8645973b09'] at 1710063434.638695
Finished processed request ['a4e33e30-acd9-4cb4-b7c4-7b369b48ac2a'] at 1710063434.659449
Finished processed request ['985a443f-5998-45a4-987f-7d5a5ea288c1'] at 1710063434.6802738
Finished processed request ['b2161064-bc17-45a2-ae28-c931cdbb72ee'] at 1710063434.7009425
Finished processed request ['7da57142-99bb-4973-88d2-495884a7a677'] at 1710063434.7216942
Finished processed request ['d781d9cc-c1b0-45d5-b989-aa61ba3e3ba4'] at 1710063434.7423453
Finished processed request ['b1c0b55f-ee2f-424e-ac03-9f7ea88b5127'] at 1710063434.7632744
Finished processed request ['4766779a-1dca-40ab-b8eb-e273034effe1'] at 1710063434.7841403
Finished processed request ['005239a7-70e3-4c10-a102-bb58d9213889'] at 1710063434.8046868
Finished processed request ['8d85f5d0-a556-4c54-86f4-bfea8f32a854'] at 1710063434.82537
Finished processed request ['6c70e904-2ab7-4ad9-a175-e77db9387947'] at 1710063434.8461375
Finished processed request ['924808f3-fb6e-4ee3-bdc1-f16ac42f9684'] at 1710063434.867088
Finished processed request ['034b0503-abb5-4002-9d3e-2d5e52b5a4a2'] at 1710063434.8880153
Finished processed request ['5d85a5c0-b07a-4994-8a68-8accfb716edf'] at 1710063434.9087613
Finished processed request ['fee15fde-6881-4d62-9056-1a5ad759b6c3'] at 1710063434.9294848
Finished processed request ['dc9e33bd-9a85-4c53-ad01-29c745155dd4'] at 1710063434.950385
Finished processed request ['74bf9b9f-e6eb-4d26-9964-a26f87d8a688'] at 1710063434.9713178
Finished processed request ['b9982adf-de69-47b8-bfa2-4b30a4c0ab44'] at 1710063434.9927597
Finished processed request ['8e309ca6-e253-4bbc-ac98-3b3b7a6420b4'] at 1710063435.0127692
Finished processed request ['d577acfb-e62e-4c7b-ba69-967f4771dd88'] at 1710063435.0335255
Finished processed request ['023a0466-4def-41ea-8681-8d615fbaa549'] at 1710063435.054178
Finished processed request ['87b14e8b-b345-4db7-9120-5a7a56c7336f'] at 1710063435.0751276
Finished processed request ['2bfe0ec4-afd9-4125-b018-867f5566270a'] at 1710063435.0961158
Finished processed request ['2d5e3663-d401-44a0-b5e9-9e9c1ad5d342'] at 1710063435.116903
Finished processed request ['c2af4eb0-4035-4df0-bb9b-f01ca98417ac'] at 1710063435.1378284
Finished processed request ['76b45da2-b750-4df4-89ee-62e182df80df'] at 1710063435.1586263
Finished processed request ['5de8be65-be57-4286-b193-46b7f4f09441'] at 1710063435.179521
Finished processed request ['ffa5a1c4-661c-44ab-bdad-981f0828b462'] at 1710063435.2004113
Finished processed request ['913e21fe-f6b6-4d04-9eb6-eb38c688ea61'] at 1710063435.2211952
Finished processed request ['9eca7134-8071-4ed8-8a4c-e64ebf36311d'] at 1710063435.242041
Finished processed request ['2bcf466a-8dd0-4e76-923a-f419fbbbcb76'] at 1710063435.2632303
Finished processed request ['472edab1-dc43-4d1c-8669-13affeade6e5'] at 1710063435.2832513
Finished processed request ['35b2efe2-572d-463a-ba2c-a9a4ccbb9c8e'] at 1710063435.3042412
Finished processed request ['0177b803-9d6f-48dc-89c1-81d05033740f'] at 1710063435.325145
Finished processed request ['f0e948a3-3c51-4481-b2fd-2badf48a055a'] at 1710063435.345782
Finished processed request ['06e29adc-4bbc-40c3-9e0e-63bab265f262'] at 1710063435.366549
Finished processed request ['9058807d-ade3-42cc-9948-0c4b66131e28'] at 1710063435.3875234
Finished processed request ['1c36186e-947c-4465-8d97-79791e29c370'] at 1710063435.4083738
Finished processed request ['5f946513-7aa2-459e-b466-6b79bcda953c'] at 1710063435.4291015
Finished processed request ['67f7360f-246d-4bca-b8eb-0be46d4d740a'] at 1710063435.449974
Finished processed request ['6e5a7292-7e8b-474f-96c1-9b31400e175a'] at 1710063435.470939
Finished processed request ['28cd7e82-4f8d-4f3f-963d-eb888a832b9e'] at 1710063435.4918013
Finished processed request ['9971e7ca-1275-467c-a4db-a243f12ba654'] at 1710063435.5128133
Finished processed request ['e15aa8ad-4562-4a81-bc32-f4ee4cedf185'] at 1710063435.5336185
Finished processed request ['b89c5c6f-a72e-422d-b1a4-0847169b5411'] at 1710063435.554519
Finished processed request ['1c69d7b3-d230-4369-be2a-f73bf25a1ac7'] at 1710063435.5754871
Finished processed request ['b51eae91-fcdc-4f3a-8361-58ef69105d36'] at 1710063435.596543
Finished processed request ['9c8e0551-0a21-4a7e-bace-219ce39983cf'] at 1710063435.6174192
Finished processed request ['67f2680b-5489-4258-b6d4-e0e33100ae48'] at 1710063435.6382756
Finished processed request ['556fe83d-c203-45e8-a225-067122d8eb40'] at 1710063435.6592839
Finished processed request ['15c32dd3-f902-4a69-802c-f476edb5a164'] at 1710063435.680071
Finished processed request ['324fa0f5-bc1d-42b1-9318-59ac21b309bc'] at 1710063435.7008593
Finished processed request ['76195013-4bcf-4491-bd42-bf72823657c2'] at 1710063435.721512
Finished processed request ['d6ff8866-59ef-409a-bc25-1ce5dd114314'] at 1710063435.742559
Finished processed request ['44b90206-c552-4fc5-9db1-0eeb93b7a53c'] at 1710063435.7633398
Finished processed request ['7b239f77-2fc3-4100-aac0-3260656f441b'] at 1710063435.7841032
Finished processed request ['809b4d6f-6900-4579-b80f-e112125363ad'] at 1710063435.804913
Finished processed request ['f98ae79a-65e3-48cb-b91d-60332fc62305'] at 1710063435.8255153
Finished processed request ['a816faeb-ce45-46c3-a7b6-245237fcdac3'] at 1710063435.8463922
Finished processed request ['a9941da5-bfb7-4f04-b83e-ea4cb34cd006'] at 1710063435.8673768
Finished processed request ['5db49eba-da3b-452e-8fd1-3ae7978be5bf'] at 1710063435.888313
Finished processed request ['7de8e6aa-28b3-4d4d-87e3-bbc461b0a812'] at 1710063435.9089954
Finished processed request ['c15a7047-7daa-45a3-baaf-c937e73526da'] at 1710063435.9298108
Finished processed request ['d662a32d-853e-42bd-8168-3dd41b6124ee'] at 1710063435.9506311
Finished processed request ['92c2a18b-bf9b-48ec-8a2e-f53f09b2cdaa'] at 1710063435.9719424
Finished processed request ['6f67ba78-9732-4cfe-9be9-4ca14b06e1f9'] at 1710063435.9917452
Finished processed request ['2951cfbe-544b-492c-a0f6-e9050a00707b'] at 1710063436.012759
Finished processed request ['8933856a-5724-46cb-92d0-150891fdafcd'] at 1710063436.0334845
Finished processed request ['4c5afcbb-975b-4cda-a365-24b809576dee'] at 1710063436.0542665
Finished processed request ['4ce2b32b-6117-481a-8e09-9c38800e21a5'] at 1710063436.0749588
Finished processed request ['ff9e49f7-db98-4311-bde3-e402b3cdebb0'] at 1710063436.095804
Finished processed request ['109ad2a9-d1e7-490f-9ab3-1ea2540529db'] at 1710063436.1166356
Finished processed request ['635c8824-379e-4737-a59c-b0dd914ebf66'] at 1710063436.1374435
Finished processed request ['9adb5e77-1171-459d-b14e-e7b7ec7f927b'] at 1710063436.1577017
Finished processed request ['89ffc1f1-49a6-49e0-a415-e18e4fdc7789'] at 1710063436.1786985
Finished processed request ['15664441-b82d-4e7c-8765-2245e4ce3077'] at 1710063436.1996126
Finished processed request ['43f7cb74-d381-4efd-b3d5-9d2cde2a2d51'] at 1710063436.2201967
Finished processed request ['6ce50426-fb6d-45de-9b79-78522b9651b0'] at 1710063436.2411745
Finished processed request ['1e14128d-090a-4788-a87b-82fc3fc0d908'] at 1710063436.261558
Finished processed request ['9c197a67-8510-4b61-aa08-4d8303b889b5'] at 1710063436.2825246
Finished processed request ['475e605b-8af2-4bbd-a0c8-f8b0092f3e73'] at 1710063436.3034859
Finished processed request ['eac4f169-106d-4d5b-a2e2-4ec033ebffb3'] at 1710063436.3242474
Finished processed request ['8a3213b1-8458-48dc-8c1b-45450a503748'] at 1710063436.3452003
Finished processed request ['b0579638-7383-4e71-8d85-9eb21cbc7d76'] at 1710063436.3659222
Finished processed request ['d742b7a3-a1c8-44a1-9ee4-f67dfa538cf3'] at 1710063436.3870192
Finished processed request ['24824680-d364-4482-9f1c-4473135b884b'] at 1710063436.4080753
Finished processed request ['3cd9cec4-c4fa-41dc-9463-860baf722bec'] at 1710063436.4290512
Finished processed request ['7f464eb5-dff2-4908-b28b-a0d1834f2acc'] at 1710063436.4498467
Finished processed request ['ccfa0429-6595-40b0-99a5-29b6b3df95b5'] at 1710063436.47102
Finished processed request ['0278d85d-38e9-45fb-932a-8faaa427f4d6'] at 1710063436.4922504
Finished processed request ['579d6d46-af6d-4eed-ace2-6aa453745971'] at 1710063436.513026
Finished processed request ['98478c08-ec19-49c7-bdb4-4a8992b32049'] at 1710063436.5341012
Finished processed request ['fa00f6d8-aa00-4a03-8a87-8228f105b8f0'] at 1710063436.5549839
Finished processed request ['5c1c9392-fd8b-415f-a63d-5dbf2a386c31'] at 1710063436.5757415
Finished processed request ['4929576c-9391-4d72-adf4-34602e12653e'] at 1710063436.5966058
Finished processed request ['2edd47a0-cac2-4946-b084-1888d33a8397'] at 1710063436.6175258
Finished processed request ['35211ced-b53d-4b26-a87e-d36cf206d757'] at 1710063436.6384234
Finished processed request ['1d2c57be-0ad1-4e09-aa7e-7c7e91ae997a'] at 1710063436.6595025
Finished processed request ['1051ac76-6728-4b2c-b214-19aecb1f329d'] at 1710063436.6805735
Finished processed request ['21ee5585-b6ab-4a02-ad62-73f711167df9'] at 1710063436.701409
Finished processed request ['677e66fd-53f8-48d0-8216-aa21baffb92d'] at 1710063436.7223852
Finished processed request ['f5998545-d90d-4bf5-aa14-51cb6c0db058'] at 1710063436.7432852
Finished processed request ['776907a2-677b-4075-bf75-e475f243fd6c'] at 1710063436.7642753
Finished processed request ['4877738a-6634-4c7e-ab53-3ab190af0eeb'] at 1710063436.7851443
Finished processed request ['d8a800e9-0266-43a7-8a89-f3d35aa817a0'] at 1710063436.805828
Finished processed request ['02d1a7c4-7280-458e-8571-1b9882249ca4'] at 1710063436.8264832
Finished processed request ['ae7728a5-bc85-4a59-af51-61ccf4abce9c'] at 1710063436.8472552
Finished processed request ['86c95db8-c0c0-4665-87e2-b308a734a23f'] at 1710063436.8684087
Finished processed request ['b01c291c-a8c0-4eb2-97f9-3a4c0a5ae9d9'] at 1710063436.8894255
Finished processed request ['99d914a8-0bd6-49e1-99cf-b5d59e3bb51e'] at 1710063436.9111805
Finished processed request ['72ccc895-b1f7-4f68-ab99-d4a2a48604e0'] at 1710063436.9311755
Finished processed request ['4b86f32d-8935-4e65-b204-9e96cac4e13e'] at 1710063436.95193
Finished processed request ['3f817a92-e441-4909-bd24-090d907d6028'] at 1710063436.9727454
Finished processed request ['1fc77dd0-c75f-4172-b5fe-565a7df3f2f5'] at 1710063436.9934504
Finished processed request ['1bd266bb-97d2-4198-9831-5c74680dda8f'] at 1710063437.0141883
Finished processed request ['934bb43d-a6b6-4519-860c-4cb55f9f61d3'] at 1710063437.0349002
Finished processed request ['4adba4b9-b175-4c1f-bca4-a69c4ca41123'] at 1710063437.055678
Finished processed request ['bd5b7986-b38a-4e63-8b30-9b5533dec4c9'] at 1710063437.0765107
Finished processed request ['10340859-c731-4700-bed0-aa63732751fb'] at 1710063437.097477
Finished processed request ['350e6e4d-2aaf-4244-8a29-b1ed78fc051d'] at 1710063437.118276
Finished processed request ['aea92d1a-29ef-4297-ae0d-9c6d404a3f73'] at 1710063437.1391206
Finished processed request ['bcb34fa9-c484-4874-ab93-31081dacc6d9'] at 1710063437.1600554
Finished processed request ['6a18faff-3ecc-455d-83a7-3f251d9f03f0'] at 1710063437.180911
Finished processed request ['08d40c10-86b0-4372-91b5-326d4dfc331e'] at 1710063437.2017457
Finished processed request ['989bbc8b-4d84-409f-887b-355ebc4baf45'] at 1710063437.222494
Finished processed request ['9bb8bc5b-7e60-40fd-9e05-b3ca1de05748'] at 1710063437.243461
Finished processed request ['76170a5e-77c5-47f8-b054-7d133421c4e1'] at 1710063437.2642353
Finished processed request ['13af68b7-6625-45ae-bda0-4e65558866be'] at 1710063437.285207
Finished processed request ['2a7151eb-c1d7-48ce-8511-2daa767f9671'] at 1710063437.3060029
Finished processed request ['ac38d201-1e3d-4fdc-ac9a-8ba4e0e14ccd'] at 1710063437.326731
Finished processed request ['7db3b8db-38f2-4f6e-bc47-e9487bfbb4b4'] at 1710063437.3476627
Finished processed request ['dc3bc5ac-dea3-49ac-b4b9-3736ddfce628'] at 1710063437.3685908
Finished processed request ['baad3943-a2f3-4c0e-926e-ed34287ec898'] at 1710063437.3894928
Finished processed request ['bc35bd58-7dbe-4063-8bdf-5754e706a70a'] at 1710063437.4105093
Finished processed request ['f97734d8-8748-40f4-a534-0e59ba70fe7f'] at 1710063437.4315362
Finished processed request ['28365400-21af-4b61-b462-e0b8a5901755'] at 1710063437.4525206
Finished processed request ['2a92d228-26e8-4c1e-82b7-c44841019b98'] at 1710063437.4733796
Finished processed request ['1e5f6dc5-0455-47c8-a74c-69c81c2872ab'] at 1710063437.4940286
Finished processed request ['785272ca-a6b8-4e37-ace5-d7c0e69f46b3'] at 1710063437.514856
Finished processed request ['8caa9c4b-0480-4d6a-9b62-293ca4fdce4c'] at 1710063437.5357792
Finished processed request ['6ae5f531-82f0-49f1-bc2c-b78f9872662e'] at 1710063437.5567422
Finished processed request ['22bda8fc-2407-4c43-a42d-5a0b504daff8'] at 1710063437.5773478
Finished processed request ['73e0beb5-2dc0-4d07-b6c2-936f70fcc913'] at 1710063437.5983691
Finished processed request ['c78b4bd5-5617-4859-8aee-e75aa8ccd80d'] at 1710063437.6196594
Finished processed request ['ad99c4