Received request 7ef2f0f9-6792-4b02-a55b-62d93422fcf1 at 1710063422.4813263
Received request c1a63740-5b9c-4734-ae01-d215a194b171 at 1710063422.4817083
Received request c6974deb-07d3-4676-8106-a879ce97c081 at 1710063422.4864957
Received request 07e74922-3287-4ecc-95a2-9462cd1601e9 at 1710063422.5019708
Received request 118d13d6-cde0-4f70-bb62-2b3cc00254aa at 1710063422.522223
Received request 8e8a709a-ea3e-4d30-94c5-d028045dca1b at 1710063422.542473
Received request d37164d3-3ef1-4b51-a339-a51c75f9521d at 1710063422.5626655
Received request 469f1b40-7797-49d4-a1cc-ffc91a008415 at 1710063422.5838196
Received request 7730cd27-47cb-4783-81b9-be36bd5e0adf at 1710063422.6048281
Received request b175a2c7-e4f7-4ccf-9c14-534b5d1385d0 at 1710063422.6257575
Received request 996ae2d2-5a1f-454a-b66c-7d836eec63fa at 1710063422.6464002
Received request 1b32f4b7-ac6d-434e-ac4b-769b4911128b at 1710063422.667142
Received request 6acc5e48-5d71-4fbe-835a-5739db9dedc4 at 1710063422.6878786
Received request e9cebf4c-05cb-4387-ba6a-42c77adc9a8d at 1710063422.7087054
Received request ef3b8d91-ebc0-4946-9954-584b4123bf64 at 1710063422.7295322
Received request 0dc07da7-e1a8-4b2b-9ac5-2339983e344f at 1710063422.7501779
Received request 09db6ccb-fb42-4944-998c-c55302539c2f at 1710063422.7709363
Received request a5ba4df2-71bb-4d24-9066-ff3d68c00635 at 1710063422.791767
Received request 077810a9-bc4a-492e-bd83-f3a11a61fae9 at 1710063422.8127115
Received request b16ca6e7-a619-4866-96a0-6392ad5dac74 at 1710063422.8328695
Received request a094a815-4b87-4c50-823f-e96297663f10 at 1710063422.853886
Received request b2c9768e-426d-41cd-a084-da6e289000fd at 1710063422.8748088
Received request 1e54f8a9-03ef-4257-87e1-9572d4670b57 at 1710063422.8956242
Received request 25a4e0fb-c076-4ac5-9184-352d989e8cbe at 1710063422.9174855
Received request 528d4800-3bdf-4770-aa8c-40a0592fe69d at 1710063422.9377918
Received request 5007d062-357b-4bb3-8b24-6deb41ed59eb at 1710063422.957802
Received request efe36431-06f9-4346-a140-c974ae78db9c at 1710063422.9781802
Received request 314bdd49-384e-403f-83a6-da0a77223170 at 1710063422.9984362
Received request 91d37824-7d2c-4981-9631-9cd1b60bd3dd at 1710063423.019483
Received request 4854a42e-c4ac-40c6-96cb-e827ff96a1be at 1710063423.040832
Received request 0219f92b-5b28-42bc-a4fc-1974c892e0b1 at 1710063423.0618868
Received request 53ac1a8d-b442-4336-8880-7c29034a14c9 at 1710063423.0828452
Received request a55047d6-0142-45b9-a27b-ae3bdbd4a439 at 1710063423.1038308
Received request 386a1c89-a7dc-4c12-b909-541f0276d2e5 at 1710063423.1245673
Received request 6d18c0c9-2b8c-44a5-8917-2fbbc0517f2a at 1710063423.1455014
Received request 58b9b3d8-c257-4661-b60a-cd178603f4fb at 1710063423.1663826
Received request 902f202b-5dc0-4d07-b4ca-193954d3ac6a at 1710063423.1869748
Received request e70cc6b7-4863-47b1-b4a7-b7daa8dca03c at 1710063423.2078564
Received request dc8b2195-dbf0-43c7-9ce7-9a95dccdd459 at 1710063423.2289267
Received request d60c97fa-cb2a-453a-89cf-cc4c4ed5ce16 at 1710063423.249753
Received request 057822fc-6003-4796-8da9-6437f1bf600c at 1710063423.2710357
Received request 246e9b2a-3ba3-40f3-adc0-7f495d8f2ffe at 1710063423.2912297
Received request 87c5ad1b-4891-4cbb-b5e3-f18e0a6dd6b3 at 1710063423.3122902
Received request 1d0994ab-e6a5-4db4-a93d-8c5de796fac7 at 1710063423.333289
Received request 0b38d5f8-33df-4cf5-a1ec-d6c5d09f6746 at 1710063423.3543248
Received request 4b9126b0-3702-45c8-b9bd-d3432f5803fc at 1710063423.375025
Received request f48fe7c2-e24a-4d52-b96d-474e2f16b099 at 1710063423.3960588
Received request ea6cb0ed-d25f-4f4d-a3e5-ee4801410705 at 1710063423.4168823
Received request 0ba97da2-236f-4bed-a052-4f59f6f636bb at 1710063423.4377115
Received request af5af203-f1c9-4711-b542-5d1c6a14660b at 1710063423.4586186
Received request 76434d6c-ae09-4b78-aab2-cc80ec402acb at 1710063423.47969
Received request a0eeacad-adb2-4910-947f-3e1963df5e35 at 1710063423.50051
Received request 25b9b588-4ad0-4b94-89fe-b1d3f2dfce7f at 1710063423.5213978
Received request 95eadd08-c30f-46d0-a253-df2cbb784126 at 1710063423.5421891
Received request 6286704b-af70-43bd-abc8-e189ccd171b9 at 1710063423.5629754
Received request d61631f8-9fdb-41e9-93b5-680a783f2213 at 1710063423.5839002
Received request df0ba786-fbe6-4eac-b393-69e6d4f46c0a at 1710063423.6046293
Received request 3ba9fd00-8ef3-407d-aab0-07c645384ed3 at 1710063423.6254425
Received request de29bc19-0b29-4041-b5bf-89bf3a7cc792 at 1710063423.6463072
Received request 715077f7-a173-4805-ad40-27bb10e190f5 at 1710063423.6669905
Received request 8061abbd-be81-45b6-a79c-897c97eb5fe7 at 1710063423.687717
Received request 02cd9cbd-ec84-4a63-8cca-6c29cb84a0fc at 1710063423.7086103
Received request 8155fcf5-d64b-4ba4-ab1c-d6e8687cbf07 at 1710063423.7295754
Received request 5f640419-ed39-4e6f-b6c8-323f55b9f568 at 1710063423.7502544
Received request 133269c5-aa75-47b7-a40b-baf549069b9c at 1710063423.7712567
Received request 2be4ecbd-84ce-44e9-ad57-77f17cb5d319 at 1710063423.7922606
Received request f2ae0728-3165-4d77-8d68-2ac13ddc42a9 at 1710063423.8130717
Received request 7c6e7f4f-09bf-4d7e-86ab-7cb943b7a8e6 at 1710063423.8339777
Received request a0126412-9460-4b99-8f3c-4cdd121c1615 at 1710063423.8546352
Received request 31e7e995-4d12-4d48-814c-38ff1277865c at 1710063423.875787
Received request bfe0ad34-715a-4b59-a585-6853824136fe at 1710063423.8967235
Received request 9e389849-3482-452a-9009-55497401f911 at 1710063423.917589
Received request 46f0eeb1-2a6a-471b-ae77-afb5b3b6708e at 1710063423.938309
Received request 5395a79f-24b5-45ea-8058-c874703d7598 at 1710063423.9594362
Received request 9d4f9a27-e470-40d4-bc5c-38caa8dff234 at 1710063423.9797692
Received request 85a9848d-5717-4ac8-b3ad-7f790163a29b at 1710063424.000783
Received request 235490cb-422b-4bf0-b7fa-1bc2f5b0c718 at 1710063424.021744
Received request 7a3ffe9e-9b57-4122-b0f1-999df3df7d0e at 1710063424.0423944
Received request 99696396-2c46-43b4-8bb6-94bd481b12d8 at 1710063424.063317
Received request 29369b0a-2136-4263-8348-4e7fe302515d at 1710063424.0843494
Received request b39854a6-a3e4-4dd2-b812-e0946cd83fde at 1710063424.1050544
Received request f6933cda-6b95-47f7-8d12-0347e6547f6f at 1710063424.126844
Received request 8e29ca4e-3fa1-4a20-ad2c-c0e3d2be5796 at 1710063424.1467385
Received request 9c4c269a-06ed-461e-94f1-d1a56bbb9fd5 at 1710063424.16766
Received request d532017b-7128-4f09-91cf-3b3afb0e0399 at 1710063424.1883848
Received request 04806d02-4951-46a1-acdf-866fc5c76fc9 at 1710063424.2092779
Received request 23ed1b9a-7fe0-4972-a904-4738b93301ee at 1710063424.2301772
Received request f25fac9e-b7e2-4424-9786-d56cc2fb1d25 at 1710063424.250724
Received request 3c225528-1aed-4348-8546-a4d8b99b8f5c at 1710063424.2714088
Received request ee6c6193-90d3-4469-b687-2c9e8d651797 at 1710063424.2923439
Received request f839d0c2-9f86-4888-bf26-c2083419f060 at 1710063424.3131676
Received request 1dbe9db2-6f6e-4e83-bc85-7b9802262bc3 at 1710063424.3339396
Received request 91da2570-60ee-430d-9061-729b4939745d at 1710063424.354666
Received request 046f3fb0-5b09-442d-866b-431e20857abc at 1710063424.3753808
Received request aa33698e-353d-4b9f-8d05-a71ef56969da at 1710063424.3960328
Received request 10c6639e-5433-4daf-aac6-9dbe66b50111 at 1710063424.4169025
Received request b614c822-89a2-427e-8fd6-cc01d1d559f3 at 1710063424.4377346
Received request ce69b57e-f488-45b1-87f0-fab2e6bb9d4b at 1710063424.4585319
Received request d7fa0373-17d1-4a9a-a5b5-095925b45412 at 1710063424.4793658
Received request 512bb6f7-4b72-42ac-a664-94e03da6ead3 at 1710063424.500067
Received request a72d8f7c-8abb-4eea-b478-d020b8ea80c4 at 1710063424.520908
Received request 2e34b019-f125-494f-9935-a42cb12a2d8b at 1710063424.5416417
Received request 87ae0c07-f69c-46d8-8e39-b07220d1081b at 1710063424.5623195
Received request c03d6906-bc69-4a37-9dfc-55f55586d718 at 1710063424.582944
Received request 2a57e2ff-284a-486a-a571-2b5f6bc5a2a5 at 1710063424.6035857
Received request 01cc24bb-ff06-4b77-b1bb-d53fdb32df66 at 1710063424.6243377
Received request 0de38b23-7830-4d7b-ba43-771843f21d09 at 1710063424.6453497
Received request 701c48dd-5854-4063-98f6-516c91152c3c at 1710063424.6661837
Received request d01aa3b1-dfa1-4380-bd8b-075cb24158fc at 1710063424.6867864
Received request 69bc1711-92e3-4918-b852-55d872b4803e at 1710063424.7074318
Received request f798bffc-a09f-47e6-9f76-61193cb15171 at 1710063424.7280436
Received request da74924d-fef3-4a82-a65b-77e3ab48daeb at 1710063424.7488515
Received request ca823867-f13c-4e17-be71-f010eaa31a7d at 1710063424.769442
Received request a9f6d124-a2f4-4eae-ad79-53d3d35c414c at 1710063424.7900777
Received request 3a06441d-81eb-4ad3-905c-952d732a7ac0 at 1710063424.8106756
Received request 15aa3328-f2a2-400d-8269-b5ca462b6791 at 1710063424.8315597
Received request 40c7cedd-0314-431e-9195-9dd6fb816190 at 1710063424.8522887
Received request 23bab270-9c1c-4d6b-aa17-a44c6bfec009 at 1710063424.873169
Received request de8c4899-5c9a-4d55-8181-1197e4c441b7 at 1710063424.8935568
Received request 6e12cbca-f044-44b1-9400-c3dde94902f4 at 1710063424.914339
Received request ddddc70b-8259-4053-a4ee-708c13eb26d4 at 1710063424.9351034
Received request 8be1adc8-f9fc-4662-95bb-27105a60d924 at 1710063424.9558475
Received request d3bff2c8-25b2-4ab9-bf1d-d50e5a725ac4 at 1710063424.9765487
Received request 10f4f7d0-f8ac-407c-a386-d35e7bbd45a6 at 1710063424.9973893
Received request e74cd2e0-de37-4cc9-9ce5-c7b1dfc5aef3 at 1710063425.0180707
Received request 1479dad9-998e-43fb-b4cf-6c4d9b65a034 at 1710063425.038739
Received request cee2e2d5-00ba-432f-8256-860b66d4dd8e at 1710063425.0595493
Received request f685239d-d4aa-454c-a43c-535c0cf5c403 at 1710063425.0805542
Received request 47aa4256-ceae-42c4-a2bf-f8a45a833f42 at 1710063425.10132
Received request db8b2870-4bea-4eb2-876d-2a17f05e5073 at 1710063425.1220038
Received request 90c7c223-71f9-4191-8130-95e80501a310 at 1710063425.1428084
Received request f7ce1253-5703-476b-b520-ed53cde1bc37 at 1710063425.1635916
Received request 49cf79d6-7726-4038-bd00-06eae6689ebe at 1710063425.1843443
Received request b971ab3d-92ab-4c99-b1de-e5b6fefb241a at 1710063425.2054408
Received request 3125bf30-998e-438b-9ac0-03299ebc943a at 1710063425.2255757
Received request 0339cad4-b45a-4985-9dfa-1bdbf28219de at 1710063425.2464073
Received request d6bddfe8-e299-4296-a396-da988fe1998b at 1710063425.2673843
Received request 1b16d147-b700-4fd8-adb4-06d045abb949 at 1710063425.2882705
Received request 71463cf8-eca5-4050-90af-27b0a381a8c0 at 1710063425.3090708
Received request fc366d9d-b793-4a55-ba9f-31ec8a302429 at 1710063425.3299258
Received request 06a42ada-a49e-470d-ac04-b5fce07a6dda at 1710063425.3505647
Received request bd93d65a-f36b-49e2-b061-26df0828b986 at 1710063425.3714604
Received request f8a51a59-1226-47e7-b39b-15fde4106067 at 1710063425.3923314
Received request 43f669d0-90f2-4e62-8cee-47c91c9ee5f8 at 1710063425.4130764
Received request 16c6d72c-6218-400a-a3ab-cda466d74922 at 1710063425.4337656
Received request d8834380-e15f-4c10-bcbc-49c32e0fb05f at 1710063425.4545112
Received request 07832dd2-d96e-4eb3-a45d-80d909459c92 at 1710063425.4754112
Received request 21703968-34b5-4d75-bb92-761a3b15b4f9 at 1710063425.4963384
Received request 55088565-1814-4d46-b0c7-1df5a3f2aa3d at 1710063425.517158
Received request 1845bf7f-2255-4e0a-86d0-634fd7159134 at 1710063425.5378888
Received request 5e1c263f-d377-4a4e-8664-459abf61f96e at 1710063425.5587988
Received request 7aed1e5c-1e1b-44a8-a5e6-d1b173e554d2 at 1710063425.5798037
Received request 090228fa-9073-4640-8e0a-6ee47e869dce at 1710063425.600526
Received request 96bd3791-30bb-4a03-98e1-effa9c9fb1ef at 1710063425.6213512
Received request d9572d90-5e03-4ed6-9165-24c67edfde6c at 1710063425.6421072
Received request 977246ac-9dc2-4b26-9fcc-69cd8555414a at 1710063425.6628287
Received request 2568bc8e-34fd-4ef5-a1a5-eeec1c10f3dd at 1710063425.683426
Received request f727702c-c459-447a-a249-bebe0d306ae2 at 1710063425.7041223
Received request 52c25cc7-b590-4e9b-a9f6-086cf05ddf90 at 1710063425.725133
Received request b9c49029-a421-4e11-8d88-c018fb6f0b3b at 1710063425.7458155
Received request dd14855e-4b50-47ca-a03a-458d8f30fe6a at 1710063425.7667682
Received request 9b919081-99f0-4990-91e3-5d9c1336db37 at 1710063425.7876015
Received request 0e97a65c-602e-4e0c-9301-ad83f1520b0b at 1710063425.8087108
Received request b199674e-131c-44df-ad07-0c066193035b at 1710063425.8295898
Received request b781a160-e585-47f4-8b76-90398334a5e2 at 1710063425.8502707
Received request 7fb1d356-230b-4f70-b3de-845cc66a52db at 1710063425.870935
Received request 27cf7bf6-75a5-45a9-8ce1-6b35aea40eeb at 1710063425.8917723
Received request 9e30a4eb-9759-49d2-99fa-95066352d890 at 1710063425.9125934
Received request 578acfb4-1ce2-468a-850a-3c3f5096104f at 1710063425.9335394
Received request cad0d5f1-a6bd-47a3-bf24-b6fe020bbf17 at 1710063425.9545557
Received request 9f9ff7ab-731d-4ef0-ad76-5e1061362b16 at 1710063425.9753895
Received request c879602c-4b54-4952-b3b0-e9cda3744ba9 at 1710063425.996244
Received request 0a2865e8-c4cc-4931-b7c7-722863bbc8db at 1710063426.0186
Received request 0b507883-04ca-4f7c-90dc-89e8edfa0bc4 at 1710063426.0375516
Received request 2a1d4cda-7b1b-4fea-a095-6c41f9801dce at 1710063426.0585651
Received request 2ad9f97c-7345-43d3-bed8-c72598e6c697 at 1710063426.0794823
Received request a7bf8646-05f8-4782-b103-d0ccd802e1f7 at 1710063426.1003335
Received request 9f1f5915-669c-40b8-9cf8-cbcca6f85083 at 1710063426.1213584
Received request ee48742f-d19f-4b31-b223-e19e406943d5 at 1710063426.142011
Received request d8e61917-c9c1-4125-a654-96d337b3ac43 at 1710063426.1627696
Received request d4aae2d4-1578-4fd9-ac3f-8bc8e5c77cf9 at 1710063426.1837184
Received request 835d5013-1d54-4a29-8df8-1e8adbbf7d74 at 1710063426.204833
Received request b3fac68c-a8a7-4d4d-b653-84b51146d8fe at 1710063426.2257612
Received request ba9f1bb8-ba4d-4aa3-a2e1-d2054c725945 at 1710063426.2465992
Received request b1bac61c-d0d8-494d-9138-45dfe096344a at 1710063426.2673008
Received request 2d66016a-851e-4bce-aa92-a7c57e30d64a at 1710063426.2884645
Received request a4f72ff9-27fb-4201-b50d-307118021472 at 1710063426.3091862
Received request e679e5a1-a244-4230-a957-0f13b6e69ea3 at 1710063426.3300462
Received request ad0ca29b-36b3-4ad8-92a7-3b2a5be55901 at 1710063426.3507278
Received request 54bfeabc-cd23-4292-bbd1-938421998b9b at 1710063426.3715503
Received request b3281c37-8588-46db-a765-8085a60a5a62 at 1710063426.3925397
Received request c55bbd47-7084-4157-b4e4-19f791fa5288 at 1710063426.413516
Received request ceac16d4-8621-41e5-820c-946dc951b07b at 1710063426.4345868
Received request 69879e75-7f70-4d98-b36b-9c64e8a7167b at 1710063426.4555027
Received request 05c0e546-87ee-4a1d-bfc2-807d189eaff1 at 1710063426.4762702
Received request f3130035-4288-4f9c-a104-dec4485b44c8 at 1710063426.4970763
Received request 764bf6b9-231e-4971-a8e4-c89671a81907 at 1710063426.518116
Received request 5761cb59-cee8-4de8-ba36-857894c273df at 1710063426.5389156
Received request 868aceea-6fa6-429e-b48b-9012f9180a4f at 1710063426.5597596
Received request 7ab9c103-6c19-419b-8f68-28f9cc6ab5ed at 1710063426.5804613
Received request 16a6c052-2c52-437f-9068-894359135475 at 1710063426.6011992
Received request e2cce6db-742d-44a9-8989-a85036c57908 at 1710063426.6217902
Received request f5b14ab2-89ad-4c1b-90bb-655edcdad697 at 1710063426.642445
Received request d2e55a85-98b0-4106-890b-c807eac983c1 at 1710063426.66309
Received request 38765984-d313-451b-959f-dd219aa545e6 at 1710063426.6838257
Received request 694a7da4-ac9c-4881-9ac7-9f961efb8bd3 at 1710063426.7045977
Received request 3cbb2537-c59f-4ed9-ac2c-ae69d8b9fea2 at 1710063426.7253287
Received request 1273c30f-ad46-47d2-bf87-714e44272fe4 at 1710063426.7461631
Received request a6c86429-52c9-44c2-a3d3-a13ec74f590a at 1710063426.766988
Received request c6cbf7a0-8965-4216-912b-0a36b36d5645 at 1710063426.787685
Received request d19e1ce5-07db-459e-99e6-9bb2aeba2e8d at 1710063426.8084655
Received request b0875ac3-7333-41eb-bea9-dba4c5753dbd at 1710063426.8292582
Received request a0935bba-da4d-4724-ad9c-67db800ae199 at 1710063426.849902
Received request 84c533bb-6620-4139-b8cd-80be18871b47 at 1710063426.8706985
Received request 60b5264f-213f-41bf-ab0c-e9dbcb376cbb at 1710063426.8915026
Received request 017a5a0b-4211-46a4-b483-c9546000de97 at 1710063426.9122703
Received request 4f8bafd4-e9e3-43b3-8a0d-2b2d8073c7d3 at 1710063426.9331658
Received request bcd3b596-75d7-4fae-a8eb-f641d758d6b9 at 1710063426.9538317
Received request e55a69ce-f1bb-4d6e-9a5a-88514bd28d88 at 1710063426.9745364
Received request d8a58d78-08f3-4a1d-afe7-6a37581933ad at 1710063426.9952593
Received request 87bd9d72-bb57-491a-94c9-f81254282362 at 1710063427.0160542
Received request 2fa7b966-847d-48c5-943c-4164e6de656f at 1710063427.0368278
Received request 4a4d9378-2370-42ab-8a05-f46dbfab0e06 at 1710063427.0575278
Received request 52bb12f2-a756-46b9-93bc-2fad3264efaf at 1710063427.0782797
Received request feee3ebf-65f6-4bbf-99a9-0b061e36c3f9 at 1710063427.0990229
Received request 5bd31eb0-7156-47d3-91f4-f8eebeb6faee at 1710063427.1199074
Received request d6241f70-4535-4f14-9ff9-c0c370adf72e at 1710063427.1406863
Received request c78379e9-f0e3-4534-9db4-52c88b5d1b28 at 1710063427.1613843
Received request 2172c6f9-9fc6-46bf-91ab-9d253c3f579a at 1710063427.182139
Received request aa380143-4d87-4544-b9f0-0b62abb63e9e at 1710063427.2028406
Received request 5403771f-7319-4af0-b06c-c4bb74ea0b29 at 1710063427.223485
Received request 4bd6122c-4ca5-4277-a4da-7f24d4e1e993 at 1710063427.2442384
Received request 3db2782f-7a3a-4c53-bdfb-5459161a778c at 1710063427.265133
Received request e5fad1b3-f456-41f3-9018-5d8d7a22d04c at 1710063427.28595
Received request 4ed35d92-c87b-40bb-920a-f474d8067317 at 1710063427.3066795
Received request 7f8b5a4f-fbdf-468e-9a01-756d5ef87a4f at 1710063427.327498
Received request cbfe1a2a-22fb-4a0e-8a63-4824e1649234 at 1710063427.3482492
Received request c6c74a94-3ac5-4a97-92b3-d13340483d1b at 1710063427.3689835
Received request 599cb8ad-cc3c-41b5-8898-c1bb9a064faf at 1710063427.3895183
Received request 12949014-d6ec-49b0-a015-096d65fa5117 at 1710063427.4101145
Received request f099112f-d05f-4e50-9aac-5640f9049f77 at 1710063427.4307668
Received request 03d343aa-3aab-46cb-8926-11dfb6810165 at 1710063427.451699
Received request 96fcd18f-e688-4558-8289-6c20e9f0f54f at 1710063427.4726012
Received request c84921d8-2c85-4011-a34a-427c9ce25a76 at 1710063427.4933152
Received request 81f9e4c5-ce60-4ec3-aee3-665f041e84cf at 1710063427.5139668
Received request c93a2ed2-4e43-449c-b217-886ddd7af7c2 at 1710063427.5346365
Received request 7d0106dc-cbee-4144-b18b-4da044c5d374 at 1710063427.5553763
Received request 0536a4f3-6ebd-4794-8841-f5d4c09cfe67 at 1710063427.5762353
Received request e0b12bdf-d13c-4fa6-bff9-2c2eab9ff803 at 1710063427.5971122
Received request 539ea79e-55d2-4525-9eb4-c506af1c0b84 at 1710063427.6177804
Received request 03b0c8e5-9f58-416c-9810-f71bfe3d5fc5 at 1710063427.638426
Received request b86607b6-ec39-47dd-9195-c8f00fb8df6d at 1710063427.6591153
Received request c1cbb8c3-1858-4c9c-a57a-bad5e2c7a204 at 1710063427.6802602
Received request d93c1aef-056c-4463-a04e-b8c54dc3071c at 1710063427.701187
Received request aa1fb776-0c20-45e5-913a-abd77326976d at 1710063427.7218711
Received request df62d9d8-a7dd-40b3-a348-25abbc458a8e at 1710063427.7425616
Received request 45bd4480-745d-4967-85b6-608df71f710b at 1710063427.7632189
Received request 2d0fe152-8fd4-4cc6-a6b2-2caa3e2ace97 at 1710063427.7841315
Received request 9c66aacc-63f6-431b-bd07-85d286b059fe at 1710063427.8047585
Received request a55a11b1-2ac3-44ab-8161-0ee8f4be30c9 at 1710063427.8253405
Received request 56f9d4ba-af50-48cf-b8f6-587ad5691c07 at 1710063427.8461933
Received request 65cd75ee-ccd7-4fca-a10f-6e355d224282 at 1710063427.8670192
Received request e60a2e0b-ed36-444a-9d2f-d7abf7332c33 at 1710063427.8877053
Received request 53a0a1cd-9acc-44ef-88d7-dc2c5bad4c9b at 1710063427.9093654
Received request 74a7d07a-d041-4bad-9131-a795d0838dda at 1710063427.929202
Received request 0f7450a4-101d-414d-9070-06881be8f773 at 1710063427.9499135
Received request 7860e316-392a-439e-8c6a-cc6000390b21 at 1710063427.9706197
Received request 0d030e53-49ef-4b86-ae6c-53842203ec09 at 1710063427.9912949
Received request 343e9ed3-401d-4e59-a28d-baec0e2d1d4a at 1710063428.0120926
Received request 08fe686d-212f-41d5-b7e6-593ccd3fcdb8 at 1710063428.0327735
Received request 4bc8992c-b81d-43aa-8db2-78188b438303 at 1710063428.0536344
Received request 047782d3-0e1e-4f52-a163-82cae9825302 at 1710063428.0746393
Received request eb392c4f-26ab-4b1a-8d96-8a165e6c35fc at 1710063428.0955021
Received request 4566f47f-4c8b-44b2-b28e-cbd5909013c4 at 1710063428.1165643
Received request 051113f2-8cba-4224-b8be-53ca0626dc70 at 1710063428.136596
Received request 592b06bb-0a5f-4a47-b567-42f34f54cd39 at 1710063428.1576097
Received request 7da9a75c-d6cd-4765-a9dd-634bcef1441d at 1710063428.1783428
Received request 52528061-0618-45cc-ae61-2ded1ebb1eb3 at 1710063428.199125
Received request 94e8097c-5169-4a7c-8c4b-4b530f83c2f9 at 1710063428.2198634
Received request b1caf4b0-b26f-4b5a-a887-d626235affe4 at 1710063428.240801
Received request 5a04f3cb-4a49-48c5-bc7e-3108f67400fe at 1710063428.2616296
Received request 935da48e-7a13-43d9-ab94-4fa993fb39b0 at 1710063428.282359
Received request 14f4aeb2-710a-4204-a996-78df5e4c1a08 at 1710063428.3030677
Received request d41767b5-b01c-44d0-9470-e1d12b500e0c at 1710063428.3237822
Received request 00faf8b6-cae0-4e7a-9a81-be14db12c747 at 1710063428.3445299
Received request abecdda1-e18d-4f38-a947-c488cae06169 at 1710063428.3652565
Received request 135cd88c-40ed-46dc-9c48-003cb96ff01b at 1710063428.385964
Received request f47f22f3-a943-4a60-8946-fe2e03ca666d at 1710063428.406755
Received request 37971e77-a8e7-473e-978b-e2e9f310a0e7 at 1710063428.4274545
Received request 654bb882-343b-43af-b810-0fa6c27cefce at 1710063428.4483476
Received request d769b01e-9357-488c-8d43-a68c1283d611 at 1710063428.469147
Received request fd5bc808-95b1-4f59-8cbc-7e51c1ff0cad at 1710063428.4899309
Received request 1b091de9-4f5f-4c76-961c-cddf8c673fa5 at 1710063428.5106575
Received request 83ffe179-b6a9-4c4f-8abd-445627663f4d at 1710063428.531433
Received request 936da625-1b2d-4604-8fe0-4aa3a23304f1 at 1710063428.5523858
Received request 6fe21117-f698-459b-8691-9e9c6b650597 at 1710063428.5731676
Received request c4424d56-4cf7-4129-ab3c-069197dfa203 at 1710063428.5939434
Received request 8bfd193b-236b-4e87-baf4-e5367cd5f0cf at 1710063428.6146936
Received request 89896a8a-189b-447b-8ce1-9327e8d81208 at 1710063428.6356385
Received request 37b4a224-536c-4b3b-9659-7e5ce1487931 at 1710063428.6563852
Received request 1807674f-23d4-44cd-9a47-7477dac19cc0 at 1710063428.677293
Received request e0b7db84-b24a-4ae1-9a3c-b386461f35c2 at 1710063428.698057
Received request c8fec3ef-042b-46f2-bef0-36c024f293c0 at 1710063428.7187295
Received request 9c0abc38-6b75-4253-bec0-ecdaf5144046 at 1710063428.7394514
Received request 93427b1f-f95c-40f0-a092-f5d864ea88a6 at 1710063428.7603238
Received request d327548a-fcb2-474d-8861-9400d59b16bf at 1710063428.781045
Received request 2f63bf04-1783-409c-9f11-de22e0901161 at 1710063428.8018248
Received request 6895a06a-629a-4b4c-83f1-5b6bd80594b8 at 1710063428.8225992
Received request 0040917c-2239-4d46-a16f-468d264297f1 at 1710063428.843299
Received request 6155cf21-ce82-4e26-a525-d08e60de0dd3 at 1710063428.8642845
Received request 059bcc00-8bab-4ef0-b206-aaab0fbabcf2 at 1710063428.8851619
Received request aeb38ffc-0fee-46bc-b492-9444a8b0e999 at 1710063428.9062667
Received request 6ac29230-5962-4ffd-a72b-2f5dd038eb21 at 1710063428.9270782
Received request 43332b51-c8ac-4486-880e-4594fee83864 at 1710063428.9480853
Received request 0854b587-2321-4086-9ab9-83473db5d3bb at 1710063428.968866
Received request b3c077fd-6893-4a53-b833-66dbb5d10702 at 1710063428.989674
Received request fd10ecc1-7472-49a5-87c7-758b5cf85260 at 1710063429.0104182
Received request 3f58dd4b-f61b-4470-ab73-9768cae7b8cc at 1710063429.0313697
Received request 19922488-bd4b-4859-a45e-3d77e23d5362 at 1710063429.052413
Received request 5f111832-2a49-4006-8628-56e99e1083de at 1710063429.0732274
Received request e92a1438-90b4-416a-8537-a2bb371ed755 at 1710063429.0940728
Received request 0b5419fd-df27-4b4e-a790-ca37dbe2b60d at 1710063429.1148953
Received request a0eadb94-b10a-4df5-9a03-16ec0ef1e671 at 1710063429.1357095
Received request 09b76a8f-1867-4668-b5f2-1d98a7a41d66 at 1710063429.156636
Received request dffb0b09-d25c-4b4c-be65-b45286aca0c9 at 1710063429.17739
Received request ffee9794-f048-4d90-9114-3c15d75c951a at 1710063429.1981874
Received request 589de37f-7f3e-4bc2-b693-7fc1e928f003 at 1710063429.2188823
Received request 1a0f645e-8954-4f1a-8d56-62b08c391405 at 1710063429.2396417
Received request 73c6c3fc-4d7f-4ca3-9486-8a2c764218e6 at 1710063429.260661
Received request 0627bdaf-69f4-4aa6-ad37-6575359fd2a8 at 1710063429.2814112
Received request 3c94c39e-b6dc-4d06-a776-1ab52d40a763 at 1710063429.3022606
Received request c22e00cd-920e-4c33-b330-304f6160323d at 1710063429.3229454
Received request e686e66a-15aa-4106-9bcb-eeffcdbc4316 at 1710063429.3436234
Received request 4140b392-1e8b-47c4-abaf-013dcc96ce0f at 1710063429.3646057
Received request 19f133ad-eb65-4e23-b092-609e3b29b400 at 1710063429.3855572
Received request bf1e4d8d-9d74-44b9-bd61-b0781b21805a at 1710063429.4062655
Received request 7ad75c21-2684-4677-ac92-e66a8ac52c11 at 1710063429.4270842
Received request 51a05f0a-c53d-41d0-988f-2e04c9667177 at 1710063429.447837
Received request 0b05506c-0e5e-411d-bbe6-4cac796582f7 at 1710063429.4685495
Received request 391d4def-f46e-4a0d-a972-63a35dafc9a3 at 1710063429.4894195
Received request 1580f9f9-7854-4072-b1c4-488404e577d4 at 1710063429.5101473
Received request e168b59c-83eb-4b3a-b1e3-56b8e28e3b3c at 1710063429.531023
Received request c9dc2d26-759a-459f-b5a5-be1f2d68e4ec at 1710063429.5517168
Received request 18f8cd1c-a1e5-49a8-8696-546cec4eb777 at 1710063429.5726945
Received request 567092c9-3aea-4b3d-bb19-a2fe07f9d2eb at 1710063429.5935247
Received request 6c1957ab-9c08-4d83-8f6c-3bf63a1b952d at 1710063429.6142426
Received request eaee3af5-1e95-49bb-9b61-044a3a825fba at 1710063429.6348884
Received request 7e85218f-5f2e-4499-8c53-c3b12f20cbf3 at 1710063429.655735
Received request 600e1ff0-bf7f-4cf8-96d3-79c68fb67e9c at 1710063429.6765897
Received request 68be5b1d-2ef9-40cb-bace-ee5ec1108407 at 1710063429.6974835
Received request efd7a4c4-2e0c-47ee-8883-4fb547d401ad at 1710063429.7181683
Received request d303672b-8345-4e4d-8be9-e0576e77bba9 at 1710063429.738788
Received request 48e19b14-8aa2-45bd-b372-dbe12f45491e at 1710063429.7595184
Received request 6914426b-be85-4896-a05f-f1c906d57eab at 1710063429.7802603
Received request aa8032e1-b30e-4068-a5b8-b10d8728c4f2 at 1710063429.8012457
Received request 0145e3c8-3367-4f2b-9a2f-6b8419e1e1ee at 1710063429.8220642
Received request b8123ec8-38de-4e89-8cd5-17189edbfaaf at 1710063429.8428025
Received request 1427f468-add8-47bc-89bd-98a855aa1790 at 1710063429.8634553
Received request 3fc068cc-2ffb-470e-9e0d-158924ef808f at 1710063429.8841827
Received request 7374d5db-38d9-46b0-bbe7-02daedbe22cf at 1710063429.904969
Received request bfa0a300-e3bd-40e5-8520-8e72005299ce at 1710063429.9256914
Received request 21868541-776c-4f5b-ad2d-b08fbb25b00d at 1710063429.946476
Received request 04fe7dc5-2407-4c1d-87c4-24bca15e421b at 1710063429.9683113
Received request 2699adfd-94cc-474f-a78b-9f65c723a54e at 1710063429.9882984
Received request ba17ad3b-0cbe-4ce8-8859-e128e9c087db at 1710063430.0093083
Received request 02fbc4da-c9d1-43f8-8947-239cd8dc0cdd at 1710063430.0302958
Received request 178e6ded-2ec6-4808-be7a-1a84a8d5bf71 at 1710063430.0511274
Received request f1236eae-b209-4add-a8a7-69f269dd3524 at 1710063430.0720952
Received request 4a38d5c2-5f19-4422-8762-939c586abd4b at 1710063430.0929015
Received request 3a5f20ab-0783-45ae-8ad0-68eb500744de at 1710063430.1137133
Received request eb158fd0-b721-4644-bf53-7e8483814e32 at 1710063430.1344786
Received request 2f0f84f6-4032-490b-b0be-eefd38849107 at 1710063430.1553528
Received request 9fdd57d8-b9a9-4138-b75d-abb997fb8d58 at 1710063430.1763127
Received request c33f36c4-f2e5-4e37-a989-409dc2fe1f00 at 1710063430.197165
Received request b97a627b-6006-497e-87c6-9bc5d53d3b9f at 1710063430.2180414
Received request 96c17156-3466-40fe-8f86-e58fe4e9eb15 at 1710063430.2388878
Received request a2bfcf50-b567-49a0-bda8-51e95177713c at 1710063430.2597003
Received request 95ce07e8-657b-4f34-a96f-b08f8bcfe85f at 1710063430.2805092
Received request 8894368d-fceb-43ba-a163-c15a07dbcbf9 at 1710063430.301615
Received request a4413576-5b9c-4e80-ba9b-23c9e02b14e8 at 1710063430.3222911
Received request fd3da6ad-5c2d-4c19-b4ef-20a5783a3129 at 1710063430.3430908
Received request 8ebaac85-25cf-4623-9f0b-7aa94cc57f7d at 1710063430.3639367
Received request 31bf4f39-9dbe-4abb-a33c-ef18a6a99164 at 1710063430.3849075
Received request 4134bce3-2d71-41ed-bad2-c42ea0694a64 at 1710063430.405746
Received request a485b68b-c1b5-490a-a41a-5876babafff4 at 1710063430.426506
Received request 888636d1-43c8-49b1-812f-bf459597d97c at 1710063430.447266
Received request cfff4262-797e-4fb9-bd4f-a60a460e1d29 at 1710063430.4680157
Received request 1dfd28d1-49ab-4fdf-b64f-8aca3618726f at 1710063430.4888296
Received request 52e40ea8-54b4-48d3-b141-011c8aead5e9 at 1710063430.509599
Received request ea580fa2-136c-42f1-bdfd-1707c51f6911 at 1710063430.5306773
Received request 44db6e20-be89-4f72-ba06-1c0f61c5a4cf at 1710063430.5528326
Received request 48be241c-ab61-48b2-b407-39ae9537ea8d at 1710063430.572704
Received request 210599a4-bb3e-44b7-8f5d-e4bd2051f612 at 1710063430.594083
Received request 859d58b6-674b-4be2-a0dd-8b6b51c73286 at 1710063430.6142073
Received request 10a51b31-9179-4663-a806-e1ce133c528d at 1710063430.6353173
Received request 808b2c51-dd97-458a-9892-219c9610b264 at 1710063430.6562245
Received request 7c39b2b8-569e-424b-b991-48a13dba619c at 1710063430.677339
Received request d4e88e73-4fa0-4be0-a77a-1de58f43ff93 at 1710063430.698434
Received request 57c8175a-b9c7-418f-be01-36738be678a5 at 1710063430.7193651
Received request 714ccc61-397b-49a9-932d-33ede408a852 at 1710063430.7403488
Received request ec5777a5-873e-4aa8-a351-8f4509138c6f at 1710063430.7614026
Received request 450f8465-0565-49d6-bce5-3253db79a5cf at 1710063430.7822876
Received request 8feba291-ab36-4967-941c-99dee38779f7 at 1710063430.8030858
Received request 870dbaf3-9e52-4d7b-ba3a-4cd30de19de4 at 1710063430.8242342
Received request 18927712-d3e2-4100-91be-10a039f1d2a9 at 1710063430.8453157
Received request 46540a13-9032-4be7-ac45-e336733bc468 at 1710063430.866323
Received request 2905b81e-d7b7-4890-af83-68fdc0804f8a at 1710063430.887297
Received request 0cc6548a-ef60-409b-8a1a-4b0d330ebb61 at 1710063430.90835
Received request 5c2e9abd-8b5f-4f70-8772-2c060d8c088d at 1710063430.9292238
Received request 6f5278d7-f449-44fd-9227-e67fe50ec01d at 1710063430.9509203
Received request dc94e3a5-5b6d-4408-ad41-ec577fdbe35b at 1710063430.971165
Received request 3e065b93-7d43-4d7b-a8c5-6440a338d9e6 at 1710063430.9911268
Received request 38c68e3f-3999-43be-b380-969a8a1262e4 at 1710063431.0123158
Received request a9e717a6-1274-4cd9-9928-751df7b4ad55 at 1710063431.0333796
Received request 25bc91e7-fca6-4cb5-84c7-ba0da5311b10 at 1710063431.054228
Received request cf11919d-9226-48de-881d-a5597ad10769 at 1710063431.0751112
Received request 22a4790a-51ef-4b96-b86e-4ff405e3704b at 1710063431.0960133
Received request 0e6fad56-92b8-4c23-bf8d-12da17d92b9d at 1710063431.1169274
Received request 77156b42-b71c-494f-8bee-0201d14aa94b at 1710063431.1378424
Received request 64ae8410-cf01-4b13-94b5-a2a9b71bcb4a at 1710063431.1587858
Received request 1046e246-2aec-43bb-a503-28b74be6d6e8 at 1710063431.1797357
Received request 6fed3899-c9fa-4106-a5c4-174fc5b53ab0 at 1710063431.2008145
Received request b509b7cb-398e-4595-adfe-a3e8cd94e2f4 at 1710063431.221884
Received request 8cd927ad-6959-438a-b9ac-f6783dd2584e at 1710063431.2427552
Received request 68adf065-b027-4236-884d-d58f93b8a37d at 1710063431.263622
Received request 8a52bae0-551a-45a6-9efe-8ab4bf29ea3c at 1710063431.2845972
Received request 2ae28ea9-0dc5-48a5-b832-ad7b8f5a0381 at 1710063431.3055303
Received request 22be4120-2f3b-4a2e-8e98-639ed2d6db77 at 1710063431.326286
Received request ede8d842-f081-4cb5-b70e-ae2c143f476e at 1710063431.347236
Received request 5c8a475e-ba5c-4b4b-9592-4f7f63e9bb0d at 1710063431.3683202
Received request ff9c0073-82e1-4ca8-a6f6-89eda0d6827c at 1710063431.3892083
Received request 2ca86926-f809-4c46-ab3f-44d9ca2dfa1e at 1710063431.4101627
Received request 98953ce4-eedb-4d38-b312-1ad5bead2a5a at 1710063431.4309304
Received request 655448d9-8d48-44c7-b1f2-27a601bc5094 at 1710063431.4521134
Received request 56c82237-a575-46cd-b19f-67318a797c1d at 1710063431.4730349
Received request b7837749-f026-4979-9918-b86feed0d981 at 1710063431.4938817
Received request 479baf7d-3975-44ed-a911-1f3edf50db98 at 1710063431.514536
Received request bbf50d74-a348-4d33-9129-6b1c53323639 at 1710063431.5355382
Received request 1cf92528-c435-4551-bb82-8d61ec328d39 at 1710063431.5564518
Received request 29a48196-9603-4784-812c-b11194647620 at 1710063431.5772262
Received request 8363665d-0a53-428a-8b40-70625451e277 at 1710063431.598058
Received request 27bf9072-4375-4da1-81ba-9bc70ec51cad at 1710063431.6189287
Received request 5cbf9084-9935-413f-a046-1c644d865e59 at 1710063431.6398087
Received request 6e3d166e-ed6c-4ec7-b85e-05ca60d9e8a7 at 1710063431.6607969
Received request 5713b0c3-93c3-401c-b99a-e28901b24577 at 1710063431.6817803
Received request d46c225f-5359-4d4e-994c-4c2ab689819e at 1710063431.7025812
Received request 75372d47-dcbb-41f8-81b9-6fb47512718b at 1710063431.7233229
Received request 603fe25d-e608-4a10-83b3-115c60fc08b4 at 1710063431.7442698
Received request dd950e9d-33ff-4912-82d3-887e3692e43c at 1710063431.7653956
Received request 91a1c06c-5298-4cdd-84fc-c83e8af22a50 at 1710063431.7865353
Received request f7eea4f9-2e0c-4fbe-bf5e-734262268020 at 1710063431.8076365
Received request 006e75ee-2ff1-433f-98a1-88189aac5b3c at 1710063431.8277507
Received request 23789d1d-c87e-4fdf-b6ea-4c3e64ea760f at 1710063431.848772
Received request b3d35761-89d4-4c17-8700-f43d089dea44 at 1710063431.8696873
Received request 92e12bcb-8636-4cfc-97fe-2e6c90b499c7 at 1710063431.8904366
Received request b14c7a50-065e-4988-82b7-90ea3d3c1880 at 1710063431.9111924
Received request 553a8950-404f-41df-b959-6b37b4fdf263 at 1710063431.9319074
Received request 7fd15920-e286-4d26-8b09-3e478124c80f at 1710063431.9526825
Received request ff79574e-513d-4ba2-834a-736ed2273133 at 1710063431.973441
Received request 96a072bf-285c-4c96-a519-24c5b7457788 at 1710063431.9942322
Received request 9a9d7312-d803-4cb5-99cb-ab04e7ecb2f3 at 1710063432.0149524
Received request 75f88b5d-c31c-4724-926a-f419da927b3e at 1710063432.035677
Received request e1cb42b5-4c39-4af6-ab4d-a94ba2fb3160 at 1710063432.056638
Received request a329a82a-4e17-4c4e-bb47-f6592930c934 at 1710063432.0776048
Received request 037a362e-eb66-4274-a360-8a769b554624 at 1710063432.0982459
Received request 505bf571-f1db-48e5-a181-f05f50df6368 at 1710063432.1189177
Received request a409c12e-c410-41f5-9d61-1586fe47e52a at 1710063432.1397629
Received request ce954156-daf0-4362-a2b2-099a71326a7a at 1710063432.1615717
Received request 71a04ff0-3661-4da5-bbe7-19bdcad764f1 at 1710063432.1815743
Received request 26a49281-e71b-4472-9dda-933ccafc9773 at 1710063432.2023342
Received request 0b2513dc-d021-4c5a-8e14-8d36b360df00 at 1710063432.2232757
Received request 7f007294-56d3-4de3-88b2-56c10040e55f at 1710063432.2441943
Received request 9e3e3b02-82a1-4c02-9aea-c32012f2ce6d at 1710063432.264986
Received request 78a535d6-a652-4ff7-a390-345eb86b6dcc at 1710063432.285784
Received request d11fc3ec-adf3-4c2d-bd1f-ba8d7044cbaf at 1710063432.3065696
Received request 29a0a05a-1b30-4d0c-95f5-2565f6db36fa at 1710063432.3274019
Received request 885a6031-abed-4c86-856f-b19554118fa0 at 1710063432.3482494
Received request add4195e-dcf9-439c-b0ae-f03a02afd024 at 1710063432.3690908
Received request 6e47885b-ea9e-435c-96b2-3a99bf309214 at 1710063432.3898876
Received request 1bfc2dfb-63b3-4572-90d2-58ad8547d131 at 1710063432.4106486
Received request 814faf1d-61e3-4a11-91fe-58a738a20548 at 1710063432.4313753
Received request 3d60261c-bec4-4085-8a4f-8229e696ec3a at 1710063432.4521177
Received request 853233c8-eae5-42f5-b41f-d9120f51b2d9 at 1710063432.472953
Received request 869e6ce6-b86d-4cac-af21-f24918799b16 at 1710063432.4938045
Received request c7e8d493-c5a2-4d40-8081-a4570b39301f at 1710063432.5145042
Received request 5b5ffd00-1af6-47a1-841f-d7982b09265f at 1710063432.535352
Received request 70fb22cf-3573-4756-a61e-707a9a5aee4f at 1710063432.5562189
Received request a9154bbd-8720-46b3-a0d0-402675d71a9f at 1710063432.5769107
Received request 6fcefac5-abd5-43e4-b77a-78cd4b373325 at 1710063432.5976481
Received request 13c81d56-fc8a-47e6-8feb-fc8937364eb6 at 1710063432.6184595
Received request 25483343-3640-48f3-a0f9-050b5a654973 at 1710063432.6393094
Received request dc564144-6596-4600-8f83-b476e725c26f at 1710063432.6601534
Received request e65782f2-16ca-45a7-9b3c-4789669d1fd4 at 1710063432.681038
Received request 99308180-6267-448e-ad76-56bab44df1ae at 1710063432.7019627
Received request f24f3a50-caae-4c96-b815-d97b13575d77 at 1710063432.7226326
Received request 4a461c8c-5d8c-4d8b-87d2-b24cabb8b66e at 1710063432.7433455
Received request 9fc59899-e85f-4494-94d9-34efdefbcc45 at 1710063432.7637978
Received request 65f651b6-dcc6-43c4-a6ec-f8746608722b at 1710063432.7845256
Received request eba4dd32-da6e-4528-a214-05a3440df483 at 1710063432.805591
Received request fa2e87bf-efd8-4d62-88ca-1dcbb1d56a73 at 1710063432.826578
Received request 4123cdf7-272b-4338-8acf-a9069e0cc85c at 1710063432.847486
Received request a445aebd-132f-487b-a97f-f541215dd5b5 at 1710063432.8683777
Received request 2daa3fa4-199d-42c2-bd40-1181c9fbe3a0 at 1710063432.889244
Received request 0f23d74c-30fa-4692-aa35-6c650e59ffd9 at 1710063432.9100177
Received request 79ac08ea-651d-42dd-9251-c5c1f0b2b1e1 at 1710063432.9306412
Received request dbf2a726-185b-49e7-b7bf-2485d1a8baf2 at 1710063432.9513924
Received request 08f0c5ee-c5c2-45f9-8423-04ff3119005b at 1710063432.9723177
Received request 094654f8-c0a3-47e2-825f-34948037a8bb at 1710063432.9931555
Received request b5fd0e92-14cb-4ad7-97c0-5bf37ba46ebd at 1710063433.0140376
Received request 8e6e07ca-da7c-4586-8745-d30b77b41a70 at 1710063433.0346794
Received request 6e7498cb-cab0-4923-9da3-1d0ef5e1ae29 at 1710063433.055438
Received request ce90639c-363c-4429-85d5-b7b6d0db7b28 at 1710063433.0761032
Received request fa4c81e5-9761-4974-9961-4e02f4fb04e8 at 1710063433.0967379
Received request 3c3d1bd2-a515-4295-ad4f-3019116c2eec at 1710063433.117382
Received request 51e9683a-c25c-464c-b891-895fd4c82593 at 1710063433.1381369
Received request e7a0334d-e4e5-4589-ab39-3b02796b0f6e at 1710063433.158853
Received request a5e01497-a52f-4471-8991-be1d42cd728c at 1710063433.1795995
Received request fd2d4da9-9b34-40c3-a502-e2cf0144bb8d at 1710063433.2004776
Received request ad2a45cc-60ec-4012-8d09-b3073a221d8f at 1710063433.2213602
Received request dbd5ae5f-ffcd-4ba5-a82a-e3ba610112e1 at 1710063433.2419767
Received request 20562a9a-0ea2-483a-8102-e840a2bc146e at 1710063433.2625635
Received request ee2c1518-cf98-4359-86fe-0f2157de7dc5 at 1710063433.2833393
Received request 3f3d03cd-30e5-45d3-8b6d-687a70fe0efc at 1710063433.3041236
Received request cb7537e0-3e2b-4d59-b2dd-2afbc5ab174c at 1710063433.324871
Received request 817d61e7-2ad1-4605-878a-3818009c5b68 at 1710063433.345744
Received request cd0a1ee5-a33e-4e5d-a29c-9bcac271effe at 1710063433.3663888
Received request 2f3a1bc3-4feb-47fc-a283-d1281dad2f6a at 1710063433.387143
Received request 2e3e8655-5be6-4ddb-9c24-784b6cc61e89 at 1710063433.408105
Received request de266e56-a83d-4142-9e9a-af276769af11 at 1710063433.4287465
Received request 4873e8f8-c708-40ea-aba5-39a60ca9b619 at 1710063433.449526
Received request bb515008-bbfb-4ee4-9c38-4de8abf4e610 at 1710063433.470232
Received request c8dc40c0-ae8d-4420-8cbb-43c1273fd7b7 at 1710063433.4913254
Received request 53cd23de-1fc6-4d82-997f-4187765aa178 at 1710063433.5122507
Received request a0930dd1-77ba-4842-b8ec-288f823bd9f1 at 1710063433.5330913
Received request 9c394b60-fa10-446c-9a20-516927ef6c05 at 1710063433.5537014
Received request 57c6fa35-ecb6-4984-9e17-aafb7817216e at 1710063433.574756
Received request 650e4749-a98b-4447-85ac-351c4e37021e at 1710063433.5957637
Received request 0fa92024-5349-4535-9b45-beacfd78144b at 1710063433.6164434
Received request 96669db7-6c72-4922-82f6-25c72ee3a4a1 at 1710063433.6375594
Received request d09bd6f2-a742-4ffa-a95f-743c4bbe5385 at 1710063433.658208
Received request 4924ae5e-4c4b-4ae0-9295-39abf0434d68 at 1710063433.6790607
Received request 2bdeddc3-ebca-4cf0-9e18-6090a047cd2d at 1710063433.699714
Received request 503e6342-ae32-415d-a69b-8ea6ad9f7f0b at 1710063433.7205782
Received request f60a7d16-c2b5-4980-8d45-c5dd862a8963 at 1710063433.7413611
Received request b1708310-722b-41f6-966a-7a191032eff4 at 1710063433.7620416
Received request beb13afb-1602-4493-9c88-1fa5270c3182 at 1710063433.783175
Received request 15aaecb7-0870-44f9-819a-80df38014398 at 1710063433.803787
Received request f5ab4471-c58d-4b82-8767-0e675bf438bc at 1710063433.8246136
Received request e89b208b-3e86-441d-96f9-7dee13de93fd at 1710063433.845243
Received request 36739774-82d9-4e5c-9ee7-622c5b83038a at 1710063433.8659585
Received request 4313345d-66f4-44a8-be93-2142c4e17991 at 1710063433.8874185
Received request 9fd6585d-80ae-43e7-8fd1-9b1fe8f80f4c at 1710063433.9077272
Received request ba34ef05-0d70-4e1e-a805-7a2e115099f8 at 1710063433.9296582
Received request e1ac3051-3de8-4cdd-9d74-2ea0c9cf5736 at 1710063433.9496024
Received request c2dad120-dbc8-4dea-9680-050b2507ad44 at 1710063433.970413
Received request 284d3b44-3a8b-4b60-9d94-24f086d9e89d at 1710063433.9913602
Received request 8e7101db-0050-469e-8a74-bc214b8af61d at 1710063434.0122504
Received request 439a7ce5-a9ed-4a16-9917-daab4ddfa94e at 1710063434.0342624
Received request dd22369c-d12e-4ba3-b0b4-16bada1ef64f at 1710063434.054118
Received request 658f9f2b-c3e8-4d43-ad45-25284ace7409 at 1710063434.0749686
Received request 4f56549a-47bd-4959-af53-98885353036f at 1710063434.095679
Received request 23dc5211-2b93-4555-810e-6dd0c816c83b at 1710063434.1171863
Received request f598dc2b-0394-4002-9031-d83d72571a4e at 1710063434.1373115
Received request 58b6dc5f-7440-4d38-a53b-0c043644fa84 at 1710063434.1581101
Received request 2645185a-da8d-4f10-87fb-8cb17a85be18 at 1710063434.1787963
Received request 7f5932ee-9357-4e5c-aa72-0b651c21623e at 1710063434.1996393
Received request 6543b4a5-fdbc-4403-a3ae-56a21626d4dc at 1710063434.2204807
Received request 86317d51-3a58-436e-9d37-ef74c6d267a8 at 1710063434.2412503
Received request 0e53039a-520d-4bb4-a721-df6c2fb584db at 1710063434.261921
Received request 86332e6f-12db-4702-9a7c-69178dea9dc7 at 1710063434.2824798
Received request defddc54-afdc-49e7-99d8-1baadb458b70 at 1710063434.3032327
Received request 5ed749d7-93d4-46d7-8126-bbc83e74e360 at 1710063434.3242106
Received request 03142d0e-efcf-4a88-8b05-0f99402d87e8 at 1710063434.3449395
Received request 69c02ef9-2f81-4be8-89db-2414a0bb1efe at 1710063434.3657622
Received request 81bb68bb-2bad-4239-b3f1-b3a18b2aed69 at 1710063434.3863785
Received request 865a2bb9-558f-487b-b019-f6ec47080b9d at 1710063434.4069571
Received request ae365254-8dee-4910-a2cf-939aaa59b43c at 1710063434.427712
Received request 2f1fb581-2b9b-4319-8d6e-7d5fdbef20a3 at 1710063434.448459
Received request 87d242be-728a-4c59-96a0-4a5101896025 at 1710063434.4692168
Received request 911aa6d6-8c1b-4f28-9d3d-2e48ed98932b at 1710063434.4900863
Received request 25592dd6-7ced-44ca-8dbb-e63f7dda8aed at 1710063434.5108278
Received request eca014a7-7d9f-43ed-b248-a08445ea9ca5 at 1710063434.5315917
Received request 79b5c81e-e797-4be9-a7ff-05bb8d18bf40 at 1710063434.5525143
Received request cdb23eb6-d8f5-4a5f-9f89-4ccec1e7ee91 at 1710063434.573351
Received request be77599f-4182-4649-aa03-7185af02d31f at 1710063434.5940711
Received request 42cb1a09-22c2-4a15-8c26-c40bcd462fac at 1710063434.61478
Received request 7e46628e-e287-45d0-b9c2-ec8645973b09 at 1710063434.6355727
Received request a4e33e30-acd9-4cb4-b7c4-7b369b48ac2a at 1710063434.65662
Received request 985a443f-5998-45a4-987f-7d5a5ea288c1 at 1710063434.6773827
Received request b2161064-bc17-45a2-ae28-c931cdbb72ee at 1710063434.6980658
Received request 7da57142-99bb-4973-88d2-495884a7a677 at 1710063434.7188265
Received request d781d9cc-c1b0-45d5-b989-aa61ba3e3ba4 at 1710063434.739481
Received request b1c0b55f-ee2f-424e-ac03-9f7ea88b5127 at 1710063434.7603998
Received request 4766779a-1dca-40ab-b8eb-e273034effe1 at 1710063434.7811394
Received request 005239a7-70e3-4c10-a102-bb58d9213889 at 1710063434.8018248
Received request 8d85f5d0-a556-4c54-86f4-bfea8f32a854 at 1710063434.822499
Received request 6c70e904-2ab7-4ad9-a175-e77db9387947 at 1710063434.8432217
Received request 924808f3-fb6e-4ee3-bdc1-f16ac42f9684 at 1710063434.8642871
Received request 034b0503-abb5-4002-9d3e-2d5e52b5a4a2 at 1710063434.8851185
Received request 5d85a5c0-b07a-4994-8a68-8accfb716edf at 1710063434.905851
Received request fee15fde-6881-4d62-9056-1a5ad759b6c3 at 1710063434.9265828
Received request dc9e33bd-9a85-4c53-ad01-29c745155dd4 at 1710063434.9474375
Received request 74bf9b9f-e6eb-4d26-9964-a26f87d8a688 at 1710063434.9683602
Received request b9982adf-de69-47b8-bfa2-4b30a4c0ab44 at 1710063434.9897888
Received request 8e309ca6-e253-4bbc-ac98-3b3b7a6420b4 at 1710063435.009836
Received request d577acfb-e62e-4c7b-ba69-967f4771dd88 at 1710063435.0305593
Received request 023a0466-4def-41ea-8681-8d615fbaa549 at 1710063435.051156
Received request 87b14e8b-b345-4db7-9120-5a7a56c7336f at 1710063435.0720718
Received request 2bfe0ec4-afd9-4125-b018-867f5566270a at 1710063435.0930693
Received request 2d5e3663-d401-44a0-b5e9-9e9c1ad5d342 at 1710063435.1140728
Received request c2af4eb0-4035-4df0-bb9b-f01ca98417ac at 1710063435.1349688
Received request 76b45da2-b750-4df4-89ee-62e182df80df at 1710063435.1556916
Received request 5de8be65-be57-4286-b193-46b7f4f09441 at 1710063435.1766074
Received request ffa5a1c4-661c-44ab-bdad-981f0828b462 at 1710063435.1973925
Received request 913e21fe-f6b6-4d04-9eb6-eb38c688ea61 at 1710063435.2182972
Received request 9eca7134-8071-4ed8-8a4c-e64ebf36311d at 1710063435.2391562
Received request 2bcf466a-8dd0-4e76-923a-f419fbbbcb76 at 1710063435.260166
Received request 472edab1-dc43-4d1c-8669-13affeade6e5 at 1710063435.2803226
Received request 35b2efe2-572d-463a-ba2c-a9a4ccbb9c8e at 1710063435.3012242
Received request 0177b803-9d6f-48dc-89c1-81d05033740f at 1710063435.322223
Received request f0e948a3-3c51-4481-b2fd-2badf48a055a at 1710063435.342908
Received request 06e29adc-4bbc-40c3-9e0e-63bab265f262 at 1710063435.363602
Received request 9058807d-ade3-42cc-9948-0c4b66131e28 at 1710063435.3846288
Received request 1c36186e-947c-4465-8d97-79791e29c370 at 1710063435.4055223
Received request 5f946513-7aa2-459e-b466-6b79bcda953c at 1710063435.4262593
Received request 67f7360f-246d-4bca-b8eb-0be46d4d740a at 1710063435.4470997
Received request 6e5a7292-7e8b-474f-96c1-9b31400e175a at 1710063435.467949
Received request 28cd7e82-4f8d-4f3f-963d-eb888a832b9e at 1710063435.4888783
Received request 9971e7ca-1275-467c-a4db-a243f12ba654 at 1710063435.509824
Received request e15aa8ad-4562-4a81-bc32-f4ee4cedf185 at 1710063435.5306225
Received request b89c5c6f-a72e-422d-b1a4-0847169b5411 at 1710063435.551618
Received request 1c69d7b3-d230-4369-be2a-f73bf25a1ac7 at 1710063435.5725951
Received request b51eae91-fcdc-4f3a-8361-58ef69105d36 at 1710063435.5936801
Received request 9c8e0551-0a21-4a7e-bace-219ce39983cf at 1710063435.6145668
Received request 67f2680b-5489-4258-b6d4-e0e33100ae48 at 1710063435.6354241
Received request 556fe83d-c203-45e8-a225-067122d8eb40 at 1710063435.6563437
Received request 15c32dd3-f902-4a69-802c-f476edb5a164 at 1710063435.6772122
Received request 324fa0f5-bc1d-42b1-9318-59ac21b309bc at 1710063435.697994
Received request 76195013-4bcf-4491-bd42-bf72823657c2 at 1710063435.718709
Received request d6ff8866-59ef-409a-bc25-1ce5dd114314 at 1710063435.7396688
Received request 44b90206-c552-4fc5-9db1-0eeb93b7a53c at 1710063435.7605078
Received request 7b239f77-2fc3-4100-aac0-3260656f441b at 1710063435.7812786
Received request 809b4d6f-6900-4579-b80f-e112125363ad at 1710063435.8020606
Received request f98ae79a-65e3-48cb-b91d-60332fc62305 at 1710063435.8226993
Received request a816faeb-ce45-46c3-a7b6-245237fcdac3 at 1710063435.8434913
Received request a9941da5-bfb7-4f04-b83e-ea4cb34cd006 at 1710063435.8644176
Received request 5db49eba-da3b-452e-8fd1-3ae7978be5bf at 1710063435.885371
Received request 7de8e6aa-28b3-4d4d-87e3-bbc461b0a812 at 1710063435.9061437
Received request c15a7047-7daa-45a3-baaf-c937e73526da at 1710063435.9269
Received request d662a32d-853e-42bd-8168-3dd41b6124ee at 1710063435.9477603
Received request 92c2a18b-bf9b-48ec-8a2e-f53f09b2cdaa at 1710063435.9688258
Received request 6f67ba78-9732-4cfe-9be9-4ca14b06e1f9 at 1710063435.9888904
Received request 2951cfbe-544b-492c-a0f6-e9050a00707b at 1710063436.0097377
Received request 8933856a-5724-46cb-92d0-150891fdafcd at 1710063436.03055
Received request 4c5afcbb-975b-4cda-a365-24b809576dee at 1710063436.0511775
Received request 4ce2b32b-6117-481a-8e09-9c38800e21a5 at 1710063436.0719872
Received request ff9e49f7-db98-4311-bde3-e402b3cdebb0 at 1710063436.0929756
Received request 109ad2a9-d1e7-490f-9ab3-1ea2540529db at 1710063436.1137543
Received request 635c8824-379e-4737-a59c-b0dd914ebf66 at 1710063436.134433
Received request 9adb5e77-1171-459d-b14e-e7b7ec7f927b at 1710063436.1546867
Received request 89ffc1f1-49a6-49e0-a415-e18e4fdc7789 at 1710063436.175638
Received request 15664441-b82d-4e7c-8765-2245e4ce3077 at 1710063436.1966147
Received request 43f7cb74-d381-4efd-b3d5-9d2cde2a2d51 at 1710063436.2172933
Received request 6ce50426-fb6d-45de-9b79-78522b9651b0 at 1710063436.2380989
Received request 1e14128d-090a-4788-a87b-82fc3fc0d908 at 1710063436.2587104
Received request 9c197a67-8510-4b61-aa08-4d8303b889b5 at 1710063436.2795234
Received request 475e605b-8af2-4bbd-a0c8-f8b0092f3e73 at 1710063436.3006284
Received request eac4f169-106d-4d5b-a2e2-4ec033ebffb3 at 1710063436.3213048
Received request 8a3213b1-8458-48dc-8c1b-45450a503748 at 1710063436.3421557
Received request b0579638-7383-4e71-8d85-9eb21cbc7d76 at 1710063436.3630192
Received request d742b7a3-a1c8-44a1-9ee4-f67dfa538cf3 at 1710063436.3841388
Received request 24824680-d364-4482-9f1c-4473135b884b at 1710063436.4052124
Received request 3cd9cec4-c4fa-41dc-9463-860baf722bec at 1710063436.4260113
Received request 7f464eb5-dff2-4908-b28b-a0d1834f2acc at 1710063436.4469512
Received request ccfa0429-6595-40b0-99a5-29b6b3df95b5 at 1710063436.4679968
Received request 0278d85d-38e9-45fb-932a-8faaa427f4d6 at 1710063436.4892626
Received request 579d6d46-af6d-4eed-ace2-6aa453745971 at 1710063436.5100603
Received request 98478c08-ec19-49c7-bdb4-4a8992b32049 at 1710063436.5310562
Received request fa00f6d8-aa00-4a03-8a87-8228f105b8f0 at 1710063436.5521305
Received request 5c1c9392-fd8b-415f-a63d-5dbf2a386c31 at 1710063436.5728672
Received request 4929576c-9391-4d72-adf4-34602e12653e at 1710063436.5937512
Received request 2edd47a0-cac2-4946-b084-1888d33a8397 at 1710063436.6146233
Received request 35211ced-b53d-4b26-a87e-d36cf206d757 at 1710063436.6353812
Received request 1d2c57be-0ad1-4e09-aa7e-7c7e91ae997a at 1710063436.6564908
Received request 1051ac76-6728-4b2c-b214-19aecb1f329d at 1710063436.6775126
Received request 21ee5585-b6ab-4a02-ad62-73f711167df9 at 1710063436.6983786
Received request 677e66fd-53f8-48d0-8216-aa21baffb92d at 1710063436.7194977
Received request f5998545-d90d-4bf5-aa14-51cb6c0db058 at 1710063436.7404513
Received request 776907a2-677b-4075-bf75-e475f243fd6c at 1710063436.761205
Received request 4877738a-6634-4c7e-ab53-3ab190af0eeb at 1710063436.7821045
Received request d8a800e9-0266-43a7-8a89-f3d35aa817a0 at 1710063436.8028073
Received request 02d1a7c4-7280-458e-8571-1b9882249ca4 at 1710063436.823633
Received request ae7728a5-bc85-4a59-af51-61ccf4abce9c at 1710063436.8443708
Received request 86c95db8-c0c0-4665-87e2-b308a734a23f at 1710063436.865479
Received request b01c291c-a8c0-4eb2-97f9-3a4c0a5ae9d9 at 1710063436.886492
Received request 99d914a8-0bd6-49e1-99cf-b5d59e3bb51e at 1710063436.9082716
Received request 72ccc895-b1f7-4f68-ab99-d4a2a48604e0 at 1710063436.9281898
Received request 4b86f32d-8935-4e65-b204-9e96cac4e13e at 1710063436.9490502
Received request 3f817a92-e441-4909-bd24-090d907d6028 at 1710063436.9697995
Received request 1fc77dd0-c75f-4172-b5fe-565a7df3f2f5 at 1710063436.9905584
Received request 1bd266bb-97d2-4198-9831-5c74680dda8f at 1710063437.011256
Received request 934bb43d-a6b6-4519-860c-4cb55f9f61d3 at 1710063437.0320718
Received request 4adba4b9-b175-4c1f-bca4-a69c4ca41123 at 1710063437.0528374
Received request bd5b7986-b38a-4e63-8b30-9b5533dec4c9 at 1710063437.0736215
Received request 10340859-c731-4700-bed0-aa63732751fb at 1710063437.09458
Received request 350e6e4d-2aaf-4244-8a29-b1ed78fc051d at 1710063437.1153822
Received request aea92d1a-29ef-4297-ae0d-9c6d404a3f73 at 1710063437.1362488
Received request bcb34fa9-c484-4874-ab93-31081dacc6d9 at 1710063437.157106
Received request 6a18faff-3ecc-455d-83a7-3f251d9f03f0 at 1710063437.1780264
Received request 08d40c10-86b0-4372-91b5-326d4dfc331e at 1710063437.1988902
Received request 989bbc8b-4d84-409f-887b-355ebc4baf45 at 1710063437.2195659
Received request 9bb8bc5b-7e60-40fd-9e05-b3ca1de05748 at 1710063437.240492
Received request 76170a5e-77c5-47f8-b054-7d133421c4e1 at 1710063437.2613432
Received request 13af68b7-6625-45ae-bda0-4e65558866be at 1710063437.2822492
Received request 2a7151eb-c1d7-48ce-8511-2daa767f9671 at 1710063437.3031332
Received request ac38d201-1e3d-4fdc-ac9a-8ba4e0e14ccd at 1710063437.3238583
Received request 7db3b8db-38f2-4f6e-bc47-e9487bfbb4b4 at 1710063437.3447914
Received request dc3bc5ac-dea3-49ac-b4b9-3736ddfce628 at 1710063437.3656757
Received request baad3943-a2f3-4c0e-926e-ed34287ec898 at 1710063437.386584
Received request bc35bd58-7dbe-4063-8bdf-5754e706a70a at 1710063437.4075136
Received request f97734d8-8748-40f4-a534-0e59ba70fe7f at 1710063437.4286814
Received request 28365400-21af-4b61-b462-e0b8a5901755 at 1710063437.449489
Received request 2a92d228-26e8-4c1e-82b7-c44841019b98 at 1710063437.470383
Received request 1e5f6dc5-0455-47c8-a74c-69c81c2872ab at 1710063437.4912
Received request 785272ca-a6b8-4e37-ace5-d7c0e69f46b3 at 1710063437.5119245
Received request 8caa9c4b-0480-4d6a-9b62-293ca4fdce4c at 1710063437.5329473
Received request 6ae5f531-82f0-49f1-bc2c-b78f9872662e at 1710063437.5538802
Received request 22bda8fc-2407-4c43-a42d-5a0b504daff8 at 1710063437.5745325
Received request 73e0beb5-2dc0-4d07-b6c2-936f70fcc913 at 1710063437.5956073
Received request c78b4bd5-5617-4859-8aee-e75aa8ccd80d at 1710063437.6168482
Received request ad99c470-692a-4316-bb18-d369df1b95b6 at 1710063437.6379333
Received request c36f7551-77fa-44cf-9285-eb3ce04ee307 at 1710063437.6590736
Received request bbf9fad8-94a8-434c-b431-123cbcc57c53 at 1710063437.6801522
Received request a7a6cc28-447f-4ede-aad7-0ebcc724ebaf at 1710063437.7013366
Received request 249a759a-a1b1-4bf7-909c-dadac3b97629 at 1710063437.722354
Received request d9d53491-abfc-4644-93ca-3cf5a4c60e89 at 1710063437.7431977
Received request 1412baed-67d9-4d58-9680-b5f4577cf899 at 1710063437.7642431
Received request b4e2db03-72d7-4ffe-a0ac-ea8d833b40ac at 1710063437.7853923
Received request 269d9a03-56cf-46e2-acec-0b454c366456 at 1710063437.8065133
Received request 64549e0d-72b3-4f82-a5d2-8d2f821355d7 at 1710063437.8274527
Received request 79e391f7-c59f-4e57-bfc4-c382620fe208 at 1710063437.8484101
Received request 70555d3c-ed41-49dc-b4ce-12805afc86fd at 1710063437.869427
Received request 91ed7875-3ec6-4dff-b7f8-cb4e0c70e9ce at 1710063437.8904467
Received request 97d99048-a5ea-441a-b8a6-b94e5b5b670c at 1710063437.9105904
Received request f99a8660-33b7-47f3-b85e-68097a72f81e at 1710063437.931629
Received request 8aa530ea-40b0-4bb4-8d6e-632365f2afc4 at 1710063437.9526446
Received request 6cccd209-7490-4f98-8595-022898b2fe08 at 1710063437.973759
Received request ba33b541-18bb-4716-b062-cc1eacbfa3d4 at 1710063437.994699
Received request c27f09f7-53d4-4ce6-8eea-b6a553a833f7 at 1710063438.0156894
Received request 4c7d1da8-8248-4a32-a856-04d1edd4628c at 1710063438.0365171
Received request 1729716a-2967-422a-9f8f-6803b58aa1ab at 1710063438.0573394
Received request 50f7e97e-3ef3-45f6-be14-ed7486ca9ced at 1710063438.078224
Received request 5cae2da1-b688-4159-8a48-f6406dd860d6 at 1710063438.0990865
Received request efc267e7-7b82-4c3e-af64-aabd3b0cba8c at 1710063438.1201916
Received request c6fa154d-b9e3-4cb9-9f44-3ce13e1584b7 at 1710063438.141044
Received request 5540d9c3-e558-405d-ba96-d8f3bf7bf42d at 1710063438.1619651
Received request 525bccec-b746-41db-91cb-0636c976880a at 1710063438.1832385
Received request 0fe6c92c-958d-49e8-91a8-599a60789072 at 1710063438.2052693
Received request 312b6e2f-9188-4983-9626-bfc12a911c54 at 1710063438.2252595
Received request 6acc5a2c-8484-4da0-938a-969e48dcfc8b at 1710063438.2463593
Received request 999b27b3-b3e3-4ff9-b445-270ab60fd765 at 1710063438.2668653
Received request 81ce4b02-739d-438b-b878-aff9575a34aa at 1710063438.2869399
Received request 32563ea1-d542-419f-83dc-a97e8351c739 at 1710063438.3077922
Received request 0e18e0d6-f9d4-4551-9745-b77e6980349e at 1710063438.3289564
Received request bb86d33a-87b1-4698-a81e-32ac956d8142 at 1710063438.350081
Received request c2a7f2c6-8be1-44ac-8127-7eebf61247e1 at 1710063438.3713667
Received request f7a3412f-59e3-4246-b76b-fac4591e6ae0 at 1710063438.3925314
Received request 4c74b1d7-0986-467e-bce9-f195b3b2d9b8 at 1710063438.4128296
Received request 0762de83-c8ee-43bc-b9a8-af3a7f243839 at 1710063438.432999
Received request d3bd31ea-0d7c-40e0-b137-351a5e067f0f at 1710063438.4542148
Received request abf0461f-e30b-4628-9e8f-9a6fcd5f4b3c at 1710063438.4751387
Received request 35f0e766-5461-4b6a-bedf-29233bb11446 at 1710063438.496371
Received request bb9e1519-a026-4672-bcdc-024c2d9c35e2 at 1710063438.5174937
Received request cdd493a6-df77-4931-9fe6-9aa3b38c9e45 at 1710063438.538543
Received request efac5335-dee4-4f4d-882d-dd3ffb74d5af at 1710063438.559542
Received request f9290808-eefe-438b-bf16-13be794f751c at 1710063438.580575
Received request f2cb7d0b-a3a8-4623-b5a0-53446f2db0cb at 1710063438.6016724
Received request 02c909e2-ebcc-405e-b9c8-bf7f65730e99 at 1710063438.622523
Received request b96e4d7f-8210-45be-b2ab-10936593c31f at 1710063438.6435146
Received request c784873d-0a6a-4a09-99e2-be098f7d2541 at 1710063438.6646233
Received request d42cb37d-ec6e-4479-a1b0-39182573b3cf at 1710063438.6858017
Received request 8f806e91-c162-4dbc-8731-0292b5be7ee9 at 1710063438.7067614
Received request 70388162-576d-40d3-86fb-85e8819e4ce8 at 1710063438.7278109
Received request 42e2b143-22cc-400d-80d7-6c1c27dae34a at 1710063438.7486048
Received request 5e24b9bc-25ad-4551-b5bf-8267ae748a09 at 1710063438.7696486
Received request b14b4be5-9b60-472c-b473-6b9172ea2133 at 1710063438.7897887
Received request 6520213c-7ae3-461e-b8a9-753e3b91ab8b at 1710063438.8107102
Received request cf5a3f82-9243-4fb2-a66e-7328929f9ee0 at 1710063438.8316882
Received request f63d1410-094a-4480-8c5f-99a591ab41b2 at 1710063438.8527126
Received request 5ebe2a16-d1cd-49a5-a402-6dac25cdc963 at 1710063438.8736186
Received request a2ad5a08-f56a-47aa-a4b6-4601963e3f88 at 1710063438.8944945
Received request 276adc87-def9-4633-9070-4453834ca571 at 1710063438.9155009
Received request c6add194-5a5d-4955-985f-e7e38f4167b8 at 1710063438.9367971
Received request f5ec7b17-8aa5-49b2-bb33-7f6a6a9de4ce at 1710063438.9578223
Received request dd9a383d-41da-4faf-9eb9-463052de8d6c at 1710063438.978757
Received request 045e5464-a185-44a4-98c5-1dad9ba23cd0 at 1710063438.9997444
Received request 7d2fc927-8232-4ff4-b4d4-0581352a2835 at 1710063439.0205538
Received request a7accadf-7339-4b54-b0d4-116db0950318 at 1710063439.041506
Received request 5a8f3f10-8e1e-41fd-b79e-ebf86d0d866f at 1710063439.062311
Received request fd47e4ae-81fc-4e59-bb1e-b2f636b3c396 at 1710063439.0829513
Received request 9b63d5b7-ef2f-4e77-a2e2-795b39560d32 at 1710063439.1038034
Received request 025166cf-a3ad-4549-a49e-68213009cffa at 1710063439.1246605
Received request a7d03931-360c-4f2e-a5ba-4706c1ea33f1 at 1710063439.1453662
Received request 34706961-1336-4336-afb2-d6d35dac5ff3 at 1710063439.166361
Received request 33522918-8351-43c7-9f83-4b05cd4d7a40 at 1710063439.187171
Received request 5d1596ba-8a8c-4455-a846-ca3df5889281 at 1710063439.2081783
Received request 59a78c38-228a-480a-82db-c3b95959e849 at 1710063439.2290814
Received request f9573f84-db3e-4291-a494-6b3811c6e8b6 at 1710063439.2498572
Received request 7ce983a0-94b4-45fd-a9df-c576206bc329 at 1710063439.2707486
Received request a8399f12-f271-49bf-9137-fb9d4b5cb541 at 1710063439.2916427
Received request 3f51052b-85c8-4c4d-b5f9-cee11282943e at 1710063439.3124378
Received request af27da79-b9d8-466b-b599-7404b77d1902 at 1710063439.3334305
Received request 332c75bf-a80a-4374-8102-916e65ee75ef at 1710063439.354224
Received request 32a77ff3-7131-4673-9b14-14047f481bc6 at 1710063439.3749533
Received request b5a6c76d-5b43-42c9-a56d-3505d299d5a0 at 1710063439.3959494
Received request 5b740578-94bd-44c4-a69d-663e767dfc30 at 1710063439.4171238
Received request 4461b135-799b-48d6-80ba-c858fc882336 at 1710063439.4379826
Received request 59410cdb-9c0e-400e-860b-d840836c773f at 1710063439.4588673
Received request 563cd95c-b42e-4a04-80b3-039e588aa577 at 1710063439.4814374
Received request 24c11233-2610-4add-9431-692ced4c0149 at 1710063439.5002966
Received request cf7760a1-9586-449c-ba0e-93a7a86d229b at 1710063439.5211163
Received request e2c0885d-0b73-49f2-9ff4-8669109e901e at 1710063439.5421534
Received request b86fc373-e704-4ce0-9688-0f57e484b3fd at 1710063439.5630023
Received request 86aeb236-7652-4f23-8dd0-2a46d1c03cec at 1710063439.583842
Received request 5787416e-0812-44b1-840d-352d145d982e at 1710063439.6045904
Received request 0022f556-1ea2-4a9d-acfc-28c7c095d322 at 1710063439.6254086
Received request b43218c3-9afa-43ae-9824-10618de00f4a at 1710063439.6460776
Received request 16d2d748-3747-467a-81a5-85fadd2f47e2 at 1710063439.6669958
Received request 8c44f51b-1526-4854-9309-ab65d94f10bd at 1710063439.6878574
Received request fde86bb3-4f67-4b49-b83c-1824b57b2439 at 1710063439.709004
Received request 3c061742-d590-4387-adfb-1a0f35dad62a at 1710063439.729712
Received request 9012c7f2-41ec-46b0-a0e9-c37f5218dec0 at 1710063439.750495
Received request 70ce6b70-89bb-4a53-a8a3-5070c9cab3a6 at 1710063439.771303
Received request 7061f64d-1a42-44d6-a9c1-a8c5b1a09173 at 1710063439.7922618
Received request c794f166-3a5d-4d9f-963a-b75153469042 at 1710063439.8139722
Received request 20d67e7f-17f3-4882-a5cb-12ad95438031 at 1710063439.8339121
Received request 64752f54-2c8f-4a82-bad0-933d416f31b1 at 1710063439.8545618
Received request dfd02e6f-a059-4444-bf2a-1d06565f1a6e at 1710063439.8753562
Received request ccb152a4-e5ef-403d-848d-1423c6b48ac9 at 1710063439.8962708
Received request f10545f6-cd85-4d40-a490-31d9b1105113 at 1710063439.9170918
Received request 8dcc1086-efae-486c-837a-582534c3bfc1 at 1710063439.9378908
Received request 0a4670a7-0146-407a-96c7-ccdad69b0ffb at 1710063439.9586198
Received request 099e2b08-ab42-4297-8699-3a2077132ac1 at 1710063439.979487
Received request 51fe94d7-030f-4632-9d5a-43bf9443031b at 1710063440.0003173
Received request 21d3bc63-0f6e-40b6-91e0-7bd6aac1ccb4 at 1710063440.021317
Received request f878e3c6-fa29-440d-9752-fdab4e0c7fc0 at 1710063440.042175
Received request 14ce6f37-2ee3-48b7-9694-fc1fc8546672 at 1710063440.06256
Received request 5a4d605d-d900-424b-9a08-d613f8115017 at 1710063440.0833952
Received request 0aecb31b-8d72-4471-acdc-2d4e6c8bd1ed at 1710063440.1041968
Received request 64c3226e-d439-4c3c-b1bb-41c420cfd1fb at 1710063440.125019
Received request 1640bc98-a780-4487-a1ef-ba73206a02b8 at 1710063440.14652
Received request 3ecbb76b-9faa-420d-b4c8-eb0f764a0643 at 1710063440.1663425
Received request f223ea4e-c049-4d88-9fd5-9a346a755132 at 1710063440.1872272
Received request 1cb8ede6-25db-4e15-8916-fbc05fe530fb at 1710063440.2087257
Received request a1a27445-5ea9-4887-b8c9-aa5206bba1ca at 1710063440.2294781
Received request e742bf72-8322-4bbd-8edc-8c85c69df765 at 1710063440.249939
Received request aef68c57-493c-4812-8277-eabaacb251ab at 1710063440.2698379
Received request a334d08d-6838-43ac-a437-9361826e2d7e at 1710063440.2905798
Received request 53182c01-298b-4568-9afa-a902ebefb8a9 at 1710063440.3113394
Received request 6b1fb2ab-0040-4520-8dcc-82f7da7b769f at 1710063440.3325639
Received request 3f365380-0ef0-4a9e-8f76-3dc7ad5c8008 at 1710063440.352733
Received request 93ecd71c-deaa-4b52-b500-2b7946e05dd3 at 1710063440.3734722
Received request e7317dc7-5ab3-4aa5-894e-e51a226eb618 at 1710063440.3942516
Received request 2d9809d5-ed3c-48b3-a3ba-23b3f045c5f9 at 1710063440.4151256
Received request 21fef148-b786-4c9d-8920-38f7c7df1724 at 1710063440.436112
Received request 5db