Received request 792fd123-2455-49ee-838a-a161c4433900 at 1710063160.0275643
Received request 150750b8-5eda-41e5-99d5-857c4ff36374 at 1710063160.0869246
Received request f4a64fe0-8e19-44ab-9fe8-6e7e34be404c at 1710063160.1871152
Received request fd38ba77-e953-49f4-a17d-eb3d22245f3b at 1710063160.2879488
Received request c80ead37-2667-4ba3-9f98-ba8dcc8d9dd1 at 1710063160.3888283
Received request bb941d42-00cf-4138-8984-e24b494807e1 at 1710063160.4900858
Received request 2196eddd-b459-4b44-93f0-a847263fda8c at 1710063160.5935764
Received request fc13453f-b966-4378-b8e0-d61c783b05c7 at 1710063160.6912181
Received request 83a7fff7-45c3-4fa3-b5b1-8834b1746b91 at 1710063160.7919195
Received request 0346787c-4ec1-4c9d-98c7-56a71dfbf4a9 at 1710063160.8925772
Received request 094bdd27-b4a0-49f2-a5b8-47c48e431426 at 1710063160.993443
Received request 80e58a06-0aa7-4728-8012-999fe245be62 at 1710063161.0939379
Received request 8596778a-47df-48d0-851b-220c15955098 at 1710063161.1942801
Received request 283ba8fe-f639-40ab-b5e4-fc474818b39f at 1710063161.2949114
Received request f5e2cd27-2133-439f-b585-acfadc796966 at 1710063161.3953438
Received request ff61b011-d214-4f95-9ce4-f4445130c5b3 at 1710063161.49588
Received request 2ae5c96e-34f6-429a-8c48-b2c4af08da45 at 1710063161.5962672
Received request 81cecba4-f231-4370-9493-dda7ce89ead4 at 1710063161.6966527
Received request 3009358d-1ccf-4912-93f5-33d4cc370817 at 1710063161.7971883
Received request 8a1889a0-7ea6-406f-8db6-25d680f34cd9 at 1710063161.8975437
Received request adb2e62f-9da2-4c14-aa7d-9b0d6e44c612 at 1710063161.9980233
Received request ddc20386-a87e-4bf2-bae7-b651333fef41 at 1710063162.09852
Received request 4939262d-4757-42c0-aae3-490f91e1c317 at 1710063162.1989167
Received request 1afe00de-e6d7-4e64-aa3d-2380fa8e9509 at 1710063162.2993214
Received request 1be605c2-1147-4f32-b926-cd246ea72a01 at 1710063162.399667
Received request 346e88fd-1ba1-4fdf-b34d-98fb6ee32177 at 1710063162.5002296
Received request 860735bf-4e1e-47c4-9054-d768927c190b at 1710063162.6005313
Received request afb1ed8c-6b5a-46ce-a521-8dd5a4339823 at 1710063162.701288
Received request 05d96194-c491-4e88-a031-25c4fa470eb2 at 1710063162.8017707
Received request 2eeb9bea-de11-4355-9da3-d1544743b7e2 at 1710063162.9022167
Received request c372d271-63e1-48f6-9053-4ebe9f37df00 at 1710063163.0026178
Received request fd8728af-7f96-4db1-b5c4-39d5147df575 at 1710063163.1030052
Received request 38101955-082c-4a1e-81a4-c394ebdfc97d at 1710063163.203173
Received request 9e14a0eb-23ee-42a9-a242-a4de82780a7e at 1710063163.3037574
Received request 89146ecd-40fd-4ccd-99ff-170ba85d7b5c at 1710063163.4043307
Received request b19aee9c-84dc-4caf-aec3-687d75838c69 at 1710063163.5047426
Received request 548d4702-4fd7-40e0-92c5-417f12a75a0f at 1710063163.6053317
Received request 96354a04-f6c9-4e35-9c45-b715e2999d06 at 1710063163.7057018
Received request a6ec0a59-ec9a-4364-91a7-4684aa6d7602 at 1710063163.806093
Received request 987000c4-2497-4560-aafa-60bd972863b3 at 1710063163.9074
Received request 02fadafc-82a1-487c-89f5-72e3ef974334 at 1710063164.00785
Received request c6d54e7c-14a4-4f1a-af67-388440abd011 at 1710063164.1085227
Received request f6422eee-b7ec-4854-9893-0816c2097b9e at 1710063164.2088103
Received request a844c35e-38d8-467e-9b80-fc1a0951e9ee at 1710063164.3099709
Received request db24424f-b646-4ca8-af21-bde47b6c305e at 1710063164.4112446
Received request faf28522-7dbc-4a59-90a6-7cff968f3ee1 at 1710063164.5117385
Received request f53204e4-77c4-44af-b303-b154530f0d04 at 1710063164.612119
Received request ab7494eb-494c-44af-844e-f03c20e88298 at 1710063164.7124777
Received request d766cd78-116b-403a-8c0c-6a9577e3c03b at 1710063164.8129194
Received request a73f76ba-a800-4362-b4c6-73919e3aa87f at 1710063164.9135273
Received request 93d53d8c-6b24-44bb-a984-3a6737f05644 at 1710063165.0137436
Received request 7672c146-e784-4661-9d3f-ffc1ce53ade2 at 1710063165.114052
Received request b84d70ad-cb1e-4950-8683-88b922e42801 at 1710063165.2143602
Received request 77b57d4e-2cb3-4f07-b1e4-858e10c23ccd at 1710063165.3150783
Received request d6d1fec8-74d0-413a-8630-f27b777a9291 at 1710063165.4153583
Received request 2d71d87a-8238-4247-83ce-1d9bf108cff4 at 1710063165.5165257
Received request ca9add2b-a4d0-4f20-a87e-9554d9fd5099 at 1710063165.616843
Received request f238e638-6d90-4ab5-ad9e-7f94063f5a05 at 1710063165.717126
Received request 9012f8e5-1797-4672-8c89-e21c9f918472 at 1710063165.8174193
Received request 26a4dc80-dc12-4e6c-b6b9-38bb7b053acf at 1710063165.9176958
Received request d51337a9-70a2-4305-b919-bc4ba0b16023 at 1710063166.0181828
Received request 25002ce8-7818-47e9-aa7a-1f5a6f323565 at 1710063166.1186018
Received request 0794ad73-3efb-45cb-8dea-cacd92f7a97f at 1710063166.219145
Received request c754ffba-78d1-4145-8895-8820c6f773e0 at 1710063166.319328
Received request 0910cfaf-b46a-45a9-a7f7-8055670c85fd at 1710063166.4199073
Received request aa4a62df-e74c-47e6-af12-0d55e115b565 at 1710063166.5201366
Received request fca728ee-004f-4e0b-83d5-c3848d31ec23 at 1710063166.6217163
Received request 4d7ccf91-9be4-4709-8c38-53ea81aff35b at 1710063166.7221916
Received request bed21e55-5cbf-4bf0-9e35-eb7bead96335 at 1710063166.8224268
Received request cd506cf2-1cdf-4576-b2ef-dc878b5e496b at 1710063166.922704
Received request e7ed3f45-d40d-4264-8b10-4c2753e7afde at 1710063167.0230951
Received request f467a408-4f95-4450-b4de-05e7ba83771c at 1710063167.1236699
Received request 3be5f2b2-48cc-43ee-8cfe-d51a4d9ef5a1 at 1710063167.223943
Received request af95988d-e1ce-4aac-b1a2-08424169fade at 1710063167.3253431
Received request 8f431e68-68f5-4b3f-b2aa-c93a83ce3e17 at 1710063167.4255083
Received request a379ebc6-3b9b-491a-8593-7bf41cfd4b84 at 1710063167.5270152
Received request 8b7e25f9-fce1-4ccf-ade2-498a827ac486 at 1710063167.6273832
Received request 83bc283f-ce4e-4500-a38a-2bce41e57807 at 1710063167.7276492
Received request e00ae300-d3b6-4b02-8cc2-9c753762c1df at 1710063167.8289049
Received request c06f60bf-325c-4c01-a4aa-c4f4d52aa3ef at 1710063167.929337
Received request 2c5c1528-44ae-4734-9208-89c78ed93a0b at 1710063168.0298688
Received request 0da3b4a0-877a-4c42-947d-c59003d56d66 at 1710063168.1303115
Received request 9ff26cbb-5428-4e9a-91f1-55ff1ec57ca6 at 1710063168.2316127
Received request 99652136-c026-4186-b122-fae94bbbd3dc at 1710063168.3320174
Received request 729b1d83-bd2b-4b68-8156-a581e888bf89 at 1710063168.4324112
Received request ee338106-51fe-4119-b63c-54bc18853c4c at 1710063168.5326293
Received request c20a177e-6b8a-440f-bafb-8ba41e33e387 at 1710063168.6329796
Received request 6b92d507-4337-4a58-a132-9c799d8640e4 at 1710063168.7333033
Received request 4c7358dd-b008-4d17-83f1-c61a29242883 at 1710063168.833647
Received request bc7081fb-979e-4ebf-aa1a-dbd004073b6b at 1710063168.9348392
Received request cfdbd455-6ecf-48d1-a24c-c53e61da1867 at 1710063169.0351458
Received request 3c536bba-73a7-4861-93fa-49db137e6544 at 1710063169.1363902
Received request 7dbfc1e4-572c-4805-a092-5cf4a6f17719 at 1710063169.2365577
Received request 033462e7-a521-4052-a654-56a6e0a67248 at 1710063169.338392
Received request ea545e6a-d133-4935-94be-88dbdce19cb5 at 1710063169.4388623
Received request 63064c91-4c34-4519-9dd8-e5a56808d3f8 at 1710063169.5392804
Received request 72213f91-cc07-4c21-9489-f058c6825000 at 1710063169.6395109
Received request 7463f022-f0f9-45bd-aca9-3916158b34d0 at 1710063169.7408435
Received request 01845f9f-6c2e-4d4a-a7d9-c0ce55029cd9 at 1710063169.84212
Received request d50a0c76-f2d4-4917-a814-d6066d83dbed at 1710063169.9413521
Received request 113e7f3a-7895-4ff8-8559-ddaf2d852354 at 1710063170.0426636
Received request e83ccd46-edd7-49f4-a573-721d2ee7402b at 1710063170.1429973
Received request 61623122-2eaa-48c3-bf7b-2d24b72037f1 at 1710063170.244269
Received request 83e6303a-ec14-4fa9-96ec-b56d05bb1831 at 1710063170.344565
Received request fe577a65-b8da-4ea8-9294-7c55d8a76534 at 1710063170.4448056
Received request 845e4a49-c791-4b88-9f88-f8f13d9d227f at 1710063170.5459487
Received request 14f0a100-884c-43c3-9f51-5d617250e591 at 1710063170.647233
Received request 63ea531d-dec6-4b8e-a2d6-17eed44e4740 at 1710063170.7485664
Received request 198b5fc8-f103-4bcc-a8b1-3a19a6693511 at 1710063170.8494093
Received request dbc1b9f8-0688-46b7-b50c-84e573b908bc at 1710063170.9495487
Received request a3a60a2d-284b-4d50-be05-af052d80dd4a at 1710063171.0507915
Received request 7fffdb5c-2e23-4cf2-8f5e-dd0d02a65d8f at 1710063171.1510587
Received request 4c425da4-438c-498d-bbac-9fd79e5e193e at 1710063171.2513523
Received request 108bb1fb-0ce6-494b-ae77-93ae644161c4 at 1710063171.3518322
Received request e4eb5095-2e18-4d72-aee0-6c6c7ef3c210 at 1710063171.4522803
Received request 26a02f24-525d-4372-bdba-2691d09c330d at 1710063171.552556
Received request 98a7674a-e4c0-4bf6-aee3-7ba7ce5839ff at 1710063171.6529129
Received request 5417cf45-47d9-4df0-b9c3-cd88ad4d48d4 at 1710063171.7531955
Received request c5693586-c60f-408a-a2ef-364fc75203c1 at 1710063171.8536036
Received request d7451de4-b99b-4e62-81bf-c6c1fea76506 at 1710063171.9539382
Received request 0f8b10e7-ad39-4d52-b9e7-cddb96326cb7 at 1710063172.0543363
Received request 920385df-7450-4c91-940a-945487bbf288 at 1710063172.1547909
Received request 4c99c258-685a-4f6a-ab3d-419ad3e197cc at 1710063172.2551823
Received request 2c28a0e5-3916-48dd-a38c-339ba8200cd8 at 1710063172.3553755
Received request f6e01c56-c077-457b-adfc-ad12ca0d11fe at 1710063172.455702
Received request f02ad3b5-b0ec-46e1-b943-1fe4d2ec64bb at 1710063172.556339
Received request 67b0650d-d0ad-443b-b221-8f43a3ce92dd at 1710063172.6567378
Received request 5dfafbbd-1817-4bb8-9e7b-23e0806d5f1c at 1710063172.7580671
Received request 1ec59d7c-f353-4c96-9aa6-6eefdbbbcd4d at 1710063172.8586326
Received request 932351bb-b51e-4e97-89c1-8c21aa1e1785 at 1710063172.95888
Received request 6f766bd2-5f6f-4ed5-8065-9cd0461cd74e at 1710063173.0591466
Received request 98df182d-d642-4918-ad60-e7aa721551f1 at 1710063173.1605504
Received request a67a1005-56c3-4bb3-9f18-9ed675bf3308 at 1710063173.2608523
Received request a39853fb-7221-40d8-a553-ad951a4acd33 at 1710063173.361265
Received request 26912de7-efa3-442f-9a45-03df3fa58c67 at 1710063173.461587
Received request 20ee4eb8-e074-40e4-802a-520b7a2aa0ae at 1710063173.56204
Received request 104360de-aa2b-4404-bb22-ec8a6fd4c1c9 at 1710063173.6637216
Received request cef578d3-f13d-4981-a5ec-db300f7a9b92 at 1710063173.7634616
Received request a1b5e9f6-11c5-431b-9418-7b456871d072 at 1710063173.8639019
Received request 91e1d801-629d-4124-b55b-8a75978bacf3 at 1710063173.9643226
Received request f20b2cfd-8127-41a0-bc47-26e9892db98e at 1710063174.0652869
Received request 79ca5f6c-91e9-4b27-8a7c-6a7dda89187c at 1710063174.1650872
Received request b9e09dac-8402-470d-af36-b44ef57155cd at 1710063174.265684
Received request 2ed0e5b0-d8b6-431e-9598-a26d85984fe9 at 1710063174.3659625
Received request f6f6621b-7492-41bc-bd67-a0cad624f559 at 1710063174.4672284
Received request 952f200b-dff4-4f19-a334-83a489b4818c at 1710063174.5676126
Received request c1941810-56f9-413b-bb82-1dcb40b2a144 at 1710063174.667898
Received request 5bde2737-3594-4758-9eaa-0b5541126ddb at 1710063174.769253
Received request 3ed5c46c-ab96-4741-96b6-a754f2672b88 at 1710063174.8696132
Received request 0df7c6f4-9ddd-4998-9f9f-1538a8cfbf09 at 1710063174.9700222
Received request 431630e7-a2b9-405b-b510-f9dc989f9744 at 1710063175.0702953
Received request c1ffbc36-8b9e-4d4d-a839-df837d12c267 at 1710063175.1706352
Received request 6666debb-e3fd-46c5-9cf5-e44b9534fbae at 1710063175.271468
Received request be05d37b-51f7-4798-aa94-b61a6c297370 at 1710063175.3716843
Received request 6563a184-6446-4a91-8e98-b5a5f1dad978 at 1710063175.4719977
Received request ca3b8034-0733-4ec7-b6fb-f403f77c820c at 1710063175.5723705
Received request e84325fe-cbb9-45d8-878f-20eb78690cb4 at 1710063175.6727383
Received request 875d94c7-ff40-451b-966d-ee01afcffce4 at 1710063175.774446
Received request 95d3a4bd-51c8-467c-a56b-07c9affdace5 at 1710063175.8743854
Received request e53a6c65-27d2-44df-8f0b-f4c72e50af23 at 1710063175.9755595
Received request f88eae71-ba0e-447d-b4a9-31889ded6ee2 at 1710063176.075716
Received request b235ecd4-952f-4c95-b4ce-7e8dd236e99e at 1710063176.1771312
Received request 83043112-9276-473f-9d6f-86011b314027 at 1710063176.2775533
Received request 1aac5fe5-99e1-4c81-bb38-211cdb4cb533 at 1710063176.3778055
Received request 232fb46f-979d-4511-89b1-92c0c0ba7ad2 at 1710063176.4791136
Received request 49d3ed51-9074-4c55-9701-ee73481b8731 at 1710063176.5794997
Received request f7907ee1-c217-4150-9250-9d934366cf13 at 1710063176.6797998
Received request 696338d0-d97c-448c-a58f-a4fb11218306 at 1710063176.7802606
Received request c6265e32-fb07-48ed-9864-938bdf579bdd at 1710063176.880567
Received request 6d6e7496-3bd2-4816-9658-09b964fb9a31 at 1710063176.98089
Received request f8ab0047-963b-4b30-8947-29e55d756013 at 1710063177.0811303
Received request 4c20dbf7-a47b-40a4-8b15-4c273e758513 at 1710063177.1816075
Received request bf11b81f-02fe-4304-b2af-fc8936ffdaff at 1710063177.2818298
Received request 1f2f6f5c-40ae-4443-8acf-35355f53f80a at 1710063177.3820012
Received request b5bef248-7995-47c3-9afe-0eb19c7dfe0f at 1710063177.4834068
Received request b8b60655-0c61-4cc5-ac7e-c49a57219db6 at 1710063177.5836573
Received request b86c0cd3-6592-4586-bd03-eec7dc2aa9e1 at 1710063177.684925
Received request 4605b56f-c2df-453a-9093-45afc27f3b2d at 1710063177.7852464
Received request e1c3af7a-635e-46fd-8eb9-27b7ef1ce86b at 1710063177.8860202
Received request 3d37ee7d-1257-476f-b38e-27a071c04402 at 1710063177.9866133
Received request 981250df-0a03-4000-9546-4604c079833e at 1710063178.0871904
Received request 895c985b-e967-42cf-95b9-72e7cf2ab579 at 1710063178.1877496
Received request df085cae-a436-42b2-afb8-cf60dd08f6bb at 1710063178.2882762
Received request 997a3df6-5e59-423f-90a7-df19ea0f5cb3 at 1710063178.3885672
Received request cd213867-a051-46e9-8440-972208996578 at 1710063178.4888852
Received request f7d976ba-2f60-4838-9329-ef90da51297e at 1710063178.58916
Received request cc29cbd4-ea78-440b-9115-2c75fb1b1551 at 1710063178.689447
Received request 02898566-8574-46ce-a294-f46ced1f52ba at 1710063178.79078
Received request bb689dbd-b4b6-4767-8769-7069f49e2a6d at 1710063178.8911023
Received request 5d4535f8-517a-4a6e-8e8b-f4fbb2363b09 at 1710063178.9913795
Received request 87ae0ab2-950a-4bd8-9ac4-8dfa3dfa2d94 at 1710063179.0919225
Received request 9f72f09e-e8b6-475e-b871-73888a25edd6 at 1710063179.1922982
Received request 1e09e0d9-7a8c-4568-8469-e2bbb458de07 at 1710063179.292568
Received request 4471fb92-475b-4c6a-80eb-365ce9da1d22 at 1710063179.3928404
Received request 5ca7e9b3-e05c-47eb-80d9-242ce65f3473 at 1710063179.493202
Received request d862f15c-ad2b-48bd-889b-1372a8672bbc at 1710063179.5937057
Received request 690fcfbe-ad2f-4b0d-888e-950daeaec8e7 at 1710063179.694006
Received request eb394e36-15df-43cc-83aa-afa49ca514eb at 1710063179.7943537
Received request b878659a-da2a-403d-9b3c-2818874d76df at 1710063179.895002
Received request d9ef39bd-e46b-4b14-8f53-f0bccfbd4e62 at 1710063179.9955873
Received request 976d4129-fd51-46d0-84f6-0c80100df7d3 at 1710063180.0962632
Received request 42bfcf77-ccf8-4d3f-b77f-b8e856610d59 at 1710063180.196848
Received request b291e1bd-0ae6-478b-9b65-4c360631e185 at 1710063180.2975185
Received request 15971cc9-f690-43ce-935a-eb0c7bea8bf8 at 1710063180.3981223
Received request 62f60f85-c8a4-4985-ab35-ebb0950f60b6 at 1710063180.4985754
Received request 5a723ad4-0ef6-44b0-89d1-f4b855c3e9ba at 1710063180.599156
Received request 6d04e8e0-f323-431c-a920-981055fa3fc9 at 1710063180.6995811
Received request 3588e4ec-425e-4c9f-b74a-a413733e51f3 at 1710063180.8000169
Received request fbb019cd-10dc-482a-a815-e1b90655652a at 1710063180.9011283
Received request 6bdef6d1-4e72-4e1d-89fa-30848f4fb128 at 1710063181.0014
Received request fa180ff3-ac18-45e2-9a89-7b8b14a5071d at 1710063181.1029215
Received request 227b590f-1eff-4f6a-849a-db42c56129ce at 1710063181.2034614
Received request a5c74bb7-26e9-4c9b-a2f6-aea32d07134f at 1710063181.304068
Received request 3f8ab627-b3f0-4ad3-9191-35b4429802d0 at 1710063181.4046478
Received request b2bbf686-268d-4f4f-a676-f906c6ced2c9 at 1710063181.5051563
Received request d087630a-e4af-4829-8ff0-9868bf440642 at 1710063181.6056907
Received request bfc0ea0f-0b74-4d5c-ba4c-2a08dcb89470 at 1710063181.7063038
Received request 5902e02c-f1bf-4df3-a62a-e200cf52a954 at 1710063181.8073883
Received request d4f9644e-4c0b-46c3-9976-c027bcff1dca at 1710063181.9086232
Received request 8a76b357-19dc-4fd9-bfdb-99a10a218369 at 1710063182.0098417
Received request b3573423-28ed-4a17-9354-b24a99b0f717 at 1710063182.1101217
Received request 0f324a3d-db8f-4816-bb4a-09d3ea2ea424 at 1710063182.210991
Received request d64392cb-c320-45cf-a1b9-e31b05dcfe1b at 1710063182.3121548
Received request 567c07c8-10d8-4c36-88a3-7efd5ac78f09 at 1710063182.4130516
Received request 9918c053-cb06-4095-9536-35a42067b92c at 1710063182.5138094
Received request ead4903b-03f2-4061-a2c9-dff9ad194f7f at 1710063182.6143878
Received request c3367c72-d2d9-4a19-872c-f9ee79a0a357 at 1710063182.7148461
Received request 2bcb81bf-6300-477e-bb19-4bc82429bce0 at 1710063182.81565
Received request 7ad19c6b-3b44-46b3-a247-d2f74f4323ab at 1710063182.916158
Received request 89014e30-a78a-4670-bf15-94d902438bf5 at 1710063183.0166843
Received request f6b0db07-2d33-4d1a-b799-303e10150ff3 at 1710063183.1171107
Received request c380767e-78c3-4deb-af3c-e8a82b9f443b at 1710063183.2175632
Received request 00c9cd29-5334-479e-9d8a-bfc601240210 at 1710063183.317976
Received request 30917940-1573-4d48-8793-5d4c279f3827 at 1710063183.4182618
Received request 4f59b365-560b-4d94-bc18-1ed309ae2cf0 at 1710063183.5186703
Received request 6d097d53-a659-4773-b104-45615c29e3bd at 1710063183.6190062
Received request b574d921-d009-476c-be33-f634ac30234c at 1710063183.719469
Received request 4a60db4b-7691-4ce5-8364-50066433bc35 at 1710063183.8198373
Received request 1a3044ae-853b-45c6-8d9c-71ca0e030c3d at 1710063183.9202585
Received request b7077cda-b9ea-4d25-97a9-df7c3d498f88 at 1710063184.0209968
Received request 56cae366-75f8-4df0-9150-007b7d84125f at 1710063184.1219354
Received request 1df6556c-83b5-411a-b784-2932196f81e4 at 1710063184.222695
Received request 9d5a3cbb-b1bf-4e34-a171-1134e406680f at 1710063184.32326
Received request a3a6d1c2-dc6a-4cf9-804b-ea9c3bf9383b at 1710063184.4237819
Received request cdb11ca7-ee07-478d-b2f0-b02875c1955c at 1710063184.52453
Received request cd85cd44-f351-40c5-b418-bac8238f51fd at 1710063184.6252294
Received request 238cd4df-0e3d-4439-9346-4ff3cebc50a4 at 1710063184.7258177
Received request c0900a7d-b5c9-444c-9882-97fa99d83c7c at 1710063184.8263946
Received request 111b9493-e6f0-4a7a-804f-7aeb19100491 at 1710063184.9268053
Received request 2580fb1e-9e5b-4936-be06-cf596633748c at 1710063185.0272944
Received request 00b73543-7ac0-4687-9707-97752f609072 at 1710063185.1276126
Received request 5998e338-7b88-446a-920a-08c28140e2b4 at 1710063185.2279873
Received request 1cbecd1c-01af-41d8-9a74-ad92a8387b2b at 1710063185.3284874
Received request 1c5e001b-1586-4855-ac6f-d8505dae66a0 at 1710063185.4289675
Received request f06cfd3d-7347-4990-a2d2-046371e7780e at 1710063185.5296268
Received request 4f7bd2f3-7a70-4626-813e-c07e460fe53e at 1710063185.6301746
Received request c1ec1e1c-ea01-4fdc-b6aa-40926d2f8580 at 1710063185.7304683
Received request 2a4bbc8c-f2d8-452c-9905-fc89e21977f8 at 1710063185.830849
Received request 87f26c1f-726d-4e70-9a9e-ad46d623e5d8 at 1710063185.9312727
Received request b3d38979-bd9d-4de3-a4c2-9b53d25412a4 at 1710063186.0318072
Received request b84c6ad2-ba42-4569-a350-e06645a952eb at 1710063186.1326945
Received request ce5a03ef-cb3d-487e-9f91-1d0459e038da at 1710063186.2333872
Received request d08a0cd5-d3fa-4c0a-b68e-ee2e4e443ee0 at 1710063186.3338423
Received request 20d24121-9003-4f4a-b6c0-9e7b3512e528 at 1710063186.4344053
Received request 47d9df6e-3327-4ad4-a691-0b3dc6ab0c3b at 1710063186.5354018
Received request 6ea00a3a-5551-4906-9a22-f9dd4fccaf54 at 1710063186.6361003
Received request fe8174d2-dcaa-404b-b5b7-60939ed5a65f at 1710063186.736591
Received request 4bb3c71c-c6eb-4b04-b5e5-146eba22854a at 1710063186.8371453
Received request c35b3f53-48f1-4f39-95d9-85607e1fa80e at 1710063186.9376986
Received request 86e8c961-423c-4fd4-bc37-f6038a1d2b4d at 1710063187.038252
Received request f33a19a6-7317-4805-9151-37d8110d67fe at 1710063187.1387672
Received request c8783f03-3db8-4542-9aa3-f5a1c6e343e2 at 1710063187.2392817
Received request 9d1f356b-71cb-4f41-8f50-42bb8ac02765 at 1710063187.339716
Received request 6afda39f-1847-42ac-8b04-caddcc3e3f85 at 1710063187.4401536
Received request 9099efaf-7e17-485f-a527-89b7de1151ac at 1710063187.5406199
Received request 83cf540a-9419-4f72-b904-166a64a721b8 at 1710063187.6410503
Received request cdcb20d2-1414-4106-b274-84f37a7cc84b at 1710063187.7414324
Received request 15e65c5d-7a8c-4bf2-ae1c-d65ed5605b47 at 1710063187.8417134
Received request 5d89385b-1595-4db1-b2f8-6aabe9e460c6 at 1710063187.9422085
Received request f956cf45-cb59-4adb-bbab-5aba9cba7e50 at 1710063188.0426924
Received request 5c9d97e5-2769-436c-9c38-ffdd1081d464 at 1710063188.1431243
Received request 205bfc08-f732-4649-a96f-9125f16bb503 at 1710063188.2433934
Received request 6e7c6caf-32fe-4645-b190-92d82923c9e7 at 1710063188.3447893
Received request 2f4a5ca7-5e2f-4798-9fc8-5ddf787196ed at 1710063188.4452622
Received request 44206229-d504-4de7-9ddf-a9cc3c14ab6d at 1710063188.545656
Received request 8c802457-8334-476c-9c33-4079be49a42b at 1710063188.6459713
Received request b84ef819-831a-4b8a-aea1-abf60b3831af at 1710063188.7463264
Received request 224c3f0a-4287-4fa2-af7b-70be9962efc6 at 1710063188.846633
Received request 94206478-6575-4fa9-9a38-58fc8c12fd86 at 1710063188.9471292
Received request 74a4b240-03bf-40f3-9d9a-53a6d20fa441 at 1710063189.0476365
Received request c6b86dba-5503-4c3c-8d53-b82d7d7d09fe at 1710063189.1482162
Received request c2eefcda-6184-4d99-bb88-ff5864b062dd at 1710063189.2487206
Received request 5e5fd297-fc30-4036-a0cd-6bcad1ce444a at 1710063189.349204
Received request 3f64a350-3dff-4aa5-bdf9-6adc8ee7a780 at 1710063189.4496503
Received request 5ad08357-8776-4034-bd4f-0d6c94c56700 at 1710063189.550233
Received request dc6fc761-92b8-4678-8104-b54028a73dad at 1710063189.6506972
Received request 5dda1875-280b-4e1c-a8c1-6a7d87f151c1 at 1710063189.751392
Received request ae6114a3-0289-496e-bce9-82d5baef8517 at 1710063189.8521814
Received request 0d0afea3-7b5a-4e9b-8557-10038c00afcb at 1710063189.9527755
Received request 3554f9db-5951-4b87-b083-c17cd72295af at 1710063190.0532925
Received request edb9e14c-f618-4bd6-a867-1359b3d0efd6 at 1710063190.1537757
Received request 5756aa1c-ea47-48ff-b41a-6b3b84757913 at 1710063190.2553506
Received request 6c18230a-a97e-47d6-9714-403b8b331450 at 1710063190.3549151
Received request 2ce4fa67-e36b-489d-9845-7739915d6c87 at 1710063190.4553914
Received request 7a6f3e75-fe37-464d-b2db-b29f2f21e47c at 1710063190.5559347
Received request 9b111003-85e4-4b10-bf27-3494a0fcd1e4 at 1710063190.6564808
Received request f9175825-6d93-44ee-85f2-0464bb17b217 at 1710063190.756991
Received request 2cbd89d1-50e5-480d-8449-cb33cc31671a at 1710063190.8575914
Received request 45455519-814a-4bcf-8f6f-bb696fbc2174 at 1710063190.9585197
Received request 6cd9df0b-9cbb-435c-9224-1d5e3830eb8c at 1710063191.058981
Received request 51ea3a64-a29b-4177-b9c8-26b7d9165972 at 1710063191.1594212
Received request 3d297854-2959-4d19-8936-d58463412a9f at 1710063191.2598708
Received request 9070807f-4eb9-4b47-9c04-b8b5ca3f2f12 at 1710063191.3602033
Received request c507c82f-2d7a-470f-9aa8-c4bb8ed8967a at 1710063191.4615917
Received request e35b3f6d-7970-4474-9493-63b383ebbe13 at 1710063191.5618198
Received request 16a45d74-39e7-4402-a5b9-16ff716d5b4c at 1710063191.6632552
Received request 2d6599ed-3e97-4b52-b92c-1ebe7fab2da6 at 1710063191.7638493
Received request 5e9d153d-d286-4ccc-82c9-b4c33daeb6b7 at 1710063191.8643103
Received request 9ed7ec33-eba1-425b-a340-16dde435e588 at 1710063191.9648182
Received request 130c2daa-a7a9-4eda-a2aa-eab970f4ed7a at 1710063192.0651815
Received request ff2ed0e2-1b87-42ab-8b62-627df88535fc at 1710063192.1656466
Received request a22b8bb3-fb45-4200-8baa-5a4d99653981 at 1710063192.2660863
Received request b2a6dc01-b071-47c9-ab49-a48a3c8dae54 at 1710063192.3666396
Received request e6477a5f-8cef-4fe8-ab52-2d72b274b39c at 1710063192.4671583
Received request dbda12c5-9cec-4dcf-9406-8f28225a46f7 at 1710063192.567675
Received request c15b892d-dc55-44dc-86a7-8a1b6a5821fb at 1710063192.6681583
Received request 2eb743e4-b3a0-4187-90b5-0d579cc56684 at 1710063192.768692
Received request 31db4233-a6c0-46cb-b014-29ba0f3f7547 at 1710063192.8691807
Received request 031f27b5-d3c8-4197-bb93-87573363271a at 1710063192.969697
Received request d35aeb04-f0b5-4a1f-85b4-ddd08b32a4d4 at 1710063193.0703318
Received request ce115a2b-5ce8-4290-8a36-5eb9f7e864f9 at 1710063193.1708834
Received request fe0813cf-ebbe-400c-86d0-e9e959e6e3a0 at 1710063193.2722743
Received request 07abb10a-b8e1-4605-97ac-d43ea65b96e7 at 1710063193.372355
Received request 9f4d6ba5-dcad-453c-8e6a-120ff0e502d5 at 1710063193.4732893
Received request 2c2784b5-c1ff-4390-8cc2-120e6b7931e2 at 1710063193.574175
Received request ff1d70d2-177a-427b-aa8a-8080cea68522 at 1710063193.6746056
Received request e4766a4e-7e8b-4cbe-b651-a7e28ee768a5 at 1710063193.775193
Received request 44edddf1-28db-4f17-8119-5a36c5c68f48 at 1710063193.8757665
Received request 9c5855ab-5d3e-4390-89e6-efe95a9cd365 at 1710063193.9762547
Received request 704c1f76-2ddc-4240-8fb0-9266d6190dd6 at 1710063194.0765631
Received request e3a92e2d-6815-4bec-8fcd-82595f3b7e68 at 1710063194.1772282
Received request 769a99a4-94c9-4b67-a203-9c96d46b4a7e at 1710063194.277767
Received request 4393b250-6f47-492b-b0fa-5c5bfa70d4bf at 1710063194.3781753
Received request fc0bc949-acd2-4ca0-86e3-ed938f21b738 at 1710063194.47857
Received request 74c30231-d846-4ecb-b686-ec981cdc4e63 at 1710063194.5790184
Received request 2ddff9f7-76fa-485e-ac1b-2a90fe56a873 at 1710063194.6793413
Received request f5e94c02-fd9f-4277-b11c-529f7139af29 at 1710063194.7806823
Received request e3565e6e-bb07-433f-a4bd-d169302c0f72 at 1710063194.8811517
Received request b89d6ba6-053b-4e23-8fab-7bb83a93a166 at 1710063194.9816713
Received request 1a87d591-2985-4a9d-bb5c-027f86731d7e at 1710063195.081952
Received request b4e98037-ce87-49dd-ae54-72d4e0ea5a33 at 1710063195.1820292
Received request 6025cfd6-c91f-4910-91d0-94bf5cfb7e66 at 1710063195.2838376
Received request b56a0841-7025-4579-a837-52d8ae0271ab at 1710063195.3843791
Received request 51b54c56-37e5-42f7-8271-298f717d15f4 at 1710063195.4847434
Received request 30820e11-572f-41f7-8f31-729bea6d6454 at 1710063195.5851903
Received request f7dcc628-e732-4ddf-b514-4676eef24141 at 1710063195.6854732
Received request c83eb401-cf5e-4da0-a910-a3a18d32d6a3 at 1710063195.785658
Received request 7c37b06a-529b-454d-9337-f900d12d70d9 at 1710063195.8868556
Received request cb1223c0-409c-4065-8d0a-9b3fa89bf59e at 1710063195.987442
Received request 49e8041b-b9d7-4883-ba21-b052c6f4c32f at 1710063196.0877292
Received request 070a8ea9-adc2-4064-8d9e-56c71f2990dd at 1710063196.188981
Received request 030bb3d0-c62f-4250-ae5a-039bf5840ec8 at 1710063196.2893076
Received request 64bd1752-4644-4d3c-a48b-94f1b8ce4e5f at 1710063196.3904455
Received request 79d41206-5b98-4f65-b645-007682e3922a at 1710063196.491688
Received request 4b7ba531-d3d6-46d4-857c-4221b7feb398 at 1710063196.591879
Received request 4c8ad99d-1fb9-4cfd-b9d7-75b260d9c975 at 1710063196.6921642
Received request 542ac0b5-c3de-4747-a751-c6561b972077 at 1710063196.7934039
Received request 24a40003-59a6-43bb-b347-bfe034de182d at 1710063196.8936021
Received request 51df0b9a-1482-4279-92a1-7617947b24ba at 1710063196.994845
Received request b02f4898-08a9-4dea-9802-705beea7ec12 at 1710063197.0953398
Received request 29dcefcd-ab51-47a7-b6d1-d97180a867dd at 1710063197.1956642
Received request a215553b-5df5-4af5-becb-2c1a07c0e015 at 1710063197.296025
Received request 174f3b87-a696-409b-8a69-aaae27dce78d at 1710063197.396378
Received request b5212a02-dae4-475a-ae37-eca381c30640 at 1710063197.4966347
Received request ff96083c-efc0-4b6f-955d-fbf993dc57f4 at 1710063197.5989528
Received request 91ffda07-bfbc-4bed-ae20-a116ec7040bc at 1710063197.69837
Received request 5eed5322-6179-48c9-9ae8-57e6e100c82c at 1710063197.7989428
Received request 3710c19a-38f5-44e8-af7b-f55dbed204eb at 1710063197.8996358
Received request b753ed3a-0544-4110-b78d-78c459b2f16b at 1710063198.0001805
Received request d8046d27-6874-412c-a751-5244dfd76f4c at 1710063198.1009405
Received request 85af66cd-425b-4500-8402-99ea43575073 at 1710063198.2015076
Received request 12c7d068-2394-49fd-aeca-9edf7beaadcf at 1710063198.3019288
Received request 08a85c69-bca6-4cb2-bf98-dec56904e148 at 1710063198.4022071
Received request a12aafb5-7791-40ec-bda5-7fb0aa09ed53 at 1710063198.5033736
Received request 5ebd85fb-815f-4405-a908-66b673995b8c at 1710063198.6037753
Received request 979c6750-76ff-4d1b-9a80-38f7a6937932 at 1710063198.7042649
Received request 856721e0-487a-4818-92ba-115e116defc6 at 1710063198.8047137
Received request 2feb929c-9d84-412c-902e-7236526ed55f at 1710063198.905028
Received request a1d5a8e2-82a1-4088-bc5f-6977a2eb5be1 at 1710063199.0055153
Received request 747119c3-4ef3-4298-9e31-98296d3ceae1 at 1710063199.105756
Received request d4efac3f-29cf-48a5-9127-74e818b28943 at 1710063199.2070558
Received request 43883b6b-eb00-4c2f-aa27-caf796e2e8b8 at 1710063199.3074055
Received request e8b4453c-1af3-4414-8d7b-f6af28c4f849 at 1710063199.4077196
Received request 423fd3c6-1865-42a5-8aef-0bac8d8bb631 at 1710063199.5081959
Received request 101c21df-0103-41c7-9cfa-eb309ac9352d at 1710063199.608658
Received request 7b0f1358-cf96-46ca-b9b2-4c6cd803a0ec at 1710063199.7092688
Received request 6998710c-6d7f-4288-a8ba-e0d546d119dd at 1710063199.809698
Received request 62a4f643-bc08-402f-8ea9-59812a3fb439 at 1710063199.9101508
